ERROR - 2022-04-11 07:12:19 --> Cannot add or update a child row: a foreign key constraint fails (`the_election`.`akun`, CONSTRAINT `akun_ibfk_2` FOREIGN KEY (`level`) REFERENCES `level` (`id_level`))
CRITICAL - 2022-04-11 07:12:19 --> Cannot add or update a child row: a foreign key constraint fails (`the_election`.`akun`, CONSTRAINT `akun_ibfk_2` FOREIGN KEY (`level`) REFERENCES `level` (`id_level`))
#0 C:\xampp\htdocs\the-election\vendor\codeigniter4\framework\system\Database\MySQLi\Connection.php(292): mysqli->query('INSERT INTO `ak...', 0)
#1 C:\xampp\htdocs\the-election\vendor\codeigniter4\framework\system\Database\BaseConnection.php(670): CodeIgniter\Database\MySQLi\Connection->execute('INSERT INTO `ak...')
#2 C:\xampp\htdocs\the-election\vendor\codeigniter4\framework\system\Database\BaseConnection.php(598): CodeIgniter\Database\BaseConnection->simpleQuery('INSERT INTO `ak...')
#3 C:\xampp\htdocs\the-election\vendor\codeigniter4\framework\system\Database\BaseBuilder.php(1771): CodeIgniter\Database\BaseConnection->query('INSERT INTO `ak...', Array, false)
#4 C:\xampp\htdocs\the-election\vendor\codeigniter4\framework\system\Model.php(239): CodeIgniter\Database\BaseBuilder->insert()
#5 C:\xampp\htdocs\the-election\vendor\codeigniter4\framework\system\BaseModel.php(738): CodeIgniter\Model->doInsert(Array)
#6 C:\xampp\htdocs\the-election\vendor\codeigniter4\framework\system\Model.php(625): CodeIgniter\BaseModel->insert(Array, true)
#7 C:\xampp\htdocs\the-election\app\Controllers\DataPemilihController.php(124): CodeIgniter\Model->insert(Array)
#8 C:\xampp\htdocs\the-election\vendor\codeigniter4\framework\system\CodeIgniter.php(832): App\Controllers\DataPemilihController->tambahakun()
#9 C:\xampp\htdocs\the-election\vendor\codeigniter4\framework\system\CodeIgniter.php(419): CodeIgniter\CodeIgniter->runController(Object(App\Controllers\DataPemilihController))
#10 C:\xampp\htdocs\the-election\vendor\codeigniter4\framework\system\CodeIgniter.php(326): CodeIgniter\CodeIgniter->handleRequest(NULL, Object(Config\Cache), false)
#11 C:\xampp\htdocs\the-election\public\index.php(37): CodeIgniter\CodeIgniter->run()
#12 C:\xampp\htdocs\the-election\vendor\codeigniter4\framework\system\Commands\Server\rewrite.php(43): require_once('C:\\xampp\\htdocs...')
#13 {main}
ERROR - 2022-04-11 07:15:34 --> Cannot add or update a child row: a foreign key constraint fails (`the_election`.`akun`, CONSTRAINT `akun_ibfk_2` FOREIGN KEY (`level`) REFERENCES `level` (`id_level`))
CRITICAL - 2022-04-11 07:15:34 --> Cannot add or update a child row: a foreign key constraint fails (`the_election`.`akun`, CONSTRAINT `akun_ibfk_2` FOREIGN KEY (`level`) REFERENCES `level` (`id_level`))
#0 C:\xampp\htdocs\the-election\vendor\codeigniter4\framework\system\Database\MySQLi\Connection.php(292): mysqli->query('INSERT INTO `ak...', 0)
#1 C:\xampp\htdocs\the-election\vendor\codeigniter4\framework\system\Database\BaseConnection.php(670): CodeIgniter\Database\MySQLi\Connection->execute('INSERT INTO `ak...')
#2 C:\xampp\htdocs\the-election\vendor\codeigniter4\framework\system\Database\BaseConnection.php(598): CodeIgniter\Database\BaseConnection->simpleQuery('INSERT INTO `ak...')
#3 C:\xampp\htdocs\the-election\vendor\codeigniter4\framework\system\Database\BaseBuilder.php(1771): CodeIgniter\Database\BaseConnection->query('INSERT INTO `ak...', Array, false)
#4 C:\xampp\htdocs\the-election\vendor\codeigniter4\framework\system\Model.php(239): CodeIgniter\Database\BaseBuilder->insert()
#5 C:\xampp\htdocs\the-election\vendor\codeigniter4\framework\system\BaseModel.php(738): CodeIgniter\Model->doInsert(Array)
#6 C:\xampp\htdocs\the-election\vendor\codeigniter4\framework\system\Model.php(625): CodeIgniter\BaseModel->insert(Array, true)
#7 C:\xampp\htdocs\the-election\app\Controllers\DataPemilihController.php(124): CodeIgniter\Model->insert(Array)
#8 C:\xampp\htdocs\the-election\vendor\codeigniter4\framework\system\CodeIgniter.php(832): App\Controllers\DataPemilihController->tambahakun()
#9 C:\xampp\htdocs\the-election\vendor\codeigniter4\framework\system\CodeIgniter.php(419): CodeIgniter\CodeIgniter->runController(Object(App\Controllers\DataPemilihController))
#10 C:\xampp\htdocs\the-election\vendor\codeigniter4\framework\system\CodeIgniter.php(326): CodeIgniter\CodeIgniter->handleRequest(NULL, Object(Config\Cache), false)
#11 C:\xampp\htdocs\the-election\public\index.php(37): CodeIgniter\CodeIgniter->run()
#12 C:\xampp\htdocs\the-election\vendor\codeigniter4\framework\system\Commands\Server\rewrite.php(43): require_once('C:\\xampp\\htdocs...')
#13 {main}
ERROR - 2022-04-11 07:20:39 --> Cannot add or update a child row: a foreign key constraint fails (`the_election`.`akun`, CONSTRAINT `akun_ibfk_2` FOREIGN KEY (`level`) REFERENCES `level` (`id_level`))
CRITICAL - 2022-04-11 07:20:39 --> Cannot add or update a child row: a foreign key constraint fails (`the_election`.`akun`, CONSTRAINT `akun_ibfk_2` FOREIGN KEY (`level`) REFERENCES `level` (`id_level`))
#0 C:\xampp\htdocs\the-election\vendor\codeigniter4\framework\system\Database\MySQLi\Connection.php(292): mysqli->query('INSERT INTO `ak...', 0)
#1 C:\xampp\htdocs\the-election\vendor\codeigniter4\framework\system\Database\BaseConnection.php(670): CodeIgniter\Database\MySQLi\Connection->execute('INSERT INTO `ak...')
#2 C:\xampp\htdocs\the-election\vendor\codeigniter4\framework\system\Database\BaseConnection.php(598): CodeIgniter\Database\BaseConnection->simpleQuery('INSERT INTO `ak...')
#3 C:\xampp\htdocs\the-election\vendor\codeigniter4\framework\system\Database\BaseBuilder.php(1771): CodeIgniter\Database\BaseConnection->query('INSERT INTO `ak...', Array, false)
#4 C:\xampp\htdocs\the-election\vendor\codeigniter4\framework\system\Model.php(239): CodeIgniter\Database\BaseBuilder->insert()
#5 C:\xampp\htdocs\the-election\vendor\codeigniter4\framework\system\BaseModel.php(738): CodeIgniter\Model->doInsert(Array)
#6 C:\xampp\htdocs\the-election\vendor\codeigniter4\framework\system\Model.php(625): CodeIgniter\BaseModel->insert(Array, true)
#7 C:\xampp\htdocs\the-election\app\Controllers\DataPemilihController.php(126): CodeIgniter\Model->insert(Array)
#8 C:\xampp\htdocs\the-election\vendor\codeigniter4\framework\system\CodeIgniter.php(832): App\Controllers\DataPemilihController->tambahakun()
#9 C:\xampp\htdocs\the-election\vendor\codeigniter4\framework\system\CodeIgniter.php(419): CodeIgniter\CodeIgniter->runController(Object(App\Controllers\DataPemilihController))
#10 C:\xampp\htdocs\the-election\vendor\codeigniter4\framework\system\CodeIgniter.php(326): CodeIgniter\CodeIgniter->handleRequest(NULL, Object(Config\Cache), false)
#11 C:\xampp\htdocs\the-election\public\index.php(37): CodeIgniter\CodeIgniter->run()
#12 C:\xampp\htdocs\the-election\vendor\codeigniter4\framework\system\Commands\Server\rewrite.php(43): require_once('C:\\xampp\\htdocs...')
#13 {main}
CRITICAL - 2022-04-11 07:35:45 --> Trying to access array offset on value of type null
#0 C:\xampp\htdocs\the-election\app\Views\admin\edit-pemilih.php(61): CodeIgniter\Debug\Exceptions->errorHandler(2, 'Trying to acces...', 'C:\\xampp\\htdocs...', 61)
#1 C:\xampp\htdocs\the-election\vendor\codeigniter4\framework\system\View\View.php(210): include('C:\\xampp\\htdocs...')
#2 C:\xampp\htdocs\the-election\vendor\codeigniter4\framework\system\View\View.php(213): CodeIgniter\View\View->CodeIgniter\View\{closure}()
#3 C:\xampp\htdocs\the-election\vendor\codeigniter4\framework\system\Common.php(1089): CodeIgniter\View\View->render('admin/edit-pemi...', Array, true)
#4 C:\xampp\htdocs\the-election\app\Controllers\DataPemilihController.php(88): view('admin/edit-pemi...', Array)
#5 C:\xampp\htdocs\the-election\vendor\codeigniter4\framework\system\CodeIgniter.php(832): App\Controllers\DataPemilihController->edit('7')
#6 C:\xampp\htdocs\the-election\vendor\codeigniter4\framework\system\CodeIgniter.php(419): CodeIgniter\CodeIgniter->runController(Object(App\Controllers\DataPemilihController))
#7 C:\xampp\htdocs\the-election\vendor\codeigniter4\framework\system\CodeIgniter.php(326): CodeIgniter\CodeIgniter->handleRequest(NULL, Object(Config\Cache), false)
#8 C:\xampp\htdocs\the-election\public\index.php(37): CodeIgniter\CodeIgniter->run()
#9 C:\xampp\htdocs\the-election\vendor\codeigniter4\framework\system\Commands\Server\rewrite.php(43): require_once('C:\\xampp\\htdocs...')
#10 {main}
ERROR - 2022-04-11 07:54:41 --> Column 'level' cannot be null
CRITICAL - 2022-04-11 07:54:41 --> Column 'level' cannot be null
#0 C:\xampp\htdocs\the-election\vendor\codeigniter4\framework\system\Database\MySQLi\Connection.php(292): mysqli->query('INSERT INTO `ak...', 0)
#1 C:\xampp\htdocs\the-election\vendor\codeigniter4\framework\system\Database\BaseConnection.php(670): CodeIgniter\Database\MySQLi\Connection->execute('INSERT INTO `ak...')
#2 C:\xampp\htdocs\the-election\vendor\codeigniter4\framework\system\Database\BaseConnection.php(598): CodeIgniter\Database\BaseConnection->simpleQuery('INSERT INTO `ak...')
#3 C:\xampp\htdocs\the-election\vendor\codeigniter4\framework\system\Database\BaseBuilder.php(1771): CodeIgniter\Database\BaseConnection->query('INSERT INTO `ak...', Array, false)
#4 C:\xampp\htdocs\the-election\vendor\codeigniter4\framework\system\Model.php(239): CodeIgniter\Database\BaseBuilder->insert()
#5 C:\xampp\htdocs\the-election\vendor\codeigniter4\framework\system\BaseModel.php(738): CodeIgniter\Model->doInsert(Array)
#6 C:\xampp\htdocs\the-election\vendor\codeigniter4\framework\system\Model.php(625): CodeIgniter\BaseModel->insert(Array, false)
#7 C:\xampp\htdocs\the-election\vendor\codeigniter4\framework\system\BaseModel.php(658): CodeIgniter\Model->insert(Array, false)
#8 C:\xampp\htdocs\the-election\app\Controllers\DataPemilihController.php(99): CodeIgniter\BaseModel->save(Array)
#9 C:\xampp\htdocs\the-election\vendor\codeigniter4\framework\system\CodeIgniter.php(832): App\Controllers\DataPemilihController->updateakun()
#10 C:\xampp\htdocs\the-election\vendor\codeigniter4\framework\system\CodeIgniter.php(419): CodeIgniter\CodeIgniter->runController(Object(App\Controllers\DataPemilihController))
#11 C:\xampp\htdocs\the-election\vendor\codeigniter4\framework\system\CodeIgniter.php(326): CodeIgniter\CodeIgniter->handleRequest(NULL, Object(Config\Cache), false)
#12 C:\xampp\htdocs\the-election\public\index.php(37): CodeIgniter\CodeIgniter->run()
#13 C:\xampp\htdocs\the-election\vendor\codeigniter4\framework\system\Commands\Server\rewrite.php(43): require_once('C:\\xampp\\htdocs...')
#14 {main}
CRITICAL - 2022-04-11 08:07:27 --> There is no data to update.
#0 C:\xampp\htdocs\the-election\vendor\codeigniter4\framework\system\BaseModel.php(1574): CodeIgniter\Database\Exceptions\DataException::forEmptyDataset('update')
#1 C:\xampp\htdocs\the-election\vendor\codeigniter4\framework\system\BaseModel.php(832): CodeIgniter\BaseModel->transformDataToArray(NULL, 'update')
#2 C:\xampp\htdocs\the-election\vendor\codeigniter4\framework\system\Model.php(651): CodeIgniter\BaseModel->update(Array, NULL)
#3 C:\xampp\htdocs\the-election\app\Controllers\DataPemilihController.php(101): CodeIgniter\Model->update(Array)
#4 C:\xampp\htdocs\the-election\vendor\codeigniter4\framework\system\CodeIgniter.php(832): App\Controllers\DataPemilihController->updateakun()
#5 C:\xampp\htdocs\the-election\vendor\codeigniter4\framework\system\CodeIgniter.php(419): CodeIgniter\CodeIgniter->runController(Object(App\Controllers\DataPemilihController))
#6 C:\xampp\htdocs\the-election\vendor\codeigniter4\framework\system\CodeIgniter.php(326): CodeIgniter\CodeIgniter->handleRequest(NULL, Object(Config\Cache), false)
#7 C:\xampp\htdocs\the-election\public\index.php(37): CodeIgniter\CodeIgniter->run()
#8 C:\xampp\htdocs\the-election\vendor\codeigniter4\framework\system\Commands\Server\rewrite.php(43): require_once('C:\\xampp\\htdocs...')
#9 {main}
ERROR - 2022-04-11 08:08:03 --> Cannot add or update a child row: a foreign key constraint fails (`the_election`.`akun`, CONSTRAINT `akun_ibfk_1` FOREIGN KEY (`nis`) REFERENCES `siswa` (`nis`))
CRITICAL - 2022-04-11 08:08:03 --> Cannot add or update a child row: a foreign key constraint fails (`the_election`.`akun`, CONSTRAINT `akun_ibfk_1` FOREIGN KEY (`nis`) REFERENCES `siswa` (`nis`))
#0 C:\xampp\htdocs\the-election\vendor\codeigniter4\framework\system\Database\MySQLi\Connection.php(292): mysqli->query('INSERT INTO `ak...', 0)
#1 C:\xampp\htdocs\the-election\vendor\codeigniter4\framework\system\Database\BaseConnection.php(670): CodeIgniter\Database\MySQLi\Connection->execute('INSERT INTO `ak...')
#2 C:\xampp\htdocs\the-election\vendor\codeigniter4\framework\system\Database\BaseConnection.php(598): CodeIgniter\Database\BaseConnection->simpleQuery('INSERT INTO `ak...')
#3 C:\xampp\htdocs\the-election\vendor\codeigniter4\framework\system\Database\BaseBuilder.php(1771): CodeIgniter\Database\BaseConnection->query('INSERT INTO `ak...', Array, false)
#4 C:\xampp\htdocs\the-election\vendor\codeigniter4\framework\system\Model.php(239): CodeIgniter\Database\BaseBuilder->insert()
#5 C:\xampp\htdocs\the-election\vendor\codeigniter4\framework\system\BaseModel.php(738): CodeIgniter\Model->doInsert(Array)
#6 C:\xampp\htdocs\the-election\vendor\codeigniter4\framework\system\Model.php(625): CodeIgniter\BaseModel->insert(Array, false)
#7 C:\xampp\htdocs\the-election\vendor\codeigniter4\framework\system\BaseModel.php(658): CodeIgniter\Model->insert(Array, false)
#8 C:\xampp\htdocs\the-election\app\Controllers\DataPemilihController.php(101): CodeIgniter\BaseModel->save(Array)
#9 C:\xampp\htdocs\the-election\vendor\codeigniter4\framework\system\CodeIgniter.php(832): App\Controllers\DataPemilihController->updateakun()
#10 C:\xampp\htdocs\the-election\vendor\codeigniter4\framework\system\CodeIgniter.php(419): CodeIgniter\CodeIgniter->runController(Object(App\Controllers\DataPemilihController))
#11 C:\xampp\htdocs\the-election\vendor\codeigniter4\framework\system\CodeIgniter.php(326): CodeIgniter\CodeIgniter->handleRequest(NULL, Object(Config\Cache), false)
#12 C:\xampp\htdocs\the-election\public\index.php(37): CodeIgniter\CodeIgniter->run()
#13 C:\xampp\htdocs\the-election\vendor\codeigniter4\framework\system\Commands\Server\rewrite.php(43): require_once('C:\\xampp\\htdocs...')
#14 {main}
CRITICAL - 2022-04-11 08:10:12 --> There is no data to update.
#0 C:\xampp\htdocs\the-election\vendor\codeigniter4\framework\system\BaseModel.php(1574): CodeIgniter\Database\Exceptions\DataException::forEmptyDataset('update')
#1 C:\xampp\htdocs\the-election\vendor\codeigniter4\framework\system\BaseModel.php(832): CodeIgniter\BaseModel->transformDataToArray(NULL, 'update')
#2 C:\xampp\htdocs\the-election\vendor\codeigniter4\framework\system\Model.php(651): CodeIgniter\BaseModel->update(Array, NULL)
#3 C:\xampp\htdocs\the-election\app\Controllers\DataPemilihController.php(101): CodeIgniter\Model->update(Array)
#4 C:\xampp\htdocs\the-election\vendor\codeigniter4\framework\system\CodeIgniter.php(832): App\Controllers\DataPemilihController->updateakun()
#5 C:\xampp\htdocs\the-election\vendor\codeigniter4\framework\system\CodeIgniter.php(419): CodeIgniter\CodeIgniter->runController(Object(App\Controllers\DataPemilihController))
#6 C:\xampp\htdocs\the-election\vendor\codeigniter4\framework\system\CodeIgniter.php(326): CodeIgniter\CodeIgniter->handleRequest(NULL, Object(Config\Cache), false)
#7 C:\xampp\htdocs\the-election\public\index.php(37): CodeIgniter\CodeIgniter->run()
#8 C:\xampp\htdocs\the-election\vendor\codeigniter4\framework\system\Commands\Server\rewrite.php(43): require_once('C:\\xampp\\htdocs...')
#9 {main}
CRITICAL - 2022-04-11 08:21:57 --> Trying to access array offset on value of type null
#0 C:\xampp\htdocs\the-election\app\Views\admin\detail-paslon.php(27): CodeIgniter\Debug\Exceptions->errorHandler(2, 'Trying to acces...', 'C:\\xampp\\htdocs...', 27)
#1 C:\xampp\htdocs\the-election\vendor\codeigniter4\framework\system\View\View.php(210): include('C:\\xampp\\htdocs...')
#2 C:\xampp\htdocs\the-election\vendor\codeigniter4\framework\system\View\View.php(213): CodeIgniter\View\View->CodeIgniter\View\{closure}()
#3 C:\xampp\htdocs\the-election\vendor\codeigniter4\framework\system\Common.php(1089): CodeIgniter\View\View->render('admin/detail-pa...', Array, true)
#4 C:\xampp\htdocs\the-election\app\Controllers\DataPaslonController.php(34): view('admin/detail-pa...', Array)
#5 C:\xampp\htdocs\the-election\vendor\codeigniter4\framework\system\CodeIgniter.php(832): App\Controllers\DataPaslonController->detail('css', 'admin', 'style.css')
#6 C:\xampp\htdocs\the-election\vendor\codeigniter4\framework\system\CodeIgniter.php(419): CodeIgniter\CodeIgniter->runController(Object(App\Controllers\DataPaslonController))
#7 C:\xampp\htdocs\the-election\vendor\codeigniter4\framework\system\CodeIgniter.php(326): CodeIgniter\CodeIgniter->handleRequest(NULL, Object(Config\Cache), false)
#8 C:\xampp\htdocs\the-election\public\index.php(37): CodeIgniter\CodeIgniter->run()
#9 C:\xampp\htdocs\the-election\vendor\codeigniter4\framework\system\Commands\Server\rewrite.php(43): require_once('C:\\xampp\\htdocs...')
#10 {main}
CRITICAL - 2022-04-11 09:45:02 --> Undefined variable $generatePassword
#0 C:\xampp\htdocs\the-election\app\Views\admin\data-siswa.php(29): CodeIgniter\Debug\Exceptions->errorHandler(2, 'Undefined varia...', 'C:\\xampp\\htdocs...', 29)
#1 C:\xampp\htdocs\the-election\vendor\codeigniter4\framework\system\View\View.php(210): include('C:\\xampp\\htdocs...')
#2 C:\xampp\htdocs\the-election\vendor\codeigniter4\framework\system\View\View.php(213): CodeIgniter\View\View->CodeIgniter\View\{closure}()
#3 C:\xampp\htdocs\the-election\vendor\codeigniter4\framework\system\Common.php(1089): CodeIgniter\View\View->render('admin/data-sisw...', Array, true)
#4 C:\xampp\htdocs\the-election\app\Controllers\SiswaController.php(23): view('admin/data-sisw...', Array)
#5 C:\xampp\htdocs\the-election\vendor\codeigniter4\framework\system\CodeIgniter.php(832): App\Controllers\SiswaController->index()
#6 C:\xampp\htdocs\the-election\vendor\codeigniter4\framework\system\CodeIgniter.php(419): CodeIgniter\CodeIgniter->runController(Object(App\Controllers\SiswaController))
#7 C:\xampp\htdocs\the-election\vendor\codeigniter4\framework\system\CodeIgniter.php(326): CodeIgniter\CodeIgniter->handleRequest(NULL, Object(Config\Cache), false)
#8 C:\xampp\htdocs\the-election\public\index.php(37): CodeIgniter\CodeIgniter->run()
#9 C:\xampp\htdocs\the-election\vendor\codeigniter4\framework\system\Commands\Server\rewrite.php(43): require_once('C:\\xampp\\htdocs...')
#10 {main}
CRITICAL - 2022-04-11 09:45:57 --> Undefined variable $currentPage
#0 C:\xampp\htdocs\the-election\app\Views\admin\data-siswa.php(23): CodeIgniter\Debug\Exceptions->errorHandler(2, 'Undefined varia...', 'C:\\xampp\\htdocs...', 23)
#1 C:\xampp\htdocs\the-election\vendor\codeigniter4\framework\system\View\View.php(210): include('C:\\xampp\\htdocs...')
#2 C:\xampp\htdocs\the-election\vendor\codeigniter4\framework\system\View\View.php(213): CodeIgniter\View\View->CodeIgniter\View\{closure}()
#3 C:\xampp\htdocs\the-election\vendor\codeigniter4\framework\system\Common.php(1089): CodeIgniter\View\View->render('admin/data-sisw...', Array, true)
#4 C:\xampp\htdocs\the-election\app\Controllers\SiswaController.php(23): view('admin/data-sisw...', Array)
#5 C:\xampp\htdocs\the-election\vendor\codeigniter4\framework\system\CodeIgniter.php(832): App\Controllers\SiswaController->index()
#6 C:\xampp\htdocs\the-election\vendor\codeigniter4\framework\system\CodeIgniter.php(419): CodeIgniter\CodeIgniter->runController(Object(App\Controllers\SiswaController))
#7 C:\xampp\htdocs\the-election\vendor\codeigniter4\framework\system\CodeIgniter.php(326): CodeIgniter\CodeIgniter->handleRequest(NULL, Object(Config\Cache), false)
#8 C:\xampp\htdocs\the-election\public\index.php(37): CodeIgniter\CodeIgniter->run()
#9 C:\xampp\htdocs\the-election\vendor\codeigniter4\framework\system\Commands\Server\rewrite.php(43): require_once('C:\\xampp\\htdocs...')
#10 {main}
CRITICAL - 2022-04-11 09:47:21 --> Undefined property: App\Controllers\SiswaController::$ViewAkunModel
#0 C:\xampp\htdocs\the-election\app\Controllers\SiswaController.php(23): CodeIgniter\Debug\Exceptions->errorHandler(2, 'Undefined prope...', 'C:\\xampp\\htdocs...', 23)
#1 C:\xampp\htdocs\the-election\vendor\codeigniter4\framework\system\CodeIgniter.php(832): App\Controllers\SiswaController->index()
#2 C:\xampp\htdocs\the-election\vendor\codeigniter4\framework\system\CodeIgniter.php(419): CodeIgniter\CodeIgniter->runController(Object(App\Controllers\SiswaController))
#3 C:\xampp\htdocs\the-election\vendor\codeigniter4\framework\system\CodeIgniter.php(326): CodeIgniter\CodeIgniter->handleRequest(NULL, Object(Config\Cache), false)
#4 C:\xampp\htdocs\the-election\public\index.php(37): CodeIgniter\CodeIgniter->run()
#5 C:\xampp\htdocs\the-election\vendor\codeigniter4\framework\system\Commands\Server\rewrite.php(43): require_once('C:\\xampp\\htdocs...')
#6 {main}
CRITICAL - 2022-04-11 09:47:44 --> Undefined property: App\Controllers\SiswaController::$ViewAkunModel
#0 C:\xampp\htdocs\the-election\app\Controllers\SiswaController.php(23): CodeIgniter\Debug\Exceptions->errorHandler(2, 'Undefined prope...', 'C:\\xampp\\htdocs...', 23)
#1 C:\xampp\htdocs\the-election\vendor\codeigniter4\framework\system\CodeIgniter.php(832): App\Controllers\SiswaController->index()
#2 C:\xampp\htdocs\the-election\vendor\codeigniter4\framework\system\CodeIgniter.php(419): CodeIgniter\CodeIgniter->runController(Object(App\Controllers\SiswaController))
#3 C:\xampp\htdocs\the-election\vendor\codeigniter4\framework\system\CodeIgniter.php(326): CodeIgniter\CodeIgniter->handleRequest(NULL, Object(Config\Cache), false)
#4 C:\xampp\htdocs\the-election\public\index.php(37): CodeIgniter\CodeIgniter->run()
#5 C:\xampp\htdocs\the-election\vendor\codeigniter4\framework\system\Commands\Server\rewrite.php(43): require_once('C:\\xampp\\htdocs...')
#6 {main}
CRITICAL - 2022-04-11 09:47:52 --> Undefined variable $acc
#0 C:\xampp\htdocs\the-election\app\Views\admin\data-siswa.php(49): CodeIgniter\Debug\Exceptions->errorHandler(2, 'Undefined varia...', 'C:\\xampp\\htdocs...', 49)
#1 C:\xampp\htdocs\the-election\vendor\codeigniter4\framework\system\View\View.php(210): include('C:\\xampp\\htdocs...')
#2 C:\xampp\htdocs\the-election\vendor\codeigniter4\framework\system\View\View.php(213): CodeIgniter\View\View->CodeIgniter\View\{closure}()
#3 C:\xampp\htdocs\the-election\vendor\codeigniter4\framework\system\Common.php(1089): CodeIgniter\View\View->render('admin/data-sisw...', Array, true)
#4 C:\xampp\htdocs\the-election\app\Controllers\SiswaController.php(27): view('admin/data-sisw...', Array)
#5 C:\xampp\htdocs\the-election\vendor\codeigniter4\framework\system\CodeIgniter.php(832): App\Controllers\SiswaController->index()
#6 C:\xampp\htdocs\the-election\vendor\codeigniter4\framework\system\CodeIgniter.php(419): CodeIgniter\CodeIgniter->runController(Object(App\Controllers\SiswaController))
#7 C:\xampp\htdocs\the-election\vendor\codeigniter4\framework\system\CodeIgniter.php(326): CodeIgniter\CodeIgniter->handleRequest(NULL, Object(Config\Cache), false)
#8 C:\xampp\htdocs\the-election\public\index.php(37): CodeIgniter\CodeIgniter->run()
#9 C:\xampp\htdocs\the-election\vendor\codeigniter4\framework\system\Commands\Server\rewrite.php(43): require_once('C:\\xampp\\htdocs...')
#10 {main}
CRITICAL - 2022-04-11 09:54:14 --> Trying to access array offset on value of type null
#0 C:\xampp\htdocs\the-election\app\Views\admin\edit-akun.php(58): CodeIgniter\Debug\Exceptions->errorHandler(2, 'Trying to acces...', 'C:\\xampp\\htdocs...', 58)
#1 C:\xampp\htdocs\the-election\vendor\codeigniter4\framework\system\View\View.php(210): include('C:\\xampp\\htdocs...')
#2 C:\xampp\htdocs\the-election\vendor\codeigniter4\framework\system\View\View.php(213): CodeIgniter\View\View->CodeIgniter\View\{closure}()
#3 C:\xampp\htdocs\the-election\vendor\codeigniter4\framework\system\Common.php(1089): CodeIgniter\View\View->render('admin/edit-akun', Array, true)
#4 C:\xampp\htdocs\the-election\app\Controllers\DataPemilihController.php(88): view('admin/edit-akun', Array)
#5 C:\xampp\htdocs\the-election\vendor\codeigniter4\framework\system\CodeIgniter.php(832): App\Controllers\DataPemilihController->edit('192010389')
#6 C:\xampp\htdocs\the-election\vendor\codeigniter4\framework\system\CodeIgniter.php(419): CodeIgniter\CodeIgniter->runController(Object(App\Controllers\DataPemilihController))
#7 C:\xampp\htdocs\the-election\vendor\codeigniter4\framework\system\CodeIgniter.php(326): CodeIgniter\CodeIgniter->handleRequest(NULL, Object(Config\Cache), false)
#8 C:\xampp\htdocs\the-election\public\index.php(37): CodeIgniter\CodeIgniter->run()
#9 C:\xampp\htdocs\the-election\vendor\codeigniter4\framework\system\Commands\Server\rewrite.php(43): require_once('C:\\xampp\\htdocs...')
#10 {main}
CRITICAL - 2022-04-11 10:03:24 --> Undefined variable $akun
#0 C:\xampp\htdocs\the-election\app\Views\admin\edit-siswa.php(58): CodeIgniter\Debug\Exceptions->errorHandler(2, 'Undefined varia...', 'C:\\xampp\\htdocs...', 58)
#1 C:\xampp\htdocs\the-election\vendor\codeigniter4\framework\system\View\View.php(210): include('C:\\xampp\\htdocs...')
#2 C:\xampp\htdocs\the-election\vendor\codeigniter4\framework\system\View\View.php(213): CodeIgniter\View\View->CodeIgniter\View\{closure}()
#3 C:\xampp\htdocs\the-election\vendor\codeigniter4\framework\system\Common.php(1089): CodeIgniter\View\View->render('admin/edit-sisw...', Array, true)
#4 C:\xampp\htdocs\the-election\app\Controllers\SiswaController.php(38): view('admin/edit-sisw...', Array)
#5 C:\xampp\htdocs\the-election\vendor\codeigniter4\framework\system\CodeIgniter.php(832): App\Controllers\SiswaController->edit('192010401')
#6 C:\xampp\htdocs\the-election\vendor\codeigniter4\framework\system\CodeIgniter.php(419): CodeIgniter\CodeIgniter->runController(Object(App\Controllers\SiswaController))
#7 C:\xampp\htdocs\the-election\vendor\codeigniter4\framework\system\CodeIgniter.php(326): CodeIgniter\CodeIgniter->handleRequest(NULL, Object(Config\Cache), false)
#8 C:\xampp\htdocs\the-election\public\index.php(37): CodeIgniter\CodeIgniter->run()
#9 C:\xampp\htdocs\the-election\vendor\codeigniter4\framework\system\Commands\Server\rewrite.php(43): require_once('C:\\xampp\\htdocs...')
#10 {main}
CRITICAL - 2022-04-11 18:57:24 --> Trying to access array offset on value of type null
#0 C:\laragon\www\the-election\app\Views\admin\detail-paslon.php(27): CodeIgniter\Debug\Exceptions->errorHandler(2, 'Trying to acces...', 'C:\\laragon\\www\\...', 27)
#1 C:\laragon\www\the-election\vendor\codeigniter4\framework\system\View\View.php(210): include('C:\\laragon\\www\\...')
#2 C:\laragon\www\the-election\vendor\codeigniter4\framework\system\View\View.php(213): CodeIgniter\View\View->CodeIgniter\View\{closure}()
#3 C:\laragon\www\the-election\vendor\codeigniter4\framework\system\Common.php(1089): CodeIgniter\View\View->render('admin/detail-pa...', Array, true)
#4 C:\laragon\www\the-election\app\Controllers\DataPaslonController.php(34): view('admin/detail-pa...', Array)
#5 C:\laragon\www\the-election\vendor\codeigniter4\framework\system\CodeIgniter.php(832): App\Controllers\DataPaslonController->detail('css', 'admin', 'style.css')
#6 C:\laragon\www\the-election\vendor\codeigniter4\framework\system\CodeIgniter.php(419): CodeIgniter\CodeIgniter->runController(Object(App\Controllers\DataPaslonController))
#7 C:\laragon\www\the-election\vendor\codeigniter4\framework\system\CodeIgniter.php(326): CodeIgniter\CodeIgniter->handleRequest(NULL, Object(Config\Cache), false)
#8 C:\laragon\www\the-election\public\index.php(37): CodeIgniter\CodeIgniter->run()
#9 C:\laragon\www\the-election\vendor\codeigniter4\framework\system\Commands\Server\rewrite.php(43): require_once('C:\\laragon\\www\\...')
#10 {main}
CRITICAL - 2022-04-11 19:03:48 --> Undefined variable $_SESSION
#0 C:\laragon\www\the-election\app\Views\pemilihan\token.php(44): CodeIgniter\Debug\Exceptions->errorHandler(2, 'Undefined varia...', 'C:\\laragon\\www\\...', 44)
#1 C:\laragon\www\the-election\vendor\codeigniter4\framework\system\View\View.php(210): include('C:\\laragon\\www\\...')
#2 C:\laragon\www\the-election\vendor\codeigniter4\framework\system\View\View.php(213): CodeIgniter\View\View->CodeIgniter\View\{closure}()
#3 C:\laragon\www\the-election\vendor\codeigniter4\framework\system\Common.php(1089): CodeIgniter\View\View->render('pemilihan/token', Array, true)
#4 C:\laragon\www\the-election\app\Controllers\PemilihanController.php(43): view('pemilihan/token', Array)
#5 C:\laragon\www\the-election\vendor\codeigniter4\framework\system\CodeIgniter.php(832): App\Controllers\PemilihanController->token()
#6 C:\laragon\www\the-election\vendor\codeigniter4\framework\system\CodeIgniter.php(419): CodeIgniter\CodeIgniter->runController(Object(App\Controllers\PemilihanController))
#7 C:\laragon\www\the-election\vendor\codeigniter4\framework\system\CodeIgniter.php(326): CodeIgniter\CodeIgniter->handleRequest(NULL, Object(Config\Cache), false)
#8 C:\laragon\www\the-election\public\index.php(37): CodeIgniter\CodeIgniter->run()
#9 C:\laragon\www\the-election\vendor\codeigniter4\framework\system\Commands\Server\rewrite.php(43): require_once('C:\\laragon\\www\\...')
#10 {main}
CRITICAL - 2022-04-11 19:08:30 --> Undefined variable $_SESSION
#0 C:\laragon\www\the-election\app\Views\pemilihan\token.php(44): CodeIgniter\Debug\Exceptions->errorHandler(2, 'Undefined varia...', 'C:\\laragon\\www\\...', 44)
#1 C:\laragon\www\the-election\vendor\codeigniter4\framework\system\View\View.php(210): include('C:\\laragon\\www\\...')
#2 C:\laragon\www\the-election\vendor\codeigniter4\framework\system\View\View.php(213): CodeIgniter\View\View->CodeIgniter\View\{closure}()
#3 C:\laragon\www\the-election\vendor\codeigniter4\framework\system\Common.php(1089): CodeIgniter\View\View->render('pemilihan/token', Array, true)
#4 C:\laragon\www\the-election\app\Controllers\PemilihanController.php(43): view('pemilihan/token', Array)
#5 C:\laragon\www\the-election\vendor\codeigniter4\framework\system\CodeIgniter.php(832): App\Controllers\PemilihanController->token()
#6 C:\laragon\www\the-election\vendor\codeigniter4\framework\system\CodeIgniter.php(419): CodeIgniter\CodeIgniter->runController(Object(App\Controllers\PemilihanController))
#7 C:\laragon\www\the-election\vendor\codeigniter4\framework\system\CodeIgniter.php(326): CodeIgniter\CodeIgniter->handleRequest(NULL, Object(Config\Cache), false)
#8 C:\laragon\www\the-election\public\index.php(37): CodeIgniter\CodeIgniter->run()
#9 C:\laragon\www\the-election\vendor\codeigniter4\framework\system\Commands\Server\rewrite.php(43): require_once('C:\\laragon\\www\\...')
#10 {main}
CRITICAL - 2022-04-11 20:15:24 --> Cannot declare class App\Controllers\DataPaslonController, because the name is already in use
#0 [internal function]: CodeIgniter\Debug\Exceptions->shutdownHandler()
#1 {main}
CRITICAL - 2022-04-11 20:23:36 --> Cannot declare class App\Controllers\PemilihanController, because the name is already in use
#0 [internal function]: CodeIgniter\Debug\Exceptions->shutdownHandler()
#1 {main}
CRITICAL - 2022-04-11 20:36:21 --> Undefined array key "tahun_pemilihan"
#0 C:\laragon\www\the-election\app\Views\pemilihan\countdown.php(14): CodeIgniter\Debug\Exceptions->errorHandler(2, 'Undefined array...', 'C:\\laragon\\www\\...', 14)
#1 C:\laragon\www\the-election\vendor\codeigniter4\framework\system\View\View.php(210): include('C:\\laragon\\www\\...')
#2 C:\laragon\www\the-election\vendor\codeigniter4\framework\system\View\View.php(213): CodeIgniter\View\View->CodeIgniter\View\{closure}()
#3 C:\laragon\www\the-election\vendor\codeigniter4\framework\system\Common.php(1089): CodeIgniter\View\View->render('pemilihan/count...', Array, true)
#4 C:\laragon\www\the-election\app\Controllers\Pemilih\PemilihanController.php(62): view('pemilihan/count...', Array)
#5 C:\laragon\www\the-election\vendor\codeigniter4\framework\system\CodeIgniter.php(832): App\Controllers\Pemilih\PemilihanController->countdown()
#6 C:\laragon\www\the-election\vendor\codeigniter4\framework\system\CodeIgniter.php(419): CodeIgniter\CodeIgniter->runController(Object(App\Controllers\Pemilih\PemilihanController))
#7 C:\laragon\www\the-election\vendor\codeigniter4\framework\system\CodeIgniter.php(326): CodeIgniter\CodeIgniter->handleRequest(NULL, Object(Config\Cache), false)
#8 C:\laragon\www\the-election\public\index.php(37): CodeIgniter\CodeIgniter->run()
#9 C:\laragon\www\the-election\vendor\codeigniter4\framework\system\Commands\Server\rewrite.php(43): require_once('C:\\laragon\\www\\...')
#10 {main}
CRITICAL - 2022-04-11 20:39:12 --> Undefined variable $pas
#0 C:\laragon\www\the-election\app\Views\pemilihan\paslon.php(32): CodeIgniter\Debug\Exceptions->errorHandler(2, 'Undefined varia...', 'C:\\laragon\\www\\...', 32)
#1 C:\laragon\www\the-election\vendor\codeigniter4\framework\system\View\View.php(210): include('C:\\laragon\\www\\...')
#2 C:\laragon\www\the-election\vendor\codeigniter4\framework\system\View\View.php(213): CodeIgniter\View\View->CodeIgniter\View\{closure}()
#3 C:\laragon\www\the-election\vendor\codeigniter4\framework\system\Common.php(1089): CodeIgniter\View\View->render('pemilihan/paslo...', Array, true)
#4 C:\laragon\www\the-election\app\Controllers\Pemilih\PemilihanController.php(29): view('pemilihan/paslo...', Array)
#5 C:\laragon\www\the-election\vendor\codeigniter4\framework\system\CodeIgniter.php(832): App\Controllers\Pemilih\PemilihanController->index()
#6 C:\laragon\www\the-election\vendor\codeigniter4\framework\system\CodeIgniter.php(419): CodeIgniter\CodeIgniter->runController(Object(App\Controllers\Pemilih\PemilihanController))
#7 C:\laragon\www\the-election\vendor\codeigniter4\framework\system\CodeIgniter.php(326): CodeIgniter\CodeIgniter->handleRequest(NULL, Object(Config\Cache), false)
#8 C:\laragon\www\the-election\public\index.php(37): CodeIgniter\CodeIgniter->run()
#9 C:\laragon\www\the-election\vendor\codeigniter4\framework\system\Commands\Server\rewrite.php(43): require_once('C:\\laragon\\www\\...')
#10 {main}
CRITICAL - 2022-04-11 21:50:09 --> Undefined array key "login"
#0 C:\laragon\www\the-election\app\Views\pemilihan\paslon.php(11): CodeIgniter\Debug\Exceptions->errorHandler(2, 'Undefined array...', 'C:\\laragon\\www\\...', 11)
#1 C:\laragon\www\the-election\vendor\codeigniter4\framework\system\View\View.php(210): include('C:\\laragon\\www\\...')
#2 C:\laragon\www\the-election\vendor\codeigniter4\framework\system\View\View.php(213): CodeIgniter\View\View->CodeIgniter\View\{closure}()
#3 C:\laragon\www\the-election\vendor\codeigniter4\framework\system\Common.php(1089): CodeIgniter\View\View->render('pemilihan/paslo...', Array, true)
#4 C:\laragon\www\the-election\app\Controllers\Pemilih\PemilihanController.php(29): view('pemilihan/paslo...', Array)
#5 C:\laragon\www\the-election\vendor\codeigniter4\framework\system\CodeIgniter.php(832): App\Controllers\Pemilih\PemilihanController->index()
#6 C:\laragon\www\the-election\vendor\codeigniter4\framework\system\CodeIgniter.php(419): CodeIgniter\CodeIgniter->runController(Object(App\Controllers\Pemilih\PemilihanController))
#7 C:\laragon\www\the-election\vendor\codeigniter4\framework\system\CodeIgniter.php(326): CodeIgniter\CodeIgniter->handleRequest(NULL, Object(Config\Cache), false)
#8 C:\laragon\www\the-election\public\index.php(37): CodeIgniter\CodeIgniter->run()
#9 C:\laragon\www\the-election\vendor\codeigniter4\framework\system\Commands\Server\rewrite.php(43): require_once('C:\\laragon\\www\\...')
#10 {main}
CRITICAL - 2022-04-11 21:52:07 --> Undefined variable $_SESSION
#0 C:\laragon\www\the-election\app\Controllers\Admin\DataPaslonController.php(23): CodeIgniter\Debug\Exceptions->errorHandler(2, 'Undefined varia...', 'C:\\laragon\\www\\...', 23)
#1 C:\laragon\www\the-election\vendor\codeigniter4\framework\system\CodeIgniter.php(832): App\Controllers\Admin\DataPaslonController->index()
#2 C:\laragon\www\the-election\vendor\codeigniter4\framework\system\CodeIgniter.php(419): CodeIgniter\CodeIgniter->runController(Object(App\Controllers\Admin\DataPaslonController))
#3 C:\laragon\www\the-election\vendor\codeigniter4\framework\system\CodeIgniter.php(326): CodeIgniter\CodeIgniter->handleRequest(NULL, Object(Config\Cache), false)
#4 C:\laragon\www\the-election\public\index.php(37): CodeIgniter\CodeIgniter->run()
#5 C:\laragon\www\the-election\vendor\codeigniter4\framework\system\Commands\Server\rewrite.php(43): require_once('C:\\laragon\\www\\...')
#6 {main}
CRITICAL - 2022-04-11 21:55:15 --> Undefined variable $_SESSION
#0 C:\laragon\www\the-election\app\Controllers\Admin\DataPaslonController.php(23): CodeIgniter\Debug\Exceptions->errorHandler(2, 'Undefined varia...', 'C:\\laragon\\www\\...', 23)
#1 C:\laragon\www\the-election\vendor\codeigniter4\framework\system\CodeIgniter.php(832): App\Controllers\Admin\DataPaslonController->index()
#2 C:\laragon\www\the-election\vendor\codeigniter4\framework\system\CodeIgniter.php(419): CodeIgniter\CodeIgniter->runController(Object(App\Controllers\Admin\DataPaslonController))
#3 C:\laragon\www\the-election\vendor\codeigniter4\framework\system\CodeIgniter.php(326): CodeIgniter\CodeIgniter->handleRequest(NULL, Object(Config\Cache), false)
#4 C:\laragon\www\the-election\public\index.php(37): CodeIgniter\CodeIgniter->run()
#5 C:\laragon\www\the-election\vendor\codeigniter4\framework\system\Commands\Server\rewrite.php(43): require_once('C:\\laragon\\www\\...')
#6 {main}
CRITICAL - 2022-04-11 22:08:37 --> Undefined variable $_SESSION
#0 C:\laragon\www\the-election\app\Controllers\Admin\DataPaslonController.php(23): CodeIgniter\Debug\Exceptions->errorHandler(2, 'Undefined varia...', 'C:\\laragon\\www\\...', 23)
#1 C:\laragon\www\the-election\vendor\codeigniter4\framework\system\CodeIgniter.php(832): App\Controllers\Admin\DataPaslonController->index()
#2 C:\laragon\www\the-election\vendor\codeigniter4\framework\system\CodeIgniter.php(419): CodeIgniter\CodeIgniter->runController(Object(App\Controllers\Admin\DataPaslonController))
#3 C:\laragon\www\the-election\vendor\codeigniter4\framework\system\CodeIgniter.php(326): CodeIgniter\CodeIgniter->handleRequest(NULL, Object(Config\Cache), false)
#4 C:\laragon\www\the-election\public\index.php(37): CodeIgniter\CodeIgniter->run()
#5 C:\laragon\www\the-election\vendor\codeigniter4\framework\system\Commands\Server\rewrite.php(43): require_once('C:\\laragon\\www\\...')
#6 {main}
CRITICAL - 2022-04-11 22:37:09 --> Cannot declare class App\Controllers\Admin\DataPaslonController, because the name is already in use
#0 [internal function]: CodeIgniter\Debug\Exceptions->shutdownHandler()
#1 {main}
CRITICAL - 2022-04-11 22:38:25 --> Cannot declare class App\Controllers\DataPaslonController, because the name is already in use
#0 [internal function]: CodeIgniter\Debug\Exceptions->shutdownHandler()
#1 {main}
CRITICAL - 2022-04-11 22:49:14 --> Trying to access array offset on value of type null
#0 C:\laragon\www\the-election\app\Views\admin\detail-paslon.php(27): CodeIgniter\Debug\Exceptions->errorHandler(2, 'Trying to acces...', 'C:\\laragon\\www\\...', 27)
#1 C:\laragon\www\the-election\vendor\codeigniter4\framework\system\View\View.php(210): include('C:\\laragon\\www\\...')
#2 C:\laragon\www\the-election\vendor\codeigniter4\framework\system\View\View.php(213): CodeIgniter\View\View->CodeIgniter\View\{closure}()
#3 C:\laragon\www\the-election\vendor\codeigniter4\framework\system\Common.php(1089): CodeIgniter\View\View->render('admin/detail-pa...', Array, true)
#4 C:\laragon\www\the-election\app\Controllers\Admin\DataPaslonController.php(36): view('admin/detail-pa...', Array)
#5 C:\laragon\www\the-election\vendor\codeigniter4\framework\system\CodeIgniter.php(832): App\Controllers\Admin\DataPaslonController->detail('css', 'admin', 'style.css')
#6 C:\laragon\www\the-election\vendor\codeigniter4\framework\system\CodeIgniter.php(419): CodeIgniter\CodeIgniter->runController(Object(App\Controllers\Admin\DataPaslonController))
#7 C:\laragon\www\the-election\vendor\codeigniter4\framework\system\CodeIgniter.php(326): CodeIgniter\CodeIgniter->handleRequest(NULL, Object(Config\Cache), false)
#8 C:\laragon\www\the-election\public\index.php(37): CodeIgniter\CodeIgniter->run()
#9 C:\laragon\www\the-election\vendor\codeigniter4\framework\system\Commands\Server\rewrite.php(43): require_once('C:\\laragon\\www\\...')
#10 {main}
CRITICAL - 2022-04-11 22:52:39 --> Trying to access array offset on value of type null
#0 C:\laragon\www\the-election\app\Views\admin\detail-paslon.php(27): CodeIgniter\Debug\Exceptions->errorHandler(2, 'Trying to acces...', 'C:\\laragon\\www\\...', 27)
#1 C:\laragon\www\the-election\vendor\codeigniter4\framework\system\View\View.php(210): include('C:\\laragon\\www\\...')
#2 C:\laragon\www\the-election\vendor\codeigniter4\framework\system\View\View.php(213): CodeIgniter\View\View->CodeIgniter\View\{closure}()
#3 C:\laragon\www\the-election\vendor\codeigniter4\framework\system\Common.php(1089): CodeIgniter\View\View->render('admin/detail-pa...', Array, true)
#4 C:\laragon\www\the-election\app\Controllers\Admin\DataPaslonController.php(36): view('admin/detail-pa...', Array)
#5 C:\laragon\www\the-election\vendor\codeigniter4\framework\system\CodeIgniter.php(832): App\Controllers\Admin\DataPaslonController->detail('css', 'admin', 'style.css')
#6 C:\laragon\www\the-election\vendor\codeigniter4\framework\system\CodeIgniter.php(419): CodeIgniter\CodeIgniter->runController(Object(App\Controllers\Admin\DataPaslonController))
#7 C:\laragon\www\the-election\vendor\codeigniter4\framework\system\CodeIgniter.php(326): CodeIgniter\CodeIgniter->handleRequest(NULL, Object(Config\Cache), false)
#8 C:\laragon\www\the-election\public\index.php(37): CodeIgniter\CodeIgniter->run()
#9 C:\laragon\www\the-election\vendor\codeigniter4\framework\system\Commands\Server\rewrite.php(43): require_once('C:\\laragon\\www\\...')
#10 {main}
CRITICAL - 2022-04-11 22:53:26 --> Trying to access array offset on value of type null
#0 C:\laragon\www\the-election\app\Views\admin\detail-paslon.php(27): CodeIgniter\Debug\Exceptions->errorHandler(2, 'Trying to acces...', 'C:\\laragon\\www\\...', 27)
#1 C:\laragon\www\the-election\vendor\codeigniter4\framework\system\View\View.php(210): include('C:\\laragon\\www\\...')
#2 C:\laragon\www\the-election\vendor\codeigniter4\framework\system\View\View.php(213): CodeIgniter\View\View->CodeIgniter\View\{closure}()
#3 C:\laragon\www\the-election\vendor\codeigniter4\framework\system\Common.php(1089): CodeIgniter\View\View->render('admin/detail-pa...', Array, true)
#4 C:\laragon\www\the-election\app\Controllers\Admin\DataPaslonController.php(36): view('admin/detail-pa...', Array)
#5 C:\laragon\www\the-election\vendor\codeigniter4\framework\system\CodeIgniter.php(832): App\Controllers\Admin\DataPaslonController->detail('css', 'admin', 'style.css')
#6 C:\laragon\www\the-election\vendor\codeigniter4\framework\system\CodeIgniter.php(419): CodeIgniter\CodeIgniter->runController(Object(App\Controllers\Admin\DataPaslonController))
#7 C:\laragon\www\the-election\vendor\codeigniter4\framework\system\CodeIgniter.php(326): CodeIgniter\CodeIgniter->handleRequest(NULL, Object(Config\Cache), false)
#8 C:\laragon\www\the-election\public\index.php(37): CodeIgniter\CodeIgniter->run()
#9 C:\laragon\www\the-election\vendor\codeigniter4\framework\system\Commands\Server\rewrite.php(43): require_once('C:\\laragon\\www\\...')
#10 {main}
CRITICAL - 2022-04-11 23:03:43 --> Invalid file: admin/data_paslon.php
#0 C:\laragon\www\the-election\vendor\codeigniter4\framework\system\View\View.php(198): CodeIgniter\Exceptions\FrameworkException::forInvalidFile('admin/data_pasl...')
#1 C:\laragon\www\the-election\vendor\codeigniter4\framework\system\Common.php(1089): CodeIgniter\View\View->render('admin/data_pasl...', Array, true)
#2 C:\laragon\www\the-election\app\Controllers\Admin\DataPaslonController.php(23): view('admin/data_pasl...', Array)
#3 C:\laragon\www\the-election\vendor\codeigniter4\framework\system\CodeIgniter.php(832): App\Controllers\Admin\DataPaslonController->index()
#4 C:\laragon\www\the-election\vendor\codeigniter4\framework\system\CodeIgniter.php(419): CodeIgniter\CodeIgniter->runController(Object(App\Controllers\Admin\DataPaslonController))
#5 C:\laragon\www\the-election\vendor\codeigniter4\framework\system\CodeIgniter.php(326): CodeIgniter\CodeIgniter->handleRequest(NULL, Object(Config\Cache), false)
#6 C:\laragon\www\the-election\public\index.php(37): CodeIgniter\CodeIgniter->run()
#7 C:\laragon\www\the-election\vendor\codeigniter4\framework\system\Commands\Server\rewrite.php(43): require_once('C:\\laragon\\www\\...')
#8 {main}
CRITICAL - 2022-04-11 23:04:24 --> Trying to access array offset on value of type null
#0 C:\laragon\www\the-election\app\Views\admin\paslon\detail-paslon.php(27): CodeIgniter\Debug\Exceptions->errorHandler(2, 'Trying to acces...', 'C:\\laragon\\www\\...', 27)
#1 C:\laragon\www\the-election\vendor\codeigniter4\framework\system\View\View.php(210): include('C:\\laragon\\www\\...')
#2 C:\laragon\www\the-election\vendor\codeigniter4\framework\system\View\View.php(213): CodeIgniter\View\View->CodeIgniter\View\{closure}()
#3 C:\laragon\www\the-election\vendor\codeigniter4\framework\system\Common.php(1089): CodeIgniter\View\View->render('admin/paslon/de...', Array, true)
#4 C:\laragon\www\the-election\app\Controllers\Admin\DataPaslonController.php(34): view('admin/paslon/de...', Array)
#5 C:\laragon\www\the-election\vendor\codeigniter4\framework\system\CodeIgniter.php(832): App\Controllers\Admin\DataPaslonController->detail('css', 'admin', 'style.css')
#6 C:\laragon\www\the-election\vendor\codeigniter4\framework\system\CodeIgniter.php(419): CodeIgniter\CodeIgniter->runController(Object(App\Controllers\Admin\DataPaslonController))
#7 C:\laragon\www\the-election\vendor\codeigniter4\framework\system\CodeIgniter.php(326): CodeIgniter\CodeIgniter->handleRequest(NULL, Object(Config\Cache), false)
#8 C:\laragon\www\the-election\public\index.php(37): CodeIgniter\CodeIgniter->run()
#9 C:\laragon\www\the-election\vendor\codeigniter4\framework\system\Commands\Server\rewrite.php(43): require_once('C:\\laragon\\www\\...')
#10 {main}
CRITICAL - 2022-04-11 23:07:34 --> Invalid file: admin/data-siswa.php
#0 C:\laragon\www\the-election\vendor\codeigniter4\framework\system\View\View.php(198): CodeIgniter\Exceptions\FrameworkException::forInvalidFile('admin/data-sisw...')
#1 C:\laragon\www\the-election\vendor\codeigniter4\framework\system\Common.php(1089): CodeIgniter\View\View->render('admin/data-sisw...', Array, true)
#2 C:\laragon\www\the-election\app\Controllers\Admin\SiswaController.php(28): view('admin/data-sisw...', Array)
#3 C:\laragon\www\the-election\vendor\codeigniter4\framework\system\CodeIgniter.php(832): App\Controllers\Admin\SiswaController->index()
#4 C:\laragon\www\the-election\vendor\codeigniter4\framework\system\CodeIgniter.php(419): CodeIgniter\CodeIgniter->runController(Object(App\Controllers\Admin\SiswaController))
#5 C:\laragon\www\the-election\vendor\codeigniter4\framework\system\CodeIgniter.php(326): CodeIgniter\CodeIgniter->handleRequest(NULL, Object(Config\Cache), false)
#6 C:\laragon\www\the-election\public\index.php(37): CodeIgniter\CodeIgniter->run()
#7 C:\laragon\www\the-election\vendor\codeigniter4\framework\system\Commands\Server\rewrite.php(43): require_once('C:\\laragon\\www\\...')
#8 {main}
CRITICAL - 2022-04-11 23:07:39 --> Invalid file: admin/data-siswa.php
#0 C:\laragon\www\the-election\vendor\codeigniter4\framework\system\View\View.php(198): CodeIgniter\Exceptions\FrameworkException::forInvalidFile('admin/data-sisw...')
#1 C:\laragon\www\the-election\vendor\codeigniter4\framework\system\Common.php(1089): CodeIgniter\View\View->render('admin/data-sisw...', Array, true)
#2 C:\laragon\www\the-election\app\Controllers\Admin\SiswaController.php(28): view('admin/data-sisw...', Array)
#3 C:\laragon\www\the-election\vendor\codeigniter4\framework\system\CodeIgniter.php(832): App\Controllers\Admin\SiswaController->index()
#4 C:\laragon\www\the-election\vendor\codeigniter4\framework\system\CodeIgniter.php(419): CodeIgniter\CodeIgniter->runController(Object(App\Controllers\Admin\SiswaController))
#5 C:\laragon\www\the-election\vendor\codeigniter4\framework\system\CodeIgniter.php(326): CodeIgniter\CodeIgniter->handleRequest(NULL, Object(Config\Cache), false)
#6 C:\laragon\www\the-election\public\index.php(37): CodeIgniter\CodeIgniter->run()
#7 C:\laragon\www\the-election\vendor\codeigniter4\framework\system\Commands\Server\rewrite.php(43): require_once('C:\\laragon\\www\\...')
#8 {main}
CRITICAL - 2022-04-11 23:09:24 --> Invalid file: admin/data-siswa.php
#0 C:\laragon\www\the-election\vendor\codeigniter4\framework\system\View\View.php(198): CodeIgniter\Exceptions\FrameworkException::forInvalidFile('admin/data-sisw...')
#1 C:\laragon\www\the-election\vendor\codeigniter4\framework\system\Common.php(1089): CodeIgniter\View\View->render('admin/data-sisw...', Array, true)
#2 C:\laragon\www\the-election\app\Controllers\Admin\SiswaController.php(28): view('admin/data-sisw...', Array)
#3 C:\laragon\www\the-election\vendor\codeigniter4\framework\system\CodeIgniter.php(832): App\Controllers\Admin\SiswaController->index()
#4 C:\laragon\www\the-election\vendor\codeigniter4\framework\system\CodeIgniter.php(419): CodeIgniter\CodeIgniter->runController(Object(App\Controllers\Admin\SiswaController))
#5 C:\laragon\www\the-election\vendor\codeigniter4\framework\system\CodeIgniter.php(326): CodeIgniter\CodeIgniter->handleRequest(NULL, Object(Config\Cache), false)
#6 C:\laragon\www\the-election\public\index.php(37): CodeIgniter\CodeIgniter->run()
#7 C:\laragon\www\the-election\vendor\codeigniter4\framework\system\Commands\Server\rewrite.php(43): require_once('C:\\laragon\\www\\...')
#8 {main}
