CRITICAL - 2022-03-16 19:44:03 --> Invalid file: Myth\Auth\Views\_message_block.php
#0 C:\xampp\htdocs\pickme\vendor\codeigniter4\framework\system\View\View.php(198): CodeIgniter\Exceptions\FrameworkException::forInvalidFile('Myth\\Auth\\Views...')
#1 C:\xampp\htdocs\pickme\vendor\codeigniter4\framework\system\Common.php(1089): CodeIgniter\View\View->render('Myth\\Auth\\Views...', Array, true)
#2 C:\xampp\htdocs\pickme\app\Views\auth\login.php(34): view('Myth\\Auth\\Views...')
#3 C:\xampp\htdocs\pickme\vendor\codeigniter4\framework\system\View\View.php(210): include('C:\\xampp\\htdocs...')
#4 C:\xampp\htdocs\pickme\vendor\codeigniter4\framework\system\View\View.php(213): CodeIgniter\View\View->CodeIgniter\View\{closure}()
#5 C:\xampp\htdocs\pickme\vendor\codeigniter4\framework\system\Common.php(1089): CodeIgniter\View\View->render('auth/login', Array, true)
#6 C:\xampp\htdocs\pickme\app\Controllers\AuthController.php(30): view('auth/login', Array)
#7 C:\xampp\htdocs\pickme\vendor\codeigniter4\framework\system\CodeIgniter.php(832): App\Controllers\AuthController->login()
#8 C:\xampp\htdocs\pickme\vendor\codeigniter4\framework\system\CodeIgniter.php(419): CodeIgniter\CodeIgniter->runController(Object(App\Controllers\AuthController))
#9 C:\xampp\htdocs\pickme\vendor\codeigniter4\framework\system\CodeIgniter.php(326): CodeIgniter\CodeIgniter->handleRequest(NULL, Object(Config\Cache), false)
#10 C:\xampp\htdocs\pickme\public\index.php(37): CodeIgniter\CodeIgniter->run()
#11 C:\xampp\htdocs\pickme\vendor\codeigniter4\framework\system\Commands\Server\rewrite.php(43): require_once('C:\\xampp\\htdocs...')
#12 {main}
CRITICAL - 2022-03-16 20:34:51 --> Class "Config\LoginFilter" not found
#0 C:\xampp\htdocs\pickme\vendor\codeigniter4\framework\system\CodeIgniter.php(393): CodeIgniter\Filters\Filters->run('/', 'before')
#1 C:\xampp\htdocs\pickme\vendor\codeigniter4\framework\system\CodeIgniter.php(326): CodeIgniter\CodeIgniter->handleRequest(NULL, Object(Config\Cache), false)
#2 C:\xampp\htdocs\pickme\public\index.php(37): CodeIgniter\CodeIgniter->run()
#3 C:\xampp\htdocs\pickme\vendor\codeigniter4\framework\system\Commands\Server\rewrite.php(43): require_once('C:\\xampp\\htdocs...')
#4 {main}
CRITICAL - 2022-03-16 20:35:35 --> Class "Config\LoginFilter" not found
#0 C:\xampp\htdocs\pickme\vendor\codeigniter4\framework\system\CodeIgniter.php(393): CodeIgniter\Filters\Filters->run('/', 'before')
#1 C:\xampp\htdocs\pickme\vendor\codeigniter4\framework\system\CodeIgniter.php(326): CodeIgniter\CodeIgniter->handleRequest(NULL, Object(Config\Cache), false)
#2 C:\xampp\htdocs\pickme\public\index.php(37): CodeIgniter\CodeIgniter->run()
#3 C:\xampp\htdocs\pickme\vendor\codeigniter4\framework\system\Commands\Server\rewrite.php(43): require_once('C:\\xampp\\htdocs...')
#4 {main}
CRITICAL - 2022-03-16 20:35:37 --> Class "Config\LoginFilter" not found
#0 C:\xampp\htdocs\pickme\vendor\codeigniter4\framework\system\CodeIgniter.php(393): CodeIgniter\Filters\Filters->run('/', 'before')
#1 C:\xampp\htdocs\pickme\vendor\codeigniter4\framework\system\CodeIgniter.php(326): CodeIgniter\CodeIgniter->handleRequest(NULL, Object(Config\Cache), false)
#2 C:\xampp\htdocs\pickme\public\index.php(37): CodeIgniter\CodeIgniter->run()
#3 C:\xampp\htdocs\pickme\vendor\codeigniter4\framework\system\Commands\Server\rewrite.php(43): require_once('C:\\xampp\\htdocs...')
#4 {main}
CRITICAL - 2022-03-16 20:35:38 --> Class "Config\LoginFilter" not found
#0 C:\xampp\htdocs\pickme\vendor\codeigniter4\framework\system\CodeIgniter.php(393): CodeIgniter\Filters\Filters->run('/', 'before')
#1 C:\xampp\htdocs\pickme\vendor\codeigniter4\framework\system\CodeIgniter.php(326): CodeIgniter\CodeIgniter->handleRequest(NULL, Object(Config\Cache), false)
#2 C:\xampp\htdocs\pickme\public\index.php(37): CodeIgniter\CodeIgniter->run()
#3 C:\xampp\htdocs\pickme\vendor\codeigniter4\framework\system\Commands\Server\rewrite.php(43): require_once('C:\\xampp\\htdocs...')
#4 {main}
CRITICAL - 2022-03-16 20:35:50 --> Class "Config\LoginFilter" not found
#0 C:\xampp\htdocs\pickme\vendor\codeigniter4\framework\system\CodeIgniter.php(393): CodeIgniter\Filters\Filters->run('/', 'before')
#1 C:\xampp\htdocs\pickme\vendor\codeigniter4\framework\system\CodeIgniter.php(326): CodeIgniter\CodeIgniter->handleRequest(NULL, Object(Config\Cache), false)
#2 C:\xampp\htdocs\pickme\public\index.php(37): CodeIgniter\CodeIgniter->run()
#3 C:\xampp\htdocs\pickme\vendor\codeigniter4\framework\system\Commands\Server\rewrite.php(43): require_once('C:\\xampp\\htdocs...')
#4 {main}
CRITICAL - 2022-03-16 20:37:10 --> Class "Config\LoginFilter" not found
#0 C:\xampp\htdocs\pickme\vendor\codeigniter4\framework\system\CodeIgniter.php(393): CodeIgniter\Filters\Filters->run('/', 'before')
#1 C:\xampp\htdocs\pickme\vendor\codeigniter4\framework\system\CodeIgniter.php(326): CodeIgniter\CodeIgniter->handleRequest(NULL, Object(Config\Cache), false)
#2 C:\xampp\htdocs\pickme\public\index.php(37): CodeIgniter\CodeIgniter->run()
#3 C:\xampp\htdocs\pickme\vendor\codeigniter4\framework\system\Commands\Server\rewrite.php(43): require_once('C:\\xampp\\htdocs...')
#4 {main}
CRITICAL - 2022-03-16 20:38:06 --> Class "Config\LoginFilter" not found
#0 C:\xampp\htdocs\pickme\vendor\codeigniter4\framework\system\CodeIgniter.php(393): CodeIgniter\Filters\Filters->run('/', 'before')
#1 C:\xampp\htdocs\pickme\vendor\codeigniter4\framework\system\CodeIgniter.php(326): CodeIgniter\CodeIgniter->handleRequest(NULL, Object(Config\Cache), false)
#2 C:\xampp\htdocs\pickme\public\index.php(37): CodeIgniter\CodeIgniter->run()
#3 C:\xampp\htdocs\pickme\vendor\codeigniter4\framework\system\Commands\Server\rewrite.php(43): require_once('C:\\xampp\\htdocs...')
#4 {main}
CRITICAL - 2022-03-16 20:54:15 --> Class "Config\LoginFilter" not found
#0 C:\xampp\htdocs\pickme\vendor\codeigniter4\framework\system\CodeIgniter.php(393): CodeIgniter\Filters\Filters->run('/', 'before')
#1 C:\xampp\htdocs\pickme\vendor\codeigniter4\framework\system\CodeIgniter.php(326): CodeIgniter\CodeIgniter->handleRequest(NULL, Object(Config\Cache), false)
#2 C:\xampp\htdocs\pickme\public\index.php(37): CodeIgniter\CodeIgniter->run()
#3 C:\xampp\htdocs\pickme\vendor\codeigniter4\framework\system\Commands\Server\rewrite.php(43): require_once('C:\\xampp\\htdocs...')
#4 {main}
CRITICAL - 2022-03-16 23:19:23 --> Undefined variable $title
#0 C:\xampp\htdocs\pickme\app\Views\layouts\template.php(21): CodeIgniter\Debug\Exceptions->errorHandler(2, 'Undefined varia...', 'C:\\xampp\\htdocs...', 21)
#1 C:\xampp\htdocs\pickme\vendor\codeigniter4\framework\system\View\View.php(210): include('C:\\xampp\\htdocs...')
#2 C:\xampp\htdocs\pickme\vendor\codeigniter4\framework\system\View\View.php(213): CodeIgniter\View\View->CodeIgniter\View\{closure}()
#3 C:\xampp\htdocs\pickme\vendor\codeigniter4\framework\system\View\View.php(226): CodeIgniter\View\View->render('layouts/templat...', Array, true)
#4 C:\xampp\htdocs\pickme\vendor\codeigniter4\framework\system\Common.php(1089): CodeIgniter\View\View->render('homepage', Array, true)
#5 C:\xampp\htdocs\pickme\app\Controllers\Home.php(9): view('homepage')
#6 C:\xampp\htdocs\pickme\vendor\codeigniter4\framework\system\CodeIgniter.php(832): App\Controllers\Home->index()
#7 C:\xampp\htdocs\pickme\vendor\codeigniter4\framework\system\CodeIgniter.php(419): CodeIgniter\CodeIgniter->runController(Object(App\Controllers\Home))
#8 C:\xampp\htdocs\pickme\vendor\codeigniter4\framework\system\CodeIgniter.php(326): CodeIgniter\CodeIgniter->handleRequest(NULL, Object(Config\Cache), false)
#9 C:\xampp\htdocs\pickme\public\index.php(37): CodeIgniter\CodeIgniter->run()
#10 C:\xampp\htdocs\pickme\vendor\codeigniter4\framework\system\Commands\Server\rewrite.php(43): require_once('C:\\xampp\\htdocs...')
#11 {main}
