ERROR - 2022-04-14 11:25:21 --> Error connecting to the database: Unknown database 'the_election'
CRITICAL - 2022-04-14 11:25:21 --> Unable to connect to the database.
Main connection [MySQLi]: Unknown database 'the_election'
#0 C:\xampp\htdocs\the-election\vendor\codeigniter4\framework\system\Database\BaseConnection.php(577): CodeIgniter\Database\BaseConnection->initialize()
#1 C:\xampp\htdocs\the-election\vendor\codeigniter4\framework\system\Database\BaseBuilder.php(1455): CodeIgniter\Database\BaseConnection->query('SELECT *\nFROM `...', Array, false)
#2 C:\xampp\htdocs\the-election\app\Models\AkunModel.php(47): CodeIgniter\Database\BaseBuilder->get()
#3 C:\xampp\htdocs\the-election\app\Controllers\AuthController.php(32): App\Models\AkunModel->getData('192010397')
#4 C:\xampp\htdocs\the-election\vendor\codeigniter4\framework\system\CodeIgniter.php(832): App\Controllers\AuthController->postlogin()
#5 C:\xampp\htdocs\the-election\vendor\codeigniter4\framework\system\CodeIgniter.php(419): CodeIgniter\CodeIgniter->runController(Object(App\Controllers\AuthController))
#6 C:\xampp\htdocs\the-election\vendor\codeigniter4\framework\system\CodeIgniter.php(326): CodeIgniter\CodeIgniter->handleRequest(NULL, Object(Config\Cache), false)
#7 C:\xampp\htdocs\the-election\public\index.php(37): CodeIgniter\CodeIgniter->run()
#8 C:\xampp\htdocs\the-election\vendor\codeigniter4\framework\system\Commands\Server\rewrite.php(43): require_once('C:\\xampp\\htdocs...')
#9 {main}
ERROR - 2022-04-14 19:51:55 --> Error connecting to the database: No connection could be made because the target machine actively refused it
CRITICAL - 2022-04-14 19:51:55 --> Unable to connect to the database.
Main connection [MySQLi]: No connection could be made because the target machine actively refused it
#0 C:\xampp\htdocs\the-election\vendor\codeigniter4\framework\system\Database\BaseConnection.php(577): CodeIgniter\Database\BaseConnection->initialize()
#1 C:\xampp\htdocs\the-election\vendor\codeigniter4\framework\system\Database\BaseBuilder.php(1455): CodeIgniter\Database\BaseConnection->query('SELECT *\nFROM `...', Array, false)
#2 C:\xampp\htdocs\the-election\app\Models\AkunModel.php(47): CodeIgniter\Database\BaseBuilder->get()
#3 C:\xampp\htdocs\the-election\app\Controllers\AuthController.php(32): App\Models\AkunModel->getData('192010397')
#4 C:\xampp\htdocs\the-election\vendor\codeigniter4\framework\system\CodeIgniter.php(832): App\Controllers\AuthController->postlogin()
#5 C:\xampp\htdocs\the-election\vendor\codeigniter4\framework\system\CodeIgniter.php(419): CodeIgniter\CodeIgniter->runController(Object(App\Controllers\AuthController))
#6 C:\xampp\htdocs\the-election\vendor\codeigniter4\framework\system\CodeIgniter.php(326): CodeIgniter\CodeIgniter->handleRequest(NULL, Object(Config\Cache), false)
#7 C:\xampp\htdocs\the-election\public\index.php(37): CodeIgniter\CodeIgniter->run()
#8 C:\xampp\htdocs\the-election\vendor\codeigniter4\framework\system\Commands\Server\rewrite.php(43): require_once('C:\\xampp\\htdocs...')
#9 {main}
CRITICAL - 2022-04-14 19:52:18 --> Undefined property: App\Controllers\Admin\RiwayatPemilihanController::$db
#0 C:\xampp\htdocs\the-election\app\Controllers\Admin\RiwayatPemilihanController.php(19): CodeIgniter\Debug\Exceptions->errorHandler(2, 'Undefined prope...', 'C:\\xampp\\htdocs...', 19)
#1 C:\xampp\htdocs\the-election\vendor\codeigniter4\framework\system\CodeIgniter.php(832): App\Controllers\Admin\RiwayatPemilihanController->index()
#2 C:\xampp\htdocs\the-election\vendor\codeigniter4\framework\system\CodeIgniter.php(419): CodeIgniter\CodeIgniter->runController(Object(App\Controllers\Admin\RiwayatPemilihanController))
#3 C:\xampp\htdocs\the-election\vendor\codeigniter4\framework\system\CodeIgniter.php(326): CodeIgniter\CodeIgniter->handleRequest(NULL, Object(Config\Cache), false)
#4 C:\xampp\htdocs\the-election\public\index.php(37): CodeIgniter\CodeIgniter->run()
#5 C:\xampp\htdocs\the-election\vendor\codeigniter4\framework\system\Commands\Server\rewrite.php(43): require_once('C:\\xampp\\htdocs...')
#6 {main}
CRITICAL - 2022-04-14 19:53:46 --> Undefined property: App\Controllers\Admin\RiwayatPemilihanController::$load
#0 C:\xampp\htdocs\the-election\app\Controllers\Admin\RiwayatPemilihanController.php(19): CodeIgniter\Debug\Exceptions->errorHandler(2, 'Undefined prope...', 'C:\\xampp\\htdocs...', 19)
#1 C:\xampp\htdocs\the-election\vendor\codeigniter4\framework\system\CodeIgniter.php(832): App\Controllers\Admin\RiwayatPemilihanController->index()
#2 C:\xampp\htdocs\the-election\vendor\codeigniter4\framework\system\CodeIgniter.php(419): CodeIgniter\CodeIgniter->runController(Object(App\Controllers\Admin\RiwayatPemilihanController))
#3 C:\xampp\htdocs\the-election\vendor\codeigniter4\framework\system\CodeIgniter.php(326): CodeIgniter\CodeIgniter->handleRequest(NULL, Object(Config\Cache), false)
#4 C:\xampp\htdocs\the-election\public\index.php(37): CodeIgniter\CodeIgniter->run()
#5 C:\xampp\htdocs\the-election\vendor\codeigniter4\framework\system\Commands\Server\rewrite.php(43): require_once('C:\\xampp\\htdocs...')
#6 {main}
CRITICAL - 2022-04-14 19:57:13 --> Undefined property: App\Controllers\Admin\RiwayatPemilihanController::$db
#0 C:\xampp\htdocs\the-election\app\Controllers\Admin\RiwayatPemilihanController.php(21): CodeIgniter\Debug\Exceptions->errorHandler(2, 'Undefined prope...', 'C:\\xampp\\htdocs...', 21)
#1 C:\xampp\htdocs\the-election\vendor\codeigniter4\framework\system\CodeIgniter.php(832): App\Controllers\Admin\RiwayatPemilihanController->index()
#2 C:\xampp\htdocs\the-election\vendor\codeigniter4\framework\system\CodeIgniter.php(419): CodeIgniter\CodeIgniter->runController(Object(App\Controllers\Admin\RiwayatPemilihanController))
#3 C:\xampp\htdocs\the-election\vendor\codeigniter4\framework\system\CodeIgniter.php(326): CodeIgniter\CodeIgniter->handleRequest(NULL, Object(Config\Cache), false)
#4 C:\xampp\htdocs\the-election\public\index.php(37): CodeIgniter\CodeIgniter->run()
#5 C:\xampp\htdocs\the-election\vendor\codeigniter4\framework\system\Commands\Server\rewrite.php(43): require_once('C:\\xampp\\htdocs...')
#6 {main}
CRITICAL - 2022-04-14 19:59:26 --> Object of class CodeIgniter\Database\MySQLi\Result could not be converted to string
#0 C:\xampp\htdocs\the-election\vendor\codeigniter4\framework\system\View\View.php(210): include()
#1 C:\xampp\htdocs\the-election\vendor\codeigniter4\framework\system\View\View.php(213): CodeIgniter\View\View->CodeIgniter\View\{closure}()
#2 C:\xampp\htdocs\the-election\vendor\codeigniter4\framework\system\Common.php(1089): CodeIgniter\View\View->render('admin/riwayat_p...', Array, true)
#3 C:\xampp\htdocs\the-election\app\Controllers\Admin\RiwayatPemilihanController.php(30): view('admin/riwayat_p...', Array)
#4 C:\xampp\htdocs\the-election\vendor\codeigniter4\framework\system\CodeIgniter.php(832): App\Controllers\Admin\RiwayatPemilihanController->index()
#5 C:\xampp\htdocs\the-election\vendor\codeigniter4\framework\system\CodeIgniter.php(419): CodeIgniter\CodeIgniter->runController(Object(App\Controllers\Admin\RiwayatPemilihanController))
#6 C:\xampp\htdocs\the-election\vendor\codeigniter4\framework\system\CodeIgniter.php(326): CodeIgniter\CodeIgniter->handleRequest(NULL, Object(Config\Cache), false)
#7 C:\xampp\htdocs\the-election\public\index.php(37): CodeIgniter\CodeIgniter->run()
#8 C:\xampp\htdocs\the-election\vendor\codeigniter4\framework\system\Commands\Server\rewrite.php(43): require_once('C:\\xampp\\htdocs...')
#9 {main}
CRITICAL - 2022-04-14 20:01:16 --> Undefined property: App\Controllers\Admin\RiwayatPemilihanController::$db
#0 C:\xampp\htdocs\the-election\app\Controllers\Admin\RiwayatPemilihanController.php(21): CodeIgniter\Debug\Exceptions->errorHandler(2, 'Undefined prope...', 'C:\\xampp\\htdocs...', 21)
#1 C:\xampp\htdocs\the-election\vendor\codeigniter4\framework\system\CodeIgniter.php(832): App\Controllers\Admin\RiwayatPemilihanController->index()
#2 C:\xampp\htdocs\the-election\vendor\codeigniter4\framework\system\CodeIgniter.php(419): CodeIgniter\CodeIgniter->runController(Object(App\Controllers\Admin\RiwayatPemilihanController))
#3 C:\xampp\htdocs\the-election\vendor\codeigniter4\framework\system\CodeIgniter.php(326): CodeIgniter\CodeIgniter->handleRequest(NULL, Object(Config\Cache), false)
#4 C:\xampp\htdocs\the-election\public\index.php(37): CodeIgniter\CodeIgniter->run()
#5 C:\xampp\htdocs\the-election\vendor\codeigniter4\framework\system\Commands\Server\rewrite.php(43): require_once('C:\\xampp\\htdocs...')
#6 {main}
CRITICAL - 2022-04-14 20:02:39 --> Undefined property: App\Controllers\Admin\RiwayatPemilihanController::$db
#0 C:\xampp\htdocs\the-election\app\Controllers\Admin\RiwayatPemilihanController.php(22): CodeIgniter\Debug\Exceptions->errorHandler(2, 'Undefined prope...', 'C:\\xampp\\htdocs...', 22)
#1 C:\xampp\htdocs\the-election\vendor\codeigniter4\framework\system\CodeIgniter.php(832): App\Controllers\Admin\RiwayatPemilihanController->index()
#2 C:\xampp\htdocs\the-election\vendor\codeigniter4\framework\system\CodeIgniter.php(419): CodeIgniter\CodeIgniter->runController(Object(App\Controllers\Admin\RiwayatPemilihanController))
#3 C:\xampp\htdocs\the-election\vendor\codeigniter4\framework\system\CodeIgniter.php(326): CodeIgniter\CodeIgniter->handleRequest(NULL, Object(Config\Cache), false)
#4 C:\xampp\htdocs\the-election\public\index.php(37): CodeIgniter\CodeIgniter->run()
#5 C:\xampp\htdocs\the-election\vendor\codeigniter4\framework\system\Commands\Server\rewrite.php(43): require_once('C:\\xampp\\htdocs...')
#6 {main}
CRITICAL - 2022-04-14 20:06:48 --> Call to undefined method CodeIgniter\Database\MySQLi\Result::getArray()
#0 C:\xampp\htdocs\the-election\vendor\codeigniter4\framework\system\CodeIgniter.php(832): App\Controllers\Admin\RiwayatPemilihanController->index()
#1 C:\xampp\htdocs\the-election\vendor\codeigniter4\framework\system\CodeIgniter.php(419): CodeIgniter\CodeIgniter->runController(Object(App\Controllers\Admin\RiwayatPemilihanController))
#2 C:\xampp\htdocs\the-election\vendor\codeigniter4\framework\system\CodeIgniter.php(326): CodeIgniter\CodeIgniter->handleRequest(NULL, Object(Config\Cache), false)
#3 C:\xampp\htdocs\the-election\public\index.php(37): CodeIgniter\CodeIgniter->run()
#4 C:\xampp\htdocs\the-election\vendor\codeigniter4\framework\system\Commands\Server\rewrite.php(43): require_once('C:\\xampp\\htdocs...')
#5 {main}
CRITICAL - 2022-04-14 20:08:11 --> Cannot use object of type stdClass as array
#0 C:\xampp\htdocs\the-election\vendor\codeigniter4\framework\system\CodeIgniter.php(832): App\Controllers\Admin\RiwayatPemilihanController->index()
#1 C:\xampp\htdocs\the-election\vendor\codeigniter4\framework\system\CodeIgniter.php(419): CodeIgniter\CodeIgniter->runController(Object(App\Controllers\Admin\RiwayatPemilihanController))
#2 C:\xampp\htdocs\the-election\vendor\codeigniter4\framework\system\CodeIgniter.php(326): CodeIgniter\CodeIgniter->handleRequest(NULL, Object(Config\Cache), false)
#3 C:\xampp\htdocs\the-election\public\index.php(37): CodeIgniter\CodeIgniter->run()
#4 C:\xampp\htdocs\the-election\vendor\codeigniter4\framework\system\Commands\Server\rewrite.php(43): require_once('C:\\xampp\\htdocs...')
#5 {main}
CRITICAL - 2022-04-14 20:09:37 --> Object of class stdClass could not be converted to string
#0 C:\xampp\htdocs\the-election\vendor\codeigniter4\framework\system\View\View.php(210): include()
#1 C:\xampp\htdocs\the-election\vendor\codeigniter4\framework\system\View\View.php(213): CodeIgniter\View\View->CodeIgniter\View\{closure}()
#2 C:\xampp\htdocs\the-election\vendor\codeigniter4\framework\system\Common.php(1089): CodeIgniter\View\View->render('admin/riwayat_p...', Array, true)
#3 C:\xampp\htdocs\the-election\app\Controllers\Admin\RiwayatPemilihanController.php(33): view('admin/riwayat_p...', Array)
#4 C:\xampp\htdocs\the-election\vendor\codeigniter4\framework\system\CodeIgniter.php(832): App\Controllers\Admin\RiwayatPemilihanController->index()
#5 C:\xampp\htdocs\the-election\vendor\codeigniter4\framework\system\CodeIgniter.php(419): CodeIgniter\CodeIgniter->runController(Object(App\Controllers\Admin\RiwayatPemilihanController))
#6 C:\xampp\htdocs\the-election\vendor\codeigniter4\framework\system\CodeIgniter.php(326): CodeIgniter\CodeIgniter->handleRequest(NULL, Object(Config\Cache), false)
#7 C:\xampp\htdocs\the-election\public\index.php(37): CodeIgniter\CodeIgniter->run()
#8 C:\xampp\htdocs\the-election\vendor\codeigniter4\framework\system\Commands\Server\rewrite.php(43): require_once('C:\\xampp\\htdocs...')
#9 {main}
CRITICAL - 2022-04-14 20:10:53 --> Cannot use object of type stdClass as array
#0 C:\xampp\htdocs\the-election\vendor\codeigniter4\framework\system\View\View.php(210): include()
#1 C:\xampp\htdocs\the-election\vendor\codeigniter4\framework\system\View\View.php(213): CodeIgniter\View\View->CodeIgniter\View\{closure}()
#2 C:\xampp\htdocs\the-election\vendor\codeigniter4\framework\system\Common.php(1089): CodeIgniter\View\View->render('admin/riwayat_p...', Array, true)
#3 C:\xampp\htdocs\the-election\app\Controllers\Admin\RiwayatPemilihanController.php(33): view('admin/riwayat_p...', Array)
#4 C:\xampp\htdocs\the-election\vendor\codeigniter4\framework\system\CodeIgniter.php(832): App\Controllers\Admin\RiwayatPemilihanController->index()
#5 C:\xampp\htdocs\the-election\vendor\codeigniter4\framework\system\CodeIgniter.php(419): CodeIgniter\CodeIgniter->runController(Object(App\Controllers\Admin\RiwayatPemilihanController))
#6 C:\xampp\htdocs\the-election\vendor\codeigniter4\framework\system\CodeIgniter.php(326): CodeIgniter\CodeIgniter->handleRequest(NULL, Object(Config\Cache), false)
#7 C:\xampp\htdocs\the-election\public\index.php(37): CodeIgniter\CodeIgniter->run()
#8 C:\xampp\htdocs\the-election\vendor\codeigniter4\framework\system\Commands\Server\rewrite.php(43): require_once('C:\\xampp\\htdocs...')
#9 {main}
CRITICAL - 2022-04-14 20:11:05 --> Object of class stdClass could not be converted to string
#0 C:\xampp\htdocs\the-election\vendor\codeigniter4\framework\system\View\View.php(210): include()
#1 C:\xampp\htdocs\the-election\vendor\codeigniter4\framework\system\View\View.php(213): CodeIgniter\View\View->CodeIgniter\View\{closure}()
#2 C:\xampp\htdocs\the-election\vendor\codeigniter4\framework\system\Common.php(1089): CodeIgniter\View\View->render('admin/riwayat_p...', Array, true)
#3 C:\xampp\htdocs\the-election\app\Controllers\Admin\RiwayatPemilihanController.php(33): view('admin/riwayat_p...', Array)
#4 C:\xampp\htdocs\the-election\vendor\codeigniter4\framework\system\CodeIgniter.php(832): App\Controllers\Admin\RiwayatPemilihanController->index()
#5 C:\xampp\htdocs\the-election\vendor\codeigniter4\framework\system\CodeIgniter.php(419): CodeIgniter\CodeIgniter->runController(Object(App\Controllers\Admin\RiwayatPemilihanController))
#6 C:\xampp\htdocs\the-election\vendor\codeigniter4\framework\system\CodeIgniter.php(326): CodeIgniter\CodeIgniter->handleRequest(NULL, Object(Config\Cache), false)
#7 C:\xampp\htdocs\the-election\public\index.php(37): CodeIgniter\CodeIgniter->run()
#8 C:\xampp\htdocs\the-election\vendor\codeigniter4\framework\system\Commands\Server\rewrite.php(43): require_once('C:\\xampp\\htdocs...')
#9 {main}
CRITICAL - 2022-04-14 20:12:28 --> Cannot use object of type stdClass as array
#0 C:\xampp\htdocs\the-election\vendor\codeigniter4\framework\system\View\View.php(210): include()
#1 C:\xampp\htdocs\the-election\vendor\codeigniter4\framework\system\View\View.php(213): CodeIgniter\View\View->CodeIgniter\View\{closure}()
#2 C:\xampp\htdocs\the-election\vendor\codeigniter4\framework\system\Common.php(1089): CodeIgniter\View\View->render('admin/riwayat_p...', Array, true)
#3 C:\xampp\htdocs\the-election\app\Controllers\Admin\RiwayatPemilihanController.php(33): view('admin/riwayat_p...', Array)
#4 C:\xampp\htdocs\the-election\vendor\codeigniter4\framework\system\CodeIgniter.php(832): App\Controllers\Admin\RiwayatPemilihanController->index()
#5 C:\xampp\htdocs\the-election\vendor\codeigniter4\framework\system\CodeIgniter.php(419): CodeIgniter\CodeIgniter->runController(Object(App\Controllers\Admin\RiwayatPemilihanController))
#6 C:\xampp\htdocs\the-election\vendor\codeigniter4\framework\system\CodeIgniter.php(326): CodeIgniter\CodeIgniter->handleRequest(NULL, Object(Config\Cache), false)
#7 C:\xampp\htdocs\the-election\public\index.php(37): CodeIgniter\CodeIgniter->run()
#8 C:\xampp\htdocs\the-election\vendor\codeigniter4\framework\system\Commands\Server\rewrite.php(43): require_once('C:\\xampp\\htdocs...')
#9 {main}
CRITICAL - 2022-04-14 20:18:23 --> Undefined array key "jumlah_suara"
#0 C:\xampp\htdocs\the-election\app\Views\admin\riwayat_pemilihan.php(8): CodeIgniter\Debug\Exceptions->errorHandler(2, 'Undefined array...', 'C:\\xampp\\htdocs...', 8)
#1 C:\xampp\htdocs\the-election\vendor\codeigniter4\framework\system\View\View.php(210): include('C:\\xampp\\htdocs...')
#2 C:\xampp\htdocs\the-election\vendor\codeigniter4\framework\system\View\View.php(213): CodeIgniter\View\View->CodeIgniter\View\{closure}()
#3 C:\xampp\htdocs\the-election\vendor\codeigniter4\framework\system\Common.php(1089): CodeIgniter\View\View->render('admin/riwayat_p...', Array, true)
#4 C:\xampp\htdocs\the-election\app\Controllers\Admin\RiwayatPemilihanController.php(33): view('admin/riwayat_p...', Array)
#5 C:\xampp\htdocs\the-election\vendor\codeigniter4\framework\system\CodeIgniter.php(832): App\Controllers\Admin\RiwayatPemilihanController->index()
#6 C:\xampp\htdocs\the-election\vendor\codeigniter4\framework\system\CodeIgniter.php(419): CodeIgniter\CodeIgniter->runController(Object(App\Controllers\Admin\RiwayatPemilihanController))
#7 C:\xampp\htdocs\the-election\vendor\codeigniter4\framework\system\CodeIgniter.php(326): CodeIgniter\CodeIgniter->handleRequest(NULL, Object(Config\Cache), false)
#8 C:\xampp\htdocs\the-election\public\index.php(37): CodeIgniter\CodeIgniter->run()
#9 C:\xampp\htdocs\the-election\vendor\codeigniter4\framework\system\Commands\Server\rewrite.php(43): require_once('C:\\xampp\\htdocs...')
#10 {main}
CRITICAL - 2022-04-14 20:23:18 --> Undefined array key 0
#0 C:\xampp\htdocs\the-election\app\Views\admin\hasil-pemilihan.php(52): CodeIgniter\Debug\Exceptions->errorHandler(2, 'Undefined array...', 'C:\\xampp\\htdocs...', 52)
#1 C:\xampp\htdocs\the-election\vendor\codeigniter4\framework\system\View\View.php(210): include('C:\\xampp\\htdocs...')
#2 C:\xampp\htdocs\the-election\vendor\codeigniter4\framework\system\View\View.php(213): CodeIgniter\View\View->CodeIgniter\View\{closure}()
#3 C:\xampp\htdocs\the-election\vendor\codeigniter4\framework\system\Common.php(1089): CodeIgniter\View\View->render('admin/hasil-pem...', Array, true)
#4 C:\xampp\htdocs\the-election\app\Controllers\Admin\HasilPemilihanController.php(23): view('admin/hasil-pem...', Array)
#5 C:\xampp\htdocs\the-election\vendor\codeigniter4\framework\system\CodeIgniter.php(832): App\Controllers\Admin\HasilPemilihanController->index()
#6 C:\xampp\htdocs\the-election\vendor\codeigniter4\framework\system\CodeIgniter.php(419): CodeIgniter\CodeIgniter->runController(Object(App\Controllers\Admin\HasilPemilihanController))
#7 C:\xampp\htdocs\the-election\vendor\codeigniter4\framework\system\CodeIgniter.php(326): CodeIgniter\CodeIgniter->handleRequest(NULL, Object(Config\Cache), false)
#8 C:\xampp\htdocs\the-election\public\index.php(37): CodeIgniter\CodeIgniter->run()
#9 C:\xampp\htdocs\the-election\vendor\codeigniter4\framework\system\Commands\Server\rewrite.php(43): require_once('C:\\xampp\\htdocs...')
#10 {main}
CRITICAL - 2022-04-14 20:23:36 --> Array to string conversion
#0 C:\xampp\htdocs\the-election\app\Views\admin\hasil-pemilihan.php(51): CodeIgniter\Debug\Exceptions->errorHandler(2, 'Array to string...', 'C:\\xampp\\htdocs...', 51)
#1 C:\xampp\htdocs\the-election\vendor\codeigniter4\framework\system\View\View.php(210): include('C:\\xampp\\htdocs...')
#2 C:\xampp\htdocs\the-election\vendor\codeigniter4\framework\system\View\View.php(213): CodeIgniter\View\View->CodeIgniter\View\{closure}()
#3 C:\xampp\htdocs\the-election\vendor\codeigniter4\framework\system\Common.php(1089): CodeIgniter\View\View->render('admin/hasil-pem...', Array, true)
#4 C:\xampp\htdocs\the-election\app\Controllers\Admin\HasilPemilihanController.php(23): view('admin/hasil-pem...', Array)
#5 C:\xampp\htdocs\the-election\vendor\codeigniter4\framework\system\CodeIgniter.php(832): App\Controllers\Admin\HasilPemilihanController->index()
#6 C:\xampp\htdocs\the-election\vendor\codeigniter4\framework\system\CodeIgniter.php(419): CodeIgniter\CodeIgniter->runController(Object(App\Controllers\Admin\HasilPemilihanController))
#7 C:\xampp\htdocs\the-election\vendor\codeigniter4\framework\system\CodeIgniter.php(326): CodeIgniter\CodeIgniter->handleRequest(NULL, Object(Config\Cache), false)
#8 C:\xampp\htdocs\the-election\public\index.php(37): CodeIgniter\CodeIgniter->run()
#9 C:\xampp\htdocs\the-election\vendor\codeigniter4\framework\system\Commands\Server\rewrite.php(43): require_once('C:\\xampp\\htdocs...')
#10 {main}
CRITICAL - 2022-04-14 20:24:26 --> Undefined array key 0
#0 C:\xampp\htdocs\the-election\app\Views\admin\hasil-pemilihan.php(52): CodeIgniter\Debug\Exceptions->errorHandler(2, 'Undefined array...', 'C:\\xampp\\htdocs...', 52)
#1 C:\xampp\htdocs\the-election\vendor\codeigniter4\framework\system\View\View.php(210): include('C:\\xampp\\htdocs...')
#2 C:\xampp\htdocs\the-election\vendor\codeigniter4\framework\system\View\View.php(213): CodeIgniter\View\View->CodeIgniter\View\{closure}()
#3 C:\xampp\htdocs\the-election\vendor\codeigniter4\framework\system\Common.php(1089): CodeIgniter\View\View->render('admin/hasil-pem...', Array, true)
#4 C:\xampp\htdocs\the-election\app\Controllers\Admin\HasilPemilihanController.php(23): view('admin/hasil-pem...', Array)
#5 C:\xampp\htdocs\the-election\vendor\codeigniter4\framework\system\CodeIgniter.php(832): App\Controllers\Admin\HasilPemilihanController->index()
#6 C:\xampp\htdocs\the-election\vendor\codeigniter4\framework\system\CodeIgniter.php(419): CodeIgniter\CodeIgniter->runController(Object(App\Controllers\Admin\HasilPemilihanController))
#7 C:\xampp\htdocs\the-election\vendor\codeigniter4\framework\system\CodeIgniter.php(326): CodeIgniter\CodeIgniter->handleRequest(NULL, Object(Config\Cache), false)
#8 C:\xampp\htdocs\the-election\public\index.php(37): CodeIgniter\CodeIgniter->run()
#9 C:\xampp\htdocs\the-election\vendor\codeigniter4\framework\system\Commands\Server\rewrite.php(43): require_once('C:\\xampp\\htdocs...')
#10 {main}
CRITICAL - 2022-04-14 20:31:32 --> Undefined variable $rs
#0 C:\xampp\htdocs\the-election\app\Views\admin\hasil-pemilihan.php(7): CodeIgniter\Debug\Exceptions->errorHandler(2, 'Undefined varia...', 'C:\\xampp\\htdocs...', 7)
#1 C:\xampp\htdocs\the-election\vendor\codeigniter4\framework\system\View\View.php(210): include('C:\\xampp\\htdocs...')
#2 C:\xampp\htdocs\the-election\vendor\codeigniter4\framework\system\View\View.php(213): CodeIgniter\View\View->CodeIgniter\View\{closure}()
#3 C:\xampp\htdocs\the-election\vendor\codeigniter4\framework\system\Common.php(1089): CodeIgniter\View\View->render('admin/hasil-pem...', Array, true)
#4 C:\xampp\htdocs\the-election\app\Controllers\Admin\HasilPemilihanController.php(30): view('admin/hasil-pem...', Array)
#5 C:\xampp\htdocs\the-election\vendor\codeigniter4\framework\system\CodeIgniter.php(832): App\Controllers\Admin\HasilPemilihanController->index()
#6 C:\xampp\htdocs\the-election\vendor\codeigniter4\framework\system\CodeIgniter.php(419): CodeIgniter\CodeIgniter->runController(Object(App\Controllers\Admin\HasilPemilihanController))
#7 C:\xampp\htdocs\the-election\vendor\codeigniter4\framework\system\CodeIgniter.php(326): CodeIgniter\CodeIgniter->handleRequest(NULL, Object(Config\Cache), false)
#8 C:\xampp\htdocs\the-election\public\index.php(37): CodeIgniter\CodeIgniter->run()
#9 C:\xampp\htdocs\the-election\vendor\codeigniter4\framework\system\Commands\Server\rewrite.php(43): require_once('C:\\xampp\\htdocs...')
#10 {main}
CRITICAL - 2022-04-14 20:32:20 --> Cannot access offset of type string on string
#0 C:\xampp\htdocs\the-election\vendor\codeigniter4\framework\system\View\View.php(210): include()
#1 C:\xampp\htdocs\the-election\vendor\codeigniter4\framework\system\View\View.php(213): CodeIgniter\View\View->CodeIgniter\View\{closure}()
#2 C:\xampp\htdocs\the-election\vendor\codeigniter4\framework\system\Common.php(1089): CodeIgniter\View\View->render('admin/hasil-pem...', Array, true)
#3 C:\xampp\htdocs\the-election\app\Controllers\Admin\HasilPemilihanController.php(30): view('admin/hasil-pem...', Array)
#4 C:\xampp\htdocs\the-election\vendor\codeigniter4\framework\system\CodeIgniter.php(832): App\Controllers\Admin\HasilPemilihanController->index()
#5 C:\xampp\htdocs\the-election\vendor\codeigniter4\framework\system\CodeIgniter.php(419): CodeIgniter\CodeIgniter->runController(Object(App\Controllers\Admin\HasilPemilihanController))
#6 C:\xampp\htdocs\the-election\vendor\codeigniter4\framework\system\CodeIgniter.php(326): CodeIgniter\CodeIgniter->handleRequest(NULL, Object(Config\Cache), false)
#7 C:\xampp\htdocs\the-election\public\index.php(37): CodeIgniter\CodeIgniter->run()
#8 C:\xampp\htdocs\the-election\vendor\codeigniter4\framework\system\Commands\Server\rewrite.php(43): require_once('C:\\xampp\\htdocs...')
#9 {main}
CRITICAL - 2022-04-14 20:32:35 --> Array to string conversion
#0 C:\xampp\htdocs\the-election\app\Views\admin\hasil-pemilihan.php(55): CodeIgniter\Debug\Exceptions->errorHandler(2, 'Array to string...', 'C:\\xampp\\htdocs...', 55)
#1 C:\xampp\htdocs\the-election\vendor\codeigniter4\framework\system\View\View.php(210): include('C:\\xampp\\htdocs...')
#2 C:\xampp\htdocs\the-election\vendor\codeigniter4\framework\system\View\View.php(213): CodeIgniter\View\View->CodeIgniter\View\{closure}()
#3 C:\xampp\htdocs\the-election\vendor\codeigniter4\framework\system\Common.php(1089): CodeIgniter\View\View->render('admin/hasil-pem...', Array, true)
#4 C:\xampp\htdocs\the-election\app\Controllers\Admin\HasilPemilihanController.php(29): view('admin/hasil-pem...', Array)
#5 C:\xampp\htdocs\the-election\vendor\codeigniter4\framework\system\CodeIgniter.php(832): App\Controllers\Admin\HasilPemilihanController->index()
#6 C:\xampp\htdocs\the-election\vendor\codeigniter4\framework\system\CodeIgniter.php(419): CodeIgniter\CodeIgniter->runController(Object(App\Controllers\Admin\HasilPemilihanController))
#7 C:\xampp\htdocs\the-election\vendor\codeigniter4\framework\system\CodeIgniter.php(326): CodeIgniter\CodeIgniter->handleRequest(NULL, Object(Config\Cache), false)
#8 C:\xampp\htdocs\the-election\public\index.php(37): CodeIgniter\CodeIgniter->run()
#9 C:\xampp\htdocs\the-election\vendor\codeigniter4\framework\system\Commands\Server\rewrite.php(43): require_once('C:\\xampp\\htdocs...')
#10 {main}
CRITICAL - 2022-04-14 20:33:09 --> syntax error, unexpected end of file
#0 C:\xampp\htdocs\the-election\vendor\codeigniter4\framework\system\View\View.php(213): CodeIgniter\View\View->CodeIgniter\View\{closure}()
#1 C:\xampp\htdocs\the-election\vendor\codeigniter4\framework\system\Common.php(1089): CodeIgniter\View\View->render('admin/hasil-pem...', Array, true)
#2 C:\xampp\htdocs\the-election\app\Controllers\Admin\HasilPemilihanController.php(28): view('admin/hasil-pem...', Array)
#3 C:\xampp\htdocs\the-election\vendor\codeigniter4\framework\system\CodeIgniter.php(832): App\Controllers\Admin\HasilPemilihanController->index()
#4 C:\xampp\htdocs\the-election\vendor\codeigniter4\framework\system\CodeIgniter.php(419): CodeIgniter\CodeIgniter->runController(Object(App\Controllers\Admin\HasilPemilihanController))
#5 C:\xampp\htdocs\the-election\vendor\codeigniter4\framework\system\CodeIgniter.php(326): CodeIgniter\CodeIgniter->handleRequest(NULL, Object(Config\Cache), false)
#6 C:\xampp\htdocs\the-election\public\index.php(37): CodeIgniter\CodeIgniter->run()
#7 C:\xampp\htdocs\the-election\vendor\codeigniter4\framework\system\Commands\Server\rewrite.php(43): require_once('C:\\xampp\\htdocs...')
#8 {main}
CRITICAL - 2022-04-14 20:33:41 --> Array to string conversion
#0 C:\xampp\htdocs\the-election\app\Views\admin\hasil-pemilihan.php(56): CodeIgniter\Debug\Exceptions->errorHandler(2, 'Array to string...', 'C:\\xampp\\htdocs...', 56)
#1 C:\xampp\htdocs\the-election\vendor\codeigniter4\framework\system\View\View.php(210): include('C:\\xampp\\htdocs...')
#2 C:\xampp\htdocs\the-election\vendor\codeigniter4\framework\system\View\View.php(213): CodeIgniter\View\View->CodeIgniter\View\{closure}()
#3 C:\xampp\htdocs\the-election\vendor\codeigniter4\framework\system\Common.php(1089): CodeIgniter\View\View->render('admin/hasil-pem...', Array, true)
#4 C:\xampp\htdocs\the-election\app\Controllers\Admin\HasilPemilihanController.php(28): view('admin/hasil-pem...', Array)
#5 C:\xampp\htdocs\the-election\vendor\codeigniter4\framework\system\CodeIgniter.php(832): App\Controllers\Admin\HasilPemilihanController->index()
#6 C:\xampp\htdocs\the-election\vendor\codeigniter4\framework\system\CodeIgniter.php(419): CodeIgniter\CodeIgniter->runController(Object(App\Controllers\Admin\HasilPemilihanController))
#7 C:\xampp\htdocs\the-election\vendor\codeigniter4\framework\system\CodeIgniter.php(326): CodeIgniter\CodeIgniter->handleRequest(NULL, Object(Config\Cache), false)
#8 C:\xampp\htdocs\the-election\public\index.php(37): CodeIgniter\CodeIgniter->run()
#9 C:\xampp\htdocs\the-election\vendor\codeigniter4\framework\system\Commands\Server\rewrite.php(43): require_once('C:\\xampp\\htdocs...')
#10 {main}
CRITICAL - 2022-04-14 20:34:17 --> Array to string conversion
#0 C:\xampp\htdocs\the-election\app\Views\admin\hasil-pemilihan.php(57): CodeIgniter\Debug\Exceptions->errorHandler(2, 'Array to string...', 'C:\\xampp\\htdocs...', 57)
#1 C:\xampp\htdocs\the-election\vendor\codeigniter4\framework\system\View\View.php(210): include('C:\\xampp\\htdocs...')
#2 C:\xampp\htdocs\the-election\vendor\codeigniter4\framework\system\View\View.php(213): CodeIgniter\View\View->CodeIgniter\View\{closure}()
#3 C:\xampp\htdocs\the-election\vendor\codeigniter4\framework\system\Common.php(1089): CodeIgniter\View\View->render('admin/hasil-pem...', Array, true)
#4 C:\xampp\htdocs\the-election\app\Controllers\Admin\HasilPemilihanController.php(28): view('admin/hasil-pem...', Array)
#5 C:\xampp\htdocs\the-election\vendor\codeigniter4\framework\system\CodeIgniter.php(832): App\Controllers\Admin\HasilPemilihanController->index()
#6 C:\xampp\htdocs\the-election\vendor\codeigniter4\framework\system\CodeIgniter.php(419): CodeIgniter\CodeIgniter->runController(Object(App\Controllers\Admin\HasilPemilihanController))
#7 C:\xampp\htdocs\the-election\vendor\codeigniter4\framework\system\CodeIgniter.php(326): CodeIgniter\CodeIgniter->handleRequest(NULL, Object(Config\Cache), false)
#8 C:\xampp\htdocs\the-election\public\index.php(37): CodeIgniter\CodeIgniter->run()
#9 C:\xampp\htdocs\the-election\vendor\codeigniter4\framework\system\Commands\Server\rewrite.php(43): require_once('C:\\xampp\\htdocs...')
#10 {main}
CRITICAL - 2022-04-14 20:34:39 --> Array to string conversion
#0 C:\xampp\htdocs\the-election\app\Views\admin\hasil-pemilihan.php(57): CodeIgniter\Debug\Exceptions->errorHandler(2, 'Array to string...', 'C:\\xampp\\htdocs...', 57)
#1 C:\xampp\htdocs\the-election\vendor\codeigniter4\framework\system\View\View.php(210): include('C:\\xampp\\htdocs...')
#2 C:\xampp\htdocs\the-election\vendor\codeigniter4\framework\system\View\View.php(213): CodeIgniter\View\View->CodeIgniter\View\{closure}()
#3 C:\xampp\htdocs\the-election\vendor\codeigniter4\framework\system\Common.php(1089): CodeIgniter\View\View->render('admin/hasil-pem...', Array, true)
#4 C:\xampp\htdocs\the-election\app\Controllers\Admin\HasilPemilihanController.php(28): view('admin/hasil-pem...', Array)
#5 C:\xampp\htdocs\the-election\vendor\codeigniter4\framework\system\CodeIgniter.php(832): App\Controllers\Admin\HasilPemilihanController->index()
#6 C:\xampp\htdocs\the-election\vendor\codeigniter4\framework\system\CodeIgniter.php(419): CodeIgniter\CodeIgniter->runController(Object(App\Controllers\Admin\HasilPemilihanController))
#7 C:\xampp\htdocs\the-election\vendor\codeigniter4\framework\system\CodeIgniter.php(326): CodeIgniter\CodeIgniter->handleRequest(NULL, Object(Config\Cache), false)
#8 C:\xampp\htdocs\the-election\public\index.php(37): CodeIgniter\CodeIgniter->run()
#9 C:\xampp\htdocs\the-election\vendor\codeigniter4\framework\system\Commands\Server\rewrite.php(43): require_once('C:\\xampp\\htdocs...')
#10 {main}
CRITICAL - 2022-04-14 20:36:46 --> Unsupported operand types: string / array
#0 C:\xampp\htdocs\the-election\vendor\codeigniter4\framework\system\CodeIgniter.php(832): App\Controllers\Admin\HasilPemilihanController->index()
#1 C:\xampp\htdocs\the-election\vendor\codeigniter4\framework\system\CodeIgniter.php(419): CodeIgniter\CodeIgniter->runController(Object(App\Controllers\Admin\HasilPemilihanController))
#2 C:\xampp\htdocs\the-election\vendor\codeigniter4\framework\system\CodeIgniter.php(326): CodeIgniter\CodeIgniter->handleRequest(NULL, Object(Config\Cache), false)
#3 C:\xampp\htdocs\the-election\public\index.php(37): CodeIgniter\CodeIgniter->run()
#4 C:\xampp\htdocs\the-election\vendor\codeigniter4\framework\system\Commands\Server\rewrite.php(43): require_once('C:\\xampp\\htdocs...')
#5 {main}
CRITICAL - 2022-04-14 20:36:57 --> Unsupported operand types: array / array
#0 C:\xampp\htdocs\the-election\vendor\codeigniter4\framework\system\CodeIgniter.php(832): App\Controllers\Admin\HasilPemilihanController->index()
#1 C:\xampp\htdocs\the-election\vendor\codeigniter4\framework\system\CodeIgniter.php(419): CodeIgniter\CodeIgniter->runController(Object(App\Controllers\Admin\HasilPemilihanController))
#2 C:\xampp\htdocs\the-election\vendor\codeigniter4\framework\system\CodeIgniter.php(326): CodeIgniter\CodeIgniter->handleRequest(NULL, Object(Config\Cache), false)
#3 C:\xampp\htdocs\the-election\public\index.php(37): CodeIgniter\CodeIgniter->run()
#4 C:\xampp\htdocs\the-election\vendor\codeigniter4\framework\system\Commands\Server\rewrite.php(43): require_once('C:\\xampp\\htdocs...')
#5 {main}
CRITICAL - 2022-04-14 20:37:05 --> Unsupported operand types: string / array
#0 C:\xampp\htdocs\the-election\vendor\codeigniter4\framework\system\CodeIgniter.php(832): App\Controllers\Admin\HasilPemilihanController->index()
#1 C:\xampp\htdocs\the-election\vendor\codeigniter4\framework\system\CodeIgniter.php(419): CodeIgniter\CodeIgniter->runController(Object(App\Controllers\Admin\HasilPemilihanController))
#2 C:\xampp\htdocs\the-election\vendor\codeigniter4\framework\system\CodeIgniter.php(326): CodeIgniter\CodeIgniter->handleRequest(NULL, Object(Config\Cache), false)
#3 C:\xampp\htdocs\the-election\public\index.php(37): CodeIgniter\CodeIgniter->run()
#4 C:\xampp\htdocs\the-election\vendor\codeigniter4\framework\system\Commands\Server\rewrite.php(43): require_once('C:\\xampp\\htdocs...')
#5 {main}
CRITICAL - 2022-04-14 20:40:13 --> Array to string conversion
#0 C:\xampp\htdocs\the-election\app\Views\admin\hasil-pemilihan.php(52): CodeIgniter\Debug\Exceptions->errorHandler(2, 'Array to string...', 'C:\\xampp\\htdocs...', 52)
#1 C:\xampp\htdocs\the-election\vendor\codeigniter4\framework\system\View\View.php(210): include('C:\\xampp\\htdocs...')
#2 C:\xampp\htdocs\the-election\vendor\codeigniter4\framework\system\View\View.php(213): CodeIgniter\View\View->CodeIgniter\View\{closure}()
#3 C:\xampp\htdocs\the-election\vendor\codeigniter4\framework\system\Common.php(1089): CodeIgniter\View\View->render('admin/hasil-pem...', Array, true)
#4 C:\xampp\htdocs\the-election\app\Controllers\Admin\HasilPemilihanController.php(32): view('admin/hasil-pem...', Array)
#5 C:\xampp\htdocs\the-election\vendor\codeigniter4\framework\system\CodeIgniter.php(832): App\Controllers\Admin\HasilPemilihanController->index()
#6 C:\xampp\htdocs\the-election\vendor\codeigniter4\framework\system\CodeIgniter.php(419): CodeIgniter\CodeIgniter->runController(Object(App\Controllers\Admin\HasilPemilihanController))
#7 C:\xampp\htdocs\the-election\vendor\codeigniter4\framework\system\CodeIgniter.php(326): CodeIgniter\CodeIgniter->handleRequest(NULL, Object(Config\Cache), false)
#8 C:\xampp\htdocs\the-election\public\index.php(37): CodeIgniter\CodeIgniter->run()
#9 C:\xampp\htdocs\the-election\vendor\codeigniter4\framework\system\Commands\Server\rewrite.php(43): require_once('C:\\xampp\\htdocs...')
#10 {main}
CRITICAL - 2022-04-14 20:40:55 --> Array to string conversion
#0 C:\xampp\htdocs\the-election\app\Views\admin\hasil-pemilihan.php(51): CodeIgniter\Debug\Exceptions->errorHandler(2, 'Array to string...', 'C:\\xampp\\htdocs...', 51)
#1 C:\xampp\htdocs\the-election\vendor\codeigniter4\framework\system\View\View.php(210): include('C:\\xampp\\htdocs...')
#2 C:\xampp\htdocs\the-election\vendor\codeigniter4\framework\system\View\View.php(213): CodeIgniter\View\View->CodeIgniter\View\{closure}()
#3 C:\xampp\htdocs\the-election\vendor\codeigniter4\framework\system\Common.php(1089): CodeIgniter\View\View->render('admin/hasil-pem...', Array, true)
#4 C:\xampp\htdocs\the-election\app\Controllers\Admin\HasilPemilihanController.php(32): view('admin/hasil-pem...', Array)
#5 C:\xampp\htdocs\the-election\vendor\codeigniter4\framework\system\CodeIgniter.php(832): App\Controllers\Admin\HasilPemilihanController->index()
#6 C:\xampp\htdocs\the-election\vendor\codeigniter4\framework\system\CodeIgniter.php(419): CodeIgniter\CodeIgniter->runController(Object(App\Controllers\Admin\HasilPemilihanController))
#7 C:\xampp\htdocs\the-election\vendor\codeigniter4\framework\system\CodeIgniter.php(326): CodeIgniter\CodeIgniter->handleRequest(NULL, Object(Config\Cache), false)
#8 C:\xampp\htdocs\the-election\public\index.php(37): CodeIgniter\CodeIgniter->run()
#9 C:\xampp\htdocs\the-election\vendor\codeigniter4\framework\system\Commands\Server\rewrite.php(43): require_once('C:\\xampp\\htdocs...')
#10 {main}
CRITICAL - 2022-04-14 20:41:30 --> Array to string conversion
#0 C:\xampp\htdocs\the-election\app\Views\admin\hasil-pemilihan.php(51): CodeIgniter\Debug\Exceptions->errorHandler(2, 'Array to string...', 'C:\\xampp\\htdocs...', 51)
#1 C:\xampp\htdocs\the-election\vendor\codeigniter4\framework\system\View\View.php(210): include('C:\\xampp\\htdocs...')
#2 C:\xampp\htdocs\the-election\vendor\codeigniter4\framework\system\View\View.php(213): CodeIgniter\View\View->CodeIgniter\View\{closure}()
#3 C:\xampp\htdocs\the-election\vendor\codeigniter4\framework\system\Common.php(1089): CodeIgniter\View\View->render('admin/hasil-pem...', Array, true)
#4 C:\xampp\htdocs\the-election\app\Controllers\Admin\HasilPemilihanController.php(32): view('admin/hasil-pem...', Array)
#5 C:\xampp\htdocs\the-election\vendor\codeigniter4\framework\system\CodeIgniter.php(832): App\Controllers\Admin\HasilPemilihanController->index()
#6 C:\xampp\htdocs\the-election\vendor\codeigniter4\framework\system\CodeIgniter.php(419): CodeIgniter\CodeIgniter->runController(Object(App\Controllers\Admin\HasilPemilihanController))
#7 C:\xampp\htdocs\the-election\vendor\codeigniter4\framework\system\CodeIgniter.php(326): CodeIgniter\CodeIgniter->handleRequest(NULL, Object(Config\Cache), false)
#8 C:\xampp\htdocs\the-election\public\index.php(37): CodeIgniter\CodeIgniter->run()
#9 C:\xampp\htdocs\the-election\vendor\codeigniter4\framework\system\Commands\Server\rewrite.php(43): require_once('C:\\xampp\\htdocs...')
#10 {main}
CRITICAL - 2022-04-14 20:42:13 --> Undefined array key 0
#0 C:\xampp\htdocs\the-election\app\Views\admin\hasil-pemilihan.php(51): CodeIgniter\Debug\Exceptions->errorHandler(2, 'Undefined array...', 'C:\\xampp\\htdocs...', 51)
#1 C:\xampp\htdocs\the-election\vendor\codeigniter4\framework\system\View\View.php(210): include('C:\\xampp\\htdocs...')
#2 C:\xampp\htdocs\the-election\vendor\codeigniter4\framework\system\View\View.php(213): CodeIgniter\View\View->CodeIgniter\View\{closure}()
#3 C:\xampp\htdocs\the-election\vendor\codeigniter4\framework\system\Common.php(1089): CodeIgniter\View\View->render('admin/hasil-pem...', Array, true)
#4 C:\xampp\htdocs\the-election\app\Controllers\Admin\HasilPemilihanController.php(32): view('admin/hasil-pem...', Array)
#5 C:\xampp\htdocs\the-election\vendor\codeigniter4\framework\system\CodeIgniter.php(832): App\Controllers\Admin\HasilPemilihanController->index()
#6 C:\xampp\htdocs\the-election\vendor\codeigniter4\framework\system\CodeIgniter.php(419): CodeIgniter\CodeIgniter->runController(Object(App\Controllers\Admin\HasilPemilihanController))
#7 C:\xampp\htdocs\the-election\vendor\codeigniter4\framework\system\CodeIgniter.php(326): CodeIgniter\CodeIgniter->handleRequest(NULL, Object(Config\Cache), false)
#8 C:\xampp\htdocs\the-election\public\index.php(37): CodeIgniter\CodeIgniter->run()
#9 C:\xampp\htdocs\the-election\vendor\codeigniter4\framework\system\Commands\Server\rewrite.php(43): require_once('C:\\xampp\\htdocs...')
#10 {main}
CRITICAL - 2022-04-14 20:42:17 --> Undefined array key 1
#0 C:\xampp\htdocs\the-election\app\Views\admin\hasil-pemilihan.php(51): CodeIgniter\Debug\Exceptions->errorHandler(2, 'Undefined array...', 'C:\\xampp\\htdocs...', 51)
#1 C:\xampp\htdocs\the-election\vendor\codeigniter4\framework\system\View\View.php(210): include('C:\\xampp\\htdocs...')
#2 C:\xampp\htdocs\the-election\vendor\codeigniter4\framework\system\View\View.php(213): CodeIgniter\View\View->CodeIgniter\View\{closure}()
#3 C:\xampp\htdocs\the-election\vendor\codeigniter4\framework\system\Common.php(1089): CodeIgniter\View\View->render('admin/hasil-pem...', Array, true)
#4 C:\xampp\htdocs\the-election\app\Controllers\Admin\HasilPemilihanController.php(32): view('admin/hasil-pem...', Array)
#5 C:\xampp\htdocs\the-election\vendor\codeigniter4\framework\system\CodeIgniter.php(832): App\Controllers\Admin\HasilPemilihanController->index()
#6 C:\xampp\htdocs\the-election\vendor\codeigniter4\framework\system\CodeIgniter.php(419): CodeIgniter\CodeIgniter->runController(Object(App\Controllers\Admin\HasilPemilihanController))
#7 C:\xampp\htdocs\the-election\vendor\codeigniter4\framework\system\CodeIgniter.php(326): CodeIgniter\CodeIgniter->handleRequest(NULL, Object(Config\Cache), false)
#8 C:\xampp\htdocs\the-election\public\index.php(37): CodeIgniter\CodeIgniter->run()
#9 C:\xampp\htdocs\the-election\vendor\codeigniter4\framework\system\Commands\Server\rewrite.php(43): require_once('C:\\xampp\\htdocs...')
#10 {main}
CRITICAL - 2022-04-14 20:43:15 --> Cannot use object of type stdClass as array
#0 C:\xampp\htdocs\the-election\vendor\codeigniter4\framework\system\View\View.php(210): include()
#1 C:\xampp\htdocs\the-election\vendor\codeigniter4\framework\system\View\View.php(213): CodeIgniter\View\View->CodeIgniter\View\{closure}()
#2 C:\xampp\htdocs\the-election\vendor\codeigniter4\framework\system\Common.php(1089): CodeIgniter\View\View->render('admin/hasil-pem...', Array, true)
#3 C:\xampp\htdocs\the-election\app\Controllers\Admin\HasilPemilihanController.php(32): view('admin/hasil-pem...', Array)
#4 C:\xampp\htdocs\the-election\vendor\codeigniter4\framework\system\CodeIgniter.php(832): App\Controllers\Admin\HasilPemilihanController->index()
#5 C:\xampp\htdocs\the-election\vendor\codeigniter4\framework\system\CodeIgniter.php(419): CodeIgniter\CodeIgniter->runController(Object(App\Controllers\Admin\HasilPemilihanController))
#6 C:\xampp\htdocs\the-election\vendor\codeigniter4\framework\system\CodeIgniter.php(326): CodeIgniter\CodeIgniter->handleRequest(NULL, Object(Config\Cache), false)
#7 C:\xampp\htdocs\the-election\public\index.php(37): CodeIgniter\CodeIgniter->run()
#8 C:\xampp\htdocs\the-election\vendor\codeigniter4\framework\system\Commands\Server\rewrite.php(43): require_once('C:\\xampp\\htdocs...')
#9 {main}
CRITICAL - 2022-04-14 20:51:11 --> Undefined array key "jumlahsuara"
#0 C:\xampp\htdocs\the-election\app\Views\admin\hasil-pemilihan.php(52): CodeIgniter\Debug\Exceptions->errorHandler(2, 'Undefined array...', 'C:\\xampp\\htdocs...', 52)
#1 C:\xampp\htdocs\the-election\vendor\codeigniter4\framework\system\View\View.php(210): include('C:\\xampp\\htdocs...')
#2 C:\xampp\htdocs\the-election\vendor\codeigniter4\framework\system\View\View.php(213): CodeIgniter\View\View->CodeIgniter\View\{closure}()
#3 C:\xampp\htdocs\the-election\vendor\codeigniter4\framework\system\Common.php(1089): CodeIgniter\View\View->render('admin/hasil-pem...', Array, true)
#4 C:\xampp\htdocs\the-election\app\Controllers\Admin\HasilPemilihanController.php(32): view('admin/hasil-pem...', Array)
#5 C:\xampp\htdocs\the-election\vendor\codeigniter4\framework\system\CodeIgniter.php(832): App\Controllers\Admin\HasilPemilihanController->index()
#6 C:\xampp\htdocs\the-election\vendor\codeigniter4\framework\system\CodeIgniter.php(419): CodeIgniter\CodeIgniter->runController(Object(App\Controllers\Admin\HasilPemilihanController))
#7 C:\xampp\htdocs\the-election\vendor\codeigniter4\framework\system\CodeIgniter.php(326): CodeIgniter\CodeIgniter->handleRequest(NULL, Object(Config\Cache), false)
#8 C:\xampp\htdocs\the-election\public\index.php(37): CodeIgniter\CodeIgniter->run()
#9 C:\xampp\htdocs\the-election\vendor\codeigniter4\framework\system\Commands\Server\rewrite.php(43): require_once('C:\\xampp\\htdocs...')
#10 {main}
CRITICAL - 2022-04-14 22:18:59 --> Undefined variable $riwayats
#0 C:\xampp\htdocs\the-election\app\Views\admin\riwayat_pemilihan.php(8): CodeIgniter\Debug\Exceptions->errorHandler(2, 'Undefined varia...', 'C:\\xampp\\htdocs...', 8)
#1 C:\xampp\htdocs\the-election\vendor\codeigniter4\framework\system\View\View.php(210): include('C:\\xampp\\htdocs...')
#2 C:\xampp\htdocs\the-election\vendor\codeigniter4\framework\system\View\View.php(213): CodeIgniter\View\View->CodeIgniter\View\{closure}()
#3 C:\xampp\htdocs\the-election\vendor\codeigniter4\framework\system\Common.php(1089): CodeIgniter\View\View->render('admin/riwayat_p...', Array, true)
#4 C:\xampp\htdocs\the-election\app\Controllers\Admin\RiwayatPemilihanController.php(29): view('admin/riwayat_p...', Array)
#5 C:\xampp\htdocs\the-election\vendor\codeigniter4\framework\system\CodeIgniter.php(832): App\Controllers\Admin\RiwayatPemilihanController->index()
#6 C:\xampp\htdocs\the-election\vendor\codeigniter4\framework\system\CodeIgniter.php(419): CodeIgniter\CodeIgniter->runController(Object(App\Controllers\Admin\RiwayatPemilihanController))
#7 C:\xampp\htdocs\the-election\vendor\codeigniter4\framework\system\CodeIgniter.php(326): CodeIgniter\CodeIgniter->handleRequest(NULL, Object(Config\Cache), false)
#8 C:\xampp\htdocs\the-election\public\index.php(37): CodeIgniter\CodeIgniter->run()
#9 C:\xampp\htdocs\the-election\vendor\codeigniter4\framework\system\Commands\Server\rewrite.php(43): require_once('C:\\xampp\\htdocs...')
#10 {main}
CRITICAL - 2022-04-14 22:20:10 --> Array to string conversion
#0 C:\xampp\htdocs\the-election\app\Views\admin\paslon\data_paslon.php(85): CodeIgniter\Debug\Exceptions->errorHandler(2, 'Array to string...', 'C:\\xampp\\htdocs...', 85)
#1 C:\xampp\htdocs\the-election\vendor\codeigniter4\framework\system\View\View.php(210): include('C:\\xampp\\htdocs...')
#2 C:\xampp\htdocs\the-election\vendor\codeigniter4\framework\system\View\View.php(213): CodeIgniter\View\View->CodeIgniter\View\{closure}()
#3 C:\xampp\htdocs\the-election\vendor\codeigniter4\framework\system\Common.php(1089): CodeIgniter\View\View->render('admin/paslon/da...', Array, true)
#4 C:\xampp\htdocs\the-election\app\Controllers\Admin\DataPaslonController.php(23): view('admin/paslon/da...', Array)
#5 C:\xampp\htdocs\the-election\vendor\codeigniter4\framework\system\CodeIgniter.php(832): App\Controllers\Admin\DataPaslonController->index()
#6 C:\xampp\htdocs\the-election\vendor\codeigniter4\framework\system\CodeIgniter.php(419): CodeIgniter\CodeIgniter->runController(Object(App\Controllers\Admin\DataPaslonController))
#7 C:\xampp\htdocs\the-election\vendor\codeigniter4\framework\system\CodeIgniter.php(326): CodeIgniter\CodeIgniter->handleRequest(NULL, Object(Config\Cache), false)
#8 C:\xampp\htdocs\the-election\public\index.php(37): CodeIgniter\CodeIgniter->run()
#9 C:\xampp\htdocs\the-election\vendor\codeigniter4\framework\system\Commands\Server\rewrite.php(43): require_once('C:\\xampp\\htdocs...')
#10 {main}
CRITICAL - 2022-04-14 22:20:22 --> Trying to access array offset on value of type null
#0 C:\xampp\htdocs\the-election\app\Views\admin\paslon\detail-paslon.php(27): CodeIgniter\Debug\Exceptions->errorHandler(2, 'Trying to acces...', 'C:\\xampp\\htdocs...', 27)
#1 C:\xampp\htdocs\the-election\vendor\codeigniter4\framework\system\View\View.php(210): include('C:\\xampp\\htdocs...')
#2 C:\xampp\htdocs\the-election\vendor\codeigniter4\framework\system\View\View.php(213): CodeIgniter\View\View->CodeIgniter\View\{closure}()
#3 C:\xampp\htdocs\the-election\vendor\codeigniter4\framework\system\Common.php(1089): CodeIgniter\View\View->render('admin/paslon/de...', Array, true)
#4 C:\xampp\htdocs\the-election\app\Controllers\Admin\DataPaslonController.php(34): view('admin/paslon/de...', Array)
#5 C:\xampp\htdocs\the-election\vendor\codeigniter4\framework\system\CodeIgniter.php(832): App\Controllers\Admin\DataPaslonController->detail('css', 'admin', 'style.css')
#6 C:\xampp\htdocs\the-election\vendor\codeigniter4\framework\system\CodeIgniter.php(419): CodeIgniter\CodeIgniter->runController(Object(App\Controllers\Admin\DataPaslonController))
#7 C:\xampp\htdocs\the-election\vendor\codeigniter4\framework\system\CodeIgniter.php(326): CodeIgniter\CodeIgniter->handleRequest(NULL, Object(Config\Cache), false)
#8 C:\xampp\htdocs\the-election\public\index.php(37): CodeIgniter\CodeIgniter->run()
#9 C:\xampp\htdocs\the-election\vendor\codeigniter4\framework\system\Commands\Server\rewrite.php(43): require_once('C:\\xampp\\htdocs...')
#10 {main}
CRITICAL - 2022-04-14 22:21:14 --> Trying to access array offset on value of type null
#0 C:\xampp\htdocs\the-election\app\Views\admin\paslon\detail-paslon.php(27): CodeIgniter\Debug\Exceptions->errorHandler(2, 'Trying to acces...', 'C:\\xampp\\htdocs...', 27)
#1 C:\xampp\htdocs\the-election\vendor\codeigniter4\framework\system\View\View.php(210): include('C:\\xampp\\htdocs...')
#2 C:\xampp\htdocs\the-election\vendor\codeigniter4\framework\system\View\View.php(213): CodeIgniter\View\View->CodeIgniter\View\{closure}()
#3 C:\xampp\htdocs\the-election\vendor\codeigniter4\framework\system\Common.php(1089): CodeIgniter\View\View->render('admin/paslon/de...', Array, true)
#4 C:\xampp\htdocs\the-election\app\Controllers\Admin\DataPaslonController.php(34): view('admin/paslon/de...', Array)
#5 C:\xampp\htdocs\the-election\vendor\codeigniter4\framework\system\CodeIgniter.php(832): App\Controllers\Admin\DataPaslonController->detail('css', 'admin', 'style.css')
#6 C:\xampp\htdocs\the-election\vendor\codeigniter4\framework\system\CodeIgniter.php(419): CodeIgniter\CodeIgniter->runController(Object(App\Controllers\Admin\DataPaslonController))
#7 C:\xampp\htdocs\the-election\vendor\codeigniter4\framework\system\CodeIgniter.php(326): CodeIgniter\CodeIgniter->handleRequest(NULL, Object(Config\Cache), false)
#8 C:\xampp\htdocs\the-election\public\index.php(37): CodeIgniter\CodeIgniter->run()
#9 C:\xampp\htdocs\the-election\vendor\codeigniter4\framework\system\Commands\Server\rewrite.php(43): require_once('C:\\xampp\\htdocs...')
#10 {main}
CRITICAL - 2022-04-14 22:21:19 --> Trying to access array offset on value of type null
#0 C:\xampp\htdocs\the-election\app\Views\admin\paslon\detail-paslon.php(27): CodeIgniter\Debug\Exceptions->errorHandler(2, 'Trying to acces...', 'C:\\xampp\\htdocs...', 27)
#1 C:\xampp\htdocs\the-election\vendor\codeigniter4\framework\system\View\View.php(210): include('C:\\xampp\\htdocs...')
#2 C:\xampp\htdocs\the-election\vendor\codeigniter4\framework\system\View\View.php(213): CodeIgniter\View\View->CodeIgniter\View\{closure}()
#3 C:\xampp\htdocs\the-election\vendor\codeigniter4\framework\system\Common.php(1089): CodeIgniter\View\View->render('admin/paslon/de...', Array, true)
#4 C:\xampp\htdocs\the-election\app\Controllers\Admin\DataPaslonController.php(34): view('admin/paslon/de...', Array)
#5 C:\xampp\htdocs\the-election\vendor\codeigniter4\framework\system\CodeIgniter.php(832): App\Controllers\Admin\DataPaslonController->detail('css', 'admin', 'style.css')
#6 C:\xampp\htdocs\the-election\vendor\codeigniter4\framework\system\CodeIgniter.php(419): CodeIgniter\CodeIgniter->runController(Object(App\Controllers\Admin\DataPaslonController))
#7 C:\xampp\htdocs\the-election\vendor\codeigniter4\framework\system\CodeIgniter.php(326): CodeIgniter\CodeIgniter->handleRequest(NULL, Object(Config\Cache), false)
#8 C:\xampp\htdocs\the-election\public\index.php(37): CodeIgniter\CodeIgniter->run()
#9 C:\xampp\htdocs\the-election\vendor\codeigniter4\framework\system\Commands\Server\rewrite.php(43): require_once('C:\\xampp\\htdocs...')
#10 {main}
CRITICAL - 2022-04-14 22:21:23 --> Trying to access array offset on value of type null
#0 C:\xampp\htdocs\the-election\app\Views\admin\paslon\detail-paslon.php(27): CodeIgniter\Debug\Exceptions->errorHandler(2, 'Trying to acces...', 'C:\\xampp\\htdocs...', 27)
#1 C:\xampp\htdocs\the-election\vendor\codeigniter4\framework\system\View\View.php(210): include('C:\\xampp\\htdocs...')
#2 C:\xampp\htdocs\the-election\vendor\codeigniter4\framework\system\View\View.php(213): CodeIgniter\View\View->CodeIgniter\View\{closure}()
#3 C:\xampp\htdocs\the-election\vendor\codeigniter4\framework\system\Common.php(1089): CodeIgniter\View\View->render('admin/paslon/de...', Array, true)
#4 C:\xampp\htdocs\the-election\app\Controllers\Admin\DataPaslonController.php(34): view('admin/paslon/de...', Array)
#5 C:\xampp\htdocs\the-election\vendor\codeigniter4\framework\system\CodeIgniter.php(832): App\Controllers\Admin\DataPaslonController->detail('css', 'admin', 'style.css')
#6 C:\xampp\htdocs\the-election\vendor\codeigniter4\framework\system\CodeIgniter.php(419): CodeIgniter\CodeIgniter->runController(Object(App\Controllers\Admin\DataPaslonController))
#7 C:\xampp\htdocs\the-election\vendor\codeigniter4\framework\system\CodeIgniter.php(326): CodeIgniter\CodeIgniter->handleRequest(NULL, Object(Config\Cache), false)
#8 C:\xampp\htdocs\the-election\public\index.php(37): CodeIgniter\CodeIgniter->run()
#9 C:\xampp\htdocs\the-election\vendor\codeigniter4\framework\system\Commands\Server\rewrite.php(43): require_once('C:\\xampp\\htdocs...')
#10 {main}
CRITICAL - 2022-04-14 22:32:43 --> Trying to access array offset on value of type null
#0 C:\xampp\htdocs\the-election\app\Views\admin\paslon\detail-paslon.php(27): CodeIgniter\Debug\Exceptions->errorHandler(2, 'Trying to acces...', 'C:\\xampp\\htdocs...', 27)
#1 C:\xampp\htdocs\the-election\vendor\codeigniter4\framework\system\View\View.php(210): include('C:\\xampp\\htdocs...')
#2 C:\xampp\htdocs\the-election\vendor\codeigniter4\framework\system\View\View.php(213): CodeIgniter\View\View->CodeIgniter\View\{closure}()
#3 C:\xampp\htdocs\the-election\vendor\codeigniter4\framework\system\Common.php(1089): CodeIgniter\View\View->render('admin/paslon/de...', Array, true)
#4 C:\xampp\htdocs\the-election\app\Controllers\Admin\DataPaslonController.php(53): view('admin/paslon/de...', Array)
#5 C:\xampp\htdocs\the-election\vendor\codeigniter4\framework\system\CodeIgniter.php(832): App\Controllers\Admin\DataPaslonController->detail('css', 'admin', 'style.css')
#6 C:\xampp\htdocs\the-election\vendor\codeigniter4\framework\system\CodeIgniter.php(419): CodeIgniter\CodeIgniter->runController(Object(App\Controllers\Admin\DataPaslonController))
#7 C:\xampp\htdocs\the-election\vendor\codeigniter4\framework\system\CodeIgniter.php(326): CodeIgniter\CodeIgniter->handleRequest(NULL, Object(Config\Cache), false)
#8 C:\xampp\htdocs\the-election\public\index.php(37): CodeIgniter\CodeIgniter->run()
#9 C:\xampp\htdocs\the-election\vendor\codeigniter4\framework\system\Commands\Server\rewrite.php(43): require_once('C:\\xampp\\htdocs...')
#10 {main}
CRITICAL - 2022-04-14 22:32:57 --> Trying to access array offset on value of type null
#0 C:\xampp\htdocs\the-election\app\Views\admin\paslon\detail-paslon.php(27): CodeIgniter\Debug\Exceptions->errorHandler(2, 'Trying to acces...', 'C:\\xampp\\htdocs...', 27)
#1 C:\xampp\htdocs\the-election\vendor\codeigniter4\framework\system\View\View.php(210): include('C:\\xampp\\htdocs...')
#2 C:\xampp\htdocs\the-election\vendor\codeigniter4\framework\system\View\View.php(213): CodeIgniter\View\View->CodeIgniter\View\{closure}()
#3 C:\xampp\htdocs\the-election\vendor\codeigniter4\framework\system\Common.php(1089): CodeIgniter\View\View->render('admin/paslon/de...', Array, true)
#4 C:\xampp\htdocs\the-election\app\Controllers\Admin\DataPaslonController.php(53): view('admin/paslon/de...', Array)
#5 C:\xampp\htdocs\the-election\vendor\codeigniter4\framework\system\CodeIgniter.php(832): App\Controllers\Admin\DataPaslonController->detail('css', 'admin', 'style.css')
#6 C:\xampp\htdocs\the-election\vendor\codeigniter4\framework\system\CodeIgniter.php(419): CodeIgniter\CodeIgniter->runController(Object(App\Controllers\Admin\DataPaslonController))
#7 C:\xampp\htdocs\the-election\vendor\codeigniter4\framework\system\CodeIgniter.php(326): CodeIgniter\CodeIgniter->handleRequest(NULL, Object(Config\Cache), false)
#8 C:\xampp\htdocs\the-election\public\index.php(37): CodeIgniter\CodeIgniter->run()
#9 C:\xampp\htdocs\the-election\vendor\codeigniter4\framework\system\Commands\Server\rewrite.php(43): require_once('C:\\xampp\\htdocs...')
#10 {main}
CRITICAL - 2022-04-14 22:40:09 --> Trying to access array offset on value of type null
#0 C:\xampp\htdocs\the-election\app\Views\admin\paslon\detail-paslon.php(27): CodeIgniter\Debug\Exceptions->errorHandler(2, 'Trying to acces...', 'C:\\xampp\\htdocs...', 27)
#1 C:\xampp\htdocs\the-election\vendor\codeigniter4\framework\system\View\View.php(210): include('C:\\xampp\\htdocs...')
#2 C:\xampp\htdocs\the-election\vendor\codeigniter4\framework\system\View\View.php(213): CodeIgniter\View\View->CodeIgniter\View\{closure}()
#3 C:\xampp\htdocs\the-election\vendor\codeigniter4\framework\system\Common.php(1089): CodeIgniter\View\View->render('admin/paslon/de...', Array, true)
#4 C:\xampp\htdocs\the-election\app\Controllers\Admin\DataPaslonController.php(69): view('admin/paslon/de...', Array)
#5 C:\xampp\htdocs\the-election\vendor\codeigniter4\framework\system\CodeIgniter.php(832): App\Controllers\Admin\DataPaslonController->detail('css', 'admin', 'style.css')
#6 C:\xampp\htdocs\the-election\vendor\codeigniter4\framework\system\CodeIgniter.php(419): CodeIgniter\CodeIgniter->runController(Object(App\Controllers\Admin\DataPaslonController))
#7 C:\xampp\htdocs\the-election\vendor\codeigniter4\framework\system\CodeIgniter.php(326): CodeIgniter\CodeIgniter->handleRequest(NULL, Object(Config\Cache), false)
#8 C:\xampp\htdocs\the-election\public\index.php(37): CodeIgniter\CodeIgniter->run()
#9 C:\xampp\htdocs\the-election\vendor\codeigniter4\framework\system\Commands\Server\rewrite.php(43): require_once('C:\\xampp\\htdocs...')
#10 {main}
ERROR - 2022-04-14 22:42:41 --> Cannot add or update a child row: a foreign key constraint fails (`the_election`.`pasangan_calon`, CONSTRAINT `pasangan_calon_ibfk_3` FOREIGN KEY (`periode`) REFERENCES `periode` (`id_periode`))
CRITICAL - 2022-04-14 22:42:41 --> Cannot add or update a child row: a foreign key constraint fails (`the_election`.`pasangan_calon`, CONSTRAINT `pasangan_calon_ibfk_3` FOREIGN KEY (`periode`) REFERENCES `periode` (`id_periode`))
#0 C:\xampp\htdocs\the-election\vendor\codeigniter4\framework\system\Database\MySQLi\Connection.php(292): mysqli->query('INSERT INTO `pa...', 0)
#1 C:\xampp\htdocs\the-election\vendor\codeigniter4\framework\system\Database\BaseConnection.php(670): CodeIgniter\Database\MySQLi\Connection->execute('INSERT INTO `pa...')
#2 C:\xampp\htdocs\the-election\vendor\codeigniter4\framework\system\Database\BaseConnection.php(598): CodeIgniter\Database\BaseConnection->simpleQuery('INSERT INTO `pa...')
#3 C:\xampp\htdocs\the-election\vendor\codeigniter4\framework\system\Database\BaseBuilder.php(1771): CodeIgniter\Database\BaseConnection->query('INSERT INTO `pa...', Array, false)
#4 C:\xampp\htdocs\the-election\vendor\codeigniter4\framework\system\Model.php(239): CodeIgniter\Database\BaseBuilder->insert()
#5 C:\xampp\htdocs\the-election\vendor\codeigniter4\framework\system\BaseModel.php(738): CodeIgniter\Model->doInsert(Array)
#6 C:\xampp\htdocs\the-election\vendor\codeigniter4\framework\system\Model.php(625): CodeIgniter\BaseModel->insert(Array, true)
#7 C:\xampp\htdocs\the-election\app\Controllers\Admin\DataPaslonController.php(56): CodeIgniter\Model->insert(Array)
#8 C:\xampp\htdocs\the-election\vendor\codeigniter4\framework\system\CodeIgniter.php(832): App\Controllers\Admin\DataPaslonController->addpaslon()
#9 C:\xampp\htdocs\the-election\vendor\codeigniter4\framework\system\CodeIgniter.php(419): CodeIgniter\CodeIgniter->runController(Object(App\Controllers\Admin\DataPaslonController))
#10 C:\xampp\htdocs\the-election\vendor\codeigniter4\framework\system\CodeIgniter.php(326): CodeIgniter\CodeIgniter->handleRequest(NULL, Object(Config\Cache), false)
#11 C:\xampp\htdocs\the-election\public\index.php(37): CodeIgniter\CodeIgniter->run()
#12 C:\xampp\htdocs\the-election\vendor\codeigniter4\framework\system\Commands\Server\rewrite.php(43): require_once('C:\\xampp\\htdocs...')
#13 {main}
