CRITICAL - 2022-04-12 07:17:18 --> Undefined variable $_SESSION
#0 C:\laragon\www\the-election\app\Views\pemilihan\token.php(26): CodeIgniter\Debug\Exceptions->errorHandler(2, 'Undefined varia...', 'C:\\laragon\\www\\...', 26)
#1 C:\laragon\www\the-election\vendor\codeigniter4\framework\system\View\View.php(210): include('C:\\laragon\\www\\...')
#2 C:\laragon\www\the-election\vendor\codeigniter4\framework\system\View\View.php(213): CodeIgniter\View\View->CodeIgniter\View\{closure}()
#3 C:\laragon\www\the-election\vendor\codeigniter4\framework\system\Common.php(1089): CodeIgniter\View\View->render('pemilihan/token', Array, true)
#4 C:\laragon\www\the-election\app\Controllers\Pemilih\PemilihanController.php(55): view('pemilihan/token', Array)
#5 C:\laragon\www\the-election\vendor\codeigniter4\framework\system\CodeIgniter.php(832): App\Controllers\Pemilih\PemilihanController->token('1')
#6 C:\laragon\www\the-election\vendor\codeigniter4\framework\system\CodeIgniter.php(419): CodeIgniter\CodeIgniter->runController(Object(App\Controllers\Pemilih\PemilihanController))
#7 C:\laragon\www\the-election\vendor\codeigniter4\framework\system\CodeIgniter.php(326): CodeIgniter\CodeIgniter->handleRequest(NULL, Object(Config\Cache), false)
#8 C:\laragon\www\the-election\public\index.php(37): CodeIgniter\CodeIgniter->run()
#9 C:\laragon\www\the-election\vendor\codeigniter4\framework\system\Commands\Server\rewrite.php(43): require_once('C:\\laragon\\www\\...')
#10 {main}
CRITICAL - 2022-04-12 07:21:11 --> Undefined variable $_SESSION
#0 C:\laragon\www\the-election\app\Views\pemilihan\token.php(54): CodeIgniter\Debug\Exceptions->errorHandler(2, 'Undefined varia...', 'C:\\laragon\\www\\...', 54)
#1 C:\laragon\www\the-election\vendor\codeigniter4\framework\system\View\View.php(210): include('C:\\laragon\\www\\...')
#2 C:\laragon\www\the-election\vendor\codeigniter4\framework\system\View\View.php(213): CodeIgniter\View\View->CodeIgniter\View\{closure}()
#3 C:\laragon\www\the-election\vendor\codeigniter4\framework\system\Common.php(1089): CodeIgniter\View\View->render('pemilihan/token', Array, true)
#4 C:\laragon\www\the-election\app\Controllers\Pemilih\PemilihanController.php(55): view('pemilihan/token', Array)
#5 C:\laragon\www\the-election\vendor\codeigniter4\framework\system\CodeIgniter.php(832): App\Controllers\Pemilih\PemilihanController->token('1')
#6 C:\laragon\www\the-election\vendor\codeigniter4\framework\system\CodeIgniter.php(419): CodeIgniter\CodeIgniter->runController(Object(App\Controllers\Pemilih\PemilihanController))
#7 C:\laragon\www\the-election\vendor\codeigniter4\framework\system\CodeIgniter.php(326): CodeIgniter\CodeIgniter->handleRequest(NULL, Object(Config\Cache), false)
#8 C:\laragon\www\the-election\public\index.php(37): CodeIgniter\CodeIgniter->run()
#9 C:\laragon\www\the-election\vendor\codeigniter4\framework\system\Commands\Server\rewrite.php(43): require_once('C:\\laragon\\www\\...')
#10 {main}
CRITICAL - 2022-04-12 07:24:54 --> Cannot declare class App\Controllers\RiwayatPemilihanController, because the name is already in use
#0 [internal function]: CodeIgniter\Debug\Exceptions->shutdownHandler()
#1 {main}
CRITICAL - 2022-04-12 07:48:09 --> Undefined property: App\Controllers\Pemilih\PemilihanController::$riwayatPemilihanModel
#0 C:\laragon\www\the-election\app\Controllers\Pemilih\PemilihanController.php(50): CodeIgniter\Debug\Exceptions->errorHandler(2, 'Undefined prope...', 'C:\\laragon\\www\\...', 50)
#1 C:\laragon\www\the-election\vendor\codeigniter4\framework\system\CodeIgniter.php(832): App\Controllers\Pemilih\PemilihanController->token('1')
#2 C:\laragon\www\the-election\vendor\codeigniter4\framework\system\CodeIgniter.php(419): CodeIgniter\CodeIgniter->runController(Object(App\Controllers\Pemilih\PemilihanController))
#3 C:\laragon\www\the-election\vendor\codeigniter4\framework\system\CodeIgniter.php(326): CodeIgniter\CodeIgniter->handleRequest(NULL, Object(Config\Cache), false)
#4 C:\laragon\www\the-election\public\index.php(37): CodeIgniter\CodeIgniter->run()
#5 C:\laragon\www\the-election\vendor\codeigniter4\framework\system\Commands\Server\rewrite.php(43): require_once('C:\\laragon\\www\\...')
#6 {main}
CRITICAL - 2022-04-12 08:04:16 --> Call to a member function getArray() on array
#0 C:\laragon\www\the-election\vendor\codeigniter4\framework\system\CodeIgniter.php(832): App\Controllers\Pemilih\PemilihanController->token('1')
#1 C:\laragon\www\the-election\vendor\codeigniter4\framework\system\CodeIgniter.php(419): CodeIgniter\CodeIgniter->runController(Object(App\Controllers\Pemilih\PemilihanController))
#2 C:\laragon\www\the-election\vendor\codeigniter4\framework\system\CodeIgniter.php(326): CodeIgniter\CodeIgniter->handleRequest(NULL, Object(Config\Cache), false)
#3 C:\laragon\www\the-election\public\index.php(37): CodeIgniter\CodeIgniter->run()
#4 C:\laragon\www\the-election\vendor\codeigniter4\framework\system\Commands\Server\rewrite.php(43): require_once('C:\\laragon\\www\\...')
#5 {main}
CRITICAL - 2022-04-12 08:16:28 --> syntax error, unexpected token "return"
#0 C:\laragon\www\the-election\vendor\codeigniter4\framework\system\Autoloader\Autoloader.php(241): CodeIgniter\Autoloader\Autoloader->includeFile('C:\\laragon\\www\\...')
#1 C:\laragon\www\the-election\vendor\codeigniter4\framework\system\Autoloader\Autoloader.php(219): CodeIgniter\Autoloader\Autoloader->loadInNamespace('App\\Controllers...')
#2 [internal function]: CodeIgniter\Autoloader\Autoloader->loadClass('App\\Controllers...')
#3 C:\laragon\www\the-election\vendor\codeigniter4\framework\system\CodeIgniter.php(797): class_exists('\\App\\Controller...', true)
#4 C:\laragon\www\the-election\vendor\codeigniter4\framework\system\CodeIgniter.php(406): CodeIgniter\CodeIgniter->startController()
#5 C:\laragon\www\the-election\vendor\codeigniter4\framework\system\CodeIgniter.php(326): CodeIgniter\CodeIgniter->handleRequest(NULL, Object(Config\Cache), false)
#6 C:\laragon\www\the-election\public\index.php(37): CodeIgniter\CodeIgniter->run()
#7 C:\laragon\www\the-election\vendor\codeigniter4\framework\system\Commands\Server\rewrite.php(43): require_once('C:\\laragon\\www\\...')
#8 {main}
