CRITICAL - 2022-03-28 23:03:12 --> Undefined variable $akun
#0 C:\xampp\htdocs\pickme\app\Views\admin\data_pemilih.php(19): CodeIgniter\Debug\Exceptions->errorHandler(2, 'Undefined varia...', 'C:\\xampp\\htdocs...', 19)
#1 C:\xampp\htdocs\pickme\vendor\codeigniter4\framework\system\View\View.php(210): include('C:\\xampp\\htdocs...')
#2 C:\xampp\htdocs\pickme\vendor\codeigniter4\framework\system\View\View.php(213): CodeIgniter\View\View->CodeIgniter\View\{closure}()
#3 C:\xampp\htdocs\pickme\vendor\codeigniter4\framework\system\Common.php(1089): CodeIgniter\View\View->render('admin/data_pemi...', Array, true)
#4 C:\xampp\htdocs\pickme\app\Controllers\DataPemilihController.php(15): view('admin/data_pemi...', Array)
#5 C:\xampp\htdocs\pickme\vendor\codeigniter4\framework\system\CodeIgniter.php(832): App\Controllers\DataPemilihController->index()
#6 C:\xampp\htdocs\pickme\vendor\codeigniter4\framework\system\CodeIgniter.php(419): CodeIgniter\CodeIgniter->runController(Object(App\Controllers\DataPemilihController))
#7 C:\xampp\htdocs\pickme\vendor\codeigniter4\framework\system\CodeIgniter.php(326): CodeIgniter\CodeIgniter->handleRequest(NULL, Object(Config\Cache), false)
#8 C:\xampp\htdocs\pickme\public\index.php(37): CodeIgniter\CodeIgniter->run()
#9 C:\xampp\htdocs\pickme\vendor\codeigniter4\framework\system\Commands\Server\rewrite.php(43): require_once('C:\\xampp\\htdocs...')
#10 {main}
CRITICAL - 2022-03-28 23:05:26 --> Undefined variable $akun
#0 C:\xampp\htdocs\pickme\app\Views\admin\data_pemilih.php(19): CodeIgniter\Debug\Exceptions->errorHandler(2, 'Undefined varia...', 'C:\\xampp\\htdocs...', 19)
#1 C:\xampp\htdocs\pickme\vendor\codeigniter4\framework\system\View\View.php(210): include('C:\\xampp\\htdocs...')
#2 C:\xampp\htdocs\pickme\vendor\codeigniter4\framework\system\View\View.php(213): CodeIgniter\View\View->CodeIgniter\View\{closure}()
#3 C:\xampp\htdocs\pickme\vendor\codeigniter4\framework\system\Common.php(1089): CodeIgniter\View\View->render('admin/data_pemi...', Array, true)
#4 C:\xampp\htdocs\pickme\app\Controllers\DataPemilihController.php(15): view('admin/data_pemi...', Array)
#5 C:\xampp\htdocs\pickme\vendor\codeigniter4\framework\system\CodeIgniter.php(832): App\Controllers\DataPemilihController->index()
#6 C:\xampp\htdocs\pickme\vendor\codeigniter4\framework\system\CodeIgniter.php(419): CodeIgniter\CodeIgniter->runController(Object(App\Controllers\DataPemilihController))
#7 C:\xampp\htdocs\pickme\vendor\codeigniter4\framework\system\CodeIgniter.php(326): CodeIgniter\CodeIgniter->handleRequest(NULL, Object(Config\Cache), false)
#8 C:\xampp\htdocs\pickme\public\index.php(37): CodeIgniter\CodeIgniter->run()
#9 C:\xampp\htdocs\pickme\vendor\codeigniter4\framework\system\Commands\Server\rewrite.php(43): require_once('C:\\xampp\\htdocs...')
#10 {main}
CRITICAL - 2022-03-28 23:06:34 --> Undefined variable $akun
#0 C:\xampp\htdocs\pickme\app\Views\admin\data_pemilih.php(5): CodeIgniter\Debug\Exceptions->errorHandler(2, 'Undefined varia...', 'C:\\xampp\\htdocs...', 5)
#1 C:\xampp\htdocs\pickme\vendor\codeigniter4\framework\system\View\View.php(210): include('C:\\xampp\\htdocs...')
#2 C:\xampp\htdocs\pickme\vendor\codeigniter4\framework\system\View\View.php(213): CodeIgniter\View\View->CodeIgniter\View\{closure}()
#3 C:\xampp\htdocs\pickme\vendor\codeigniter4\framework\system\Common.php(1089): CodeIgniter\View\View->render('admin/data_pemi...', Array, true)
#4 C:\xampp\htdocs\pickme\app\Controllers\DataPemilihController.php(15): view('admin/data_pemi...', Array)
#5 C:\xampp\htdocs\pickme\vendor\codeigniter4\framework\system\CodeIgniter.php(832): App\Controllers\DataPemilihController->index()
#6 C:\xampp\htdocs\pickme\vendor\codeigniter4\framework\system\CodeIgniter.php(419): CodeIgniter\CodeIgniter->runController(Object(App\Controllers\DataPemilihController))
#7 C:\xampp\htdocs\pickme\vendor\codeigniter4\framework\system\CodeIgniter.php(326): CodeIgniter\CodeIgniter->handleRequest(NULL, Object(Config\Cache), false)
#8 C:\xampp\htdocs\pickme\public\index.php(37): CodeIgniter\CodeIgniter->run()
#9 C:\xampp\htdocs\pickme\vendor\codeigniter4\framework\system\Commands\Server\rewrite.php(43): require_once('C:\\xampp\\htdocs...')
#10 {main}
CRITICAL - 2022-03-28 23:07:01 --> Undefined variable $akun
#0 C:\xampp\htdocs\pickme\app\Views\admin\data_pemilih.php(5): CodeIgniter\Debug\Exceptions->errorHandler(2, 'Undefined varia...', 'C:\\xampp\\htdocs...', 5)
#1 C:\xampp\htdocs\pickme\vendor\codeigniter4\framework\system\View\View.php(210): include('C:\\xampp\\htdocs...')
#2 C:\xampp\htdocs\pickme\vendor\codeigniter4\framework\system\View\View.php(213): CodeIgniter\View\View->CodeIgniter\View\{closure}()
#3 C:\xampp\htdocs\pickme\vendor\codeigniter4\framework\system\Common.php(1089): CodeIgniter\View\View->render('admin/data_pemi...', Array, true)
#4 C:\xampp\htdocs\pickme\app\Controllers\DataPemilihController.php(15): view('admin/data_pemi...', Array)
#5 C:\xampp\htdocs\pickme\vendor\codeigniter4\framework\system\CodeIgniter.php(832): App\Controllers\DataPemilihController->index()
#6 C:\xampp\htdocs\pickme\vendor\codeigniter4\framework\system\CodeIgniter.php(419): CodeIgniter\CodeIgniter->runController(Object(App\Controllers\DataPemilihController))
#7 C:\xampp\htdocs\pickme\vendor\codeigniter4\framework\system\CodeIgniter.php(326): CodeIgniter\CodeIgniter->handleRequest(NULL, Object(Config\Cache), false)
#8 C:\xampp\htdocs\pickme\public\index.php(37): CodeIgniter\CodeIgniter->run()
#9 C:\xampp\htdocs\pickme\vendor\codeigniter4\framework\system\Commands\Server\rewrite.php(43): require_once('C:\\xampp\\htdocs...')
#10 {main}
CRITICAL - 2022-03-28 23:08:04 --> Undefined array key "nama"
#0 C:\xampp\htdocs\pickme\app\Views\admin\data_pemilih.php(25): CodeIgniter\Debug\Exceptions->errorHandler(2, 'Undefined array...', 'C:\\xampp\\htdocs...', 25)
#1 C:\xampp\htdocs\pickme\vendor\codeigniter4\framework\system\View\View.php(210): include('C:\\xampp\\htdocs...')
#2 C:\xampp\htdocs\pickme\vendor\codeigniter4\framework\system\View\View.php(213): CodeIgniter\View\View->CodeIgniter\View\{closure}()
#3 C:\xampp\htdocs\pickme\vendor\codeigniter4\framework\system\Common.php(1089): CodeIgniter\View\View->render('admin/data_pemi...', Array, true)
#4 C:\xampp\htdocs\pickme\app\Controllers\DataPemilihController.php(22): view('admin/data_pemi...', Array)
#5 C:\xampp\htdocs\pickme\vendor\codeigniter4\framework\system\CodeIgniter.php(832): App\Controllers\DataPemilihController->index()
#6 C:\xampp\htdocs\pickme\vendor\codeigniter4\framework\system\CodeIgniter.php(419): CodeIgniter\CodeIgniter->runController(Object(App\Controllers\DataPemilihController))
#7 C:\xampp\htdocs\pickme\vendor\codeigniter4\framework\system\CodeIgniter.php(326): CodeIgniter\CodeIgniter->handleRequest(NULL, Object(Config\Cache), false)
#8 C:\xampp\htdocs\pickme\public\index.php(37): CodeIgniter\CodeIgniter->run()
#9 C:\xampp\htdocs\pickme\vendor\codeigniter4\framework\system\Commands\Server\rewrite.php(43): require_once('C:\\xampp\\htdocs...')
#10 {main}
CRITICAL - 2022-03-28 23:26:06 --> Undefined array key "nama"
#0 C:\xampp\htdocs\pickme\app\Views\admin\data_pemilih.php(25): CodeIgniter\Debug\Exceptions->errorHandler(2, 'Undefined array...', 'C:\\xampp\\htdocs...', 25)
#1 C:\xampp\htdocs\pickme\vendor\codeigniter4\framework\system\View\View.php(210): include('C:\\xampp\\htdocs...')
#2 C:\xampp\htdocs\pickme\vendor\codeigniter4\framework\system\View\View.php(213): CodeIgniter\View\View->CodeIgniter\View\{closure}()
#3 C:\xampp\htdocs\pickme\vendor\codeigniter4\framework\system\Common.php(1089): CodeIgniter\View\View->render('admin/data_pemi...', Array, true)
#4 C:\xampp\htdocs\pickme\app\Controllers\DataPemilihController.php(22): view('admin/data_pemi...', Array)
#5 C:\xampp\htdocs\pickme\vendor\codeigniter4\framework\system\CodeIgniter.php(832): App\Controllers\DataPemilihController->index()
#6 C:\xampp\htdocs\pickme\vendor\codeigniter4\framework\system\CodeIgniter.php(419): CodeIgniter\CodeIgniter->runController(Object(App\Controllers\DataPemilihController))
#7 C:\xampp\htdocs\pickme\vendor\codeigniter4\framework\system\CodeIgniter.php(326): CodeIgniter\CodeIgniter->handleRequest(NULL, Object(Config\Cache), false)
#8 C:\xampp\htdocs\pickme\public\index.php(37): CodeIgniter\CodeIgniter->run()
#9 C:\xampp\htdocs\pickme\vendor\codeigniter4\framework\system\Commands\Server\rewrite.php(43): require_once('C:\\xampp\\htdocs...')
#10 {main}
CRITICAL - 2022-03-28 23:26:08 --> Undefined array key "nama"
#0 C:\xampp\htdocs\pickme\app\Views\admin\data_pemilih.php(25): CodeIgniter\Debug\Exceptions->errorHandler(2, 'Undefined array...', 'C:\\xampp\\htdocs...', 25)
#1 C:\xampp\htdocs\pickme\vendor\codeigniter4\framework\system\View\View.php(210): include('C:\\xampp\\htdocs...')
#2 C:\xampp\htdocs\pickme\vendor\codeigniter4\framework\system\View\View.php(213): CodeIgniter\View\View->CodeIgniter\View\{closure}()
#3 C:\xampp\htdocs\pickme\vendor\codeigniter4\framework\system\Common.php(1089): CodeIgniter\View\View->render('admin/data_pemi...', Array, true)
#4 C:\xampp\htdocs\pickme\app\Controllers\DataPemilihController.php(22): view('admin/data_pemi...', Array)
#5 C:\xampp\htdocs\pickme\vendor\codeigniter4\framework\system\CodeIgniter.php(832): App\Controllers\DataPemilihController->index()
#6 C:\xampp\htdocs\pickme\vendor\codeigniter4\framework\system\CodeIgniter.php(419): CodeIgniter\CodeIgniter->runController(Object(App\Controllers\DataPemilihController))
#7 C:\xampp\htdocs\pickme\vendor\codeigniter4\framework\system\CodeIgniter.php(326): CodeIgniter\CodeIgniter->handleRequest(NULL, Object(Config\Cache), false)
#8 C:\xampp\htdocs\pickme\public\index.php(37): CodeIgniter\CodeIgniter->run()
#9 C:\xampp\htdocs\pickme\vendor\codeigniter4\framework\system\Commands\Server\rewrite.php(43): require_once('C:\\xampp\\htdocs...')
#10 {main}
CRITICAL - 2022-03-28 23:26:34 --> Undefined array key "nama"
#0 C:\xampp\htdocs\pickme\app\Views\admin\data_pemilih.php(25): CodeIgniter\Debug\Exceptions->errorHandler(2, 'Undefined array...', 'C:\\xampp\\htdocs...', 25)
#1 C:\xampp\htdocs\pickme\vendor\codeigniter4\framework\system\View\View.php(210): include('C:\\xampp\\htdocs...')
#2 C:\xampp\htdocs\pickme\vendor\codeigniter4\framework\system\View\View.php(213): CodeIgniter\View\View->CodeIgniter\View\{closure}()
#3 C:\xampp\htdocs\pickme\vendor\codeigniter4\framework\system\Common.php(1089): CodeIgniter\View\View->render('admin/data_pemi...', Array, true)
#4 C:\xampp\htdocs\pickme\app\Controllers\DataPemilihController.php(22): view('admin/data_pemi...', Array)
#5 C:\xampp\htdocs\pickme\vendor\codeigniter4\framework\system\CodeIgniter.php(832): App\Controllers\DataPemilihController->index()
#6 C:\xampp\htdocs\pickme\vendor\codeigniter4\framework\system\CodeIgniter.php(419): CodeIgniter\CodeIgniter->runController(Object(App\Controllers\DataPemilihController))
#7 C:\xampp\htdocs\pickme\vendor\codeigniter4\framework\system\CodeIgniter.php(326): CodeIgniter\CodeIgniter->handleRequest(NULL, Object(Config\Cache), false)
#8 C:\xampp\htdocs\pickme\public\index.php(37): CodeIgniter\CodeIgniter->run()
#9 C:\xampp\htdocs\pickme\vendor\codeigniter4\framework\system\Commands\Server\rewrite.php(43): require_once('C:\\xampp\\htdocs...')
#10 {main}
CRITICAL - 2022-03-28 23:26:43 --> Undefined array key "nama"
#0 C:\xampp\htdocs\pickme\app\Views\admin\data_pemilih.php(25): CodeIgniter\Debug\Exceptions->errorHandler(2, 'Undefined array...', 'C:\\xampp\\htdocs...', 25)
#1 C:\xampp\htdocs\pickme\vendor\codeigniter4\framework\system\View\View.php(210): include('C:\\xampp\\htdocs...')
#2 C:\xampp\htdocs\pickme\vendor\codeigniter4\framework\system\View\View.php(213): CodeIgniter\View\View->CodeIgniter\View\{closure}()
#3 C:\xampp\htdocs\pickme\vendor\codeigniter4\framework\system\Common.php(1089): CodeIgniter\View\View->render('admin/data_pemi...', Array, true)
#4 C:\xampp\htdocs\pickme\app\Controllers\DataPemilihController.php(22): view('admin/data_pemi...', Array)
#5 C:\xampp\htdocs\pickme\vendor\codeigniter4\framework\system\CodeIgniter.php(832): App\Controllers\DataPemilihController->index()
#6 C:\xampp\htdocs\pickme\vendor\codeigniter4\framework\system\CodeIgniter.php(419): CodeIgniter\CodeIgniter->runController(Object(App\Controllers\DataPemilihController))
#7 C:\xampp\htdocs\pickme\vendor\codeigniter4\framework\system\CodeIgniter.php(326): CodeIgniter\CodeIgniter->handleRequest(NULL, Object(Config\Cache), false)
#8 C:\xampp\htdocs\pickme\public\index.php(37): CodeIgniter\CodeIgniter->run()
#9 C:\xampp\htdocs\pickme\vendor\codeigniter4\framework\system\Commands\Server\rewrite.php(43): require_once('C:\\xampp\\htdocs...')
#10 {main}
CRITICAL - 2022-03-28 23:27:18 --> Undefined array key "nama"
#0 C:\xampp\htdocs\pickme\app\Views\admin\data_pemilih.php(25): CodeIgniter\Debug\Exceptions->errorHandler(2, 'Undefined array...', 'C:\\xampp\\htdocs...', 25)
#1 C:\xampp\htdocs\pickme\vendor\codeigniter4\framework\system\View\View.php(210): include('C:\\xampp\\htdocs...')
#2 C:\xampp\htdocs\pickme\vendor\codeigniter4\framework\system\View\View.php(213): CodeIgniter\View\View->CodeIgniter\View\{closure}()
#3 C:\xampp\htdocs\pickme\vendor\codeigniter4\framework\system\Common.php(1089): CodeIgniter\View\View->render('admin/data_pemi...', Array, true)
#4 C:\xampp\htdocs\pickme\app\Controllers\DataPemilihController.php(22): view('admin/data_pemi...', Array)
#5 C:\xampp\htdocs\pickme\vendor\codeigniter4\framework\system\CodeIgniter.php(832): App\Controllers\DataPemilihController->index()
#6 C:\xampp\htdocs\pickme\vendor\codeigniter4\framework\system\CodeIgniter.php(419): CodeIgniter\CodeIgniter->runController(Object(App\Controllers\DataPemilihController))
#7 C:\xampp\htdocs\pickme\vendor\codeigniter4\framework\system\CodeIgniter.php(326): CodeIgniter\CodeIgniter->handleRequest(NULL, Object(Config\Cache), false)
#8 C:\xampp\htdocs\pickme\public\index.php(37): CodeIgniter\CodeIgniter->run()
#9 C:\xampp\htdocs\pickme\vendor\codeigniter4\framework\system\Commands\Server\rewrite.php(43): require_once('C:\\xampp\\htdocs...')
#10 {main}
CRITICAL - 2022-03-28 23:27:43 --> Undefined array key "nama"
#0 C:\xampp\htdocs\pickme\app\Views\admin\data_pemilih.php(25): CodeIgniter\Debug\Exceptions->errorHandler(2, 'Undefined array...', 'C:\\xampp\\htdocs...', 25)
#1 C:\xampp\htdocs\pickme\vendor\codeigniter4\framework\system\View\View.php(210): include('C:\\xampp\\htdocs...')
#2 C:\xampp\htdocs\pickme\vendor\codeigniter4\framework\system\View\View.php(213): CodeIgniter\View\View->CodeIgniter\View\{closure}()
#3 C:\xampp\htdocs\pickme\vendor\codeigniter4\framework\system\Common.php(1089): CodeIgniter\View\View->render('admin/data_pemi...', Array, true)
#4 C:\xampp\htdocs\pickme\app\Controllers\DataPemilihController.php(22): view('admin/data_pemi...', Array)
#5 C:\xampp\htdocs\pickme\vendor\codeigniter4\framework\system\CodeIgniter.php(832): App\Controllers\DataPemilihController->index()
#6 C:\xampp\htdocs\pickme\vendor\codeigniter4\framework\system\CodeIgniter.php(419): CodeIgniter\CodeIgniter->runController(Object(App\Controllers\DataPemilihController))
#7 C:\xampp\htdocs\pickme\vendor\codeigniter4\framework\system\CodeIgniter.php(326): CodeIgniter\CodeIgniter->handleRequest(NULL, Object(Config\Cache), false)
#8 C:\xampp\htdocs\pickme\public\index.php(37): CodeIgniter\CodeIgniter->run()
#9 C:\xampp\htdocs\pickme\vendor\codeigniter4\framework\system\Commands\Server\rewrite.php(43): require_once('C:\\xampp\\htdocs...')
#10 {main}
CRITICAL - 2022-03-28 23:28:01 --> Cannot access offset of type string on string
#0 C:\xampp\htdocs\pickme\vendor\codeigniter4\framework\system\View\View.php(210): include()
#1 C:\xampp\htdocs\pickme\vendor\codeigniter4\framework\system\View\View.php(213): CodeIgniter\View\View->CodeIgniter\View\{closure}()
#2 C:\xampp\htdocs\pickme\vendor\codeigniter4\framework\system\Common.php(1089): CodeIgniter\View\View->render('admin/data_pemi...', Array, true)
#3 C:\xampp\htdocs\pickme\app\Controllers\DataPemilihController.php(22): view('admin/data_pemi...', Array)
#4 C:\xampp\htdocs\pickme\vendor\codeigniter4\framework\system\CodeIgniter.php(832): App\Controllers\DataPemilihController->index()
#5 C:\xampp\htdocs\pickme\vendor\codeigniter4\framework\system\CodeIgniter.php(419): CodeIgniter\CodeIgniter->runController(Object(App\Controllers\DataPemilihController))
#6 C:\xampp\htdocs\pickme\vendor\codeigniter4\framework\system\CodeIgniter.php(326): CodeIgniter\CodeIgniter->handleRequest(NULL, Object(Config\Cache), false)
#7 C:\xampp\htdocs\pickme\public\index.php(37): CodeIgniter\CodeIgniter->run()
#8 C:\xampp\htdocs\pickme\vendor\codeigniter4\framework\system\Commands\Server\rewrite.php(43): require_once('C:\\xampp\\htdocs...')
#9 {main}
CRITICAL - 2022-03-28 23:29:18 --> foreach() argument must be of type array|object, string given
#0 C:\xampp\htdocs\pickme\app\Views\admin\data_pemilih.php(19): CodeIgniter\Debug\Exceptions->errorHandler(2, 'foreach() argum...', 'C:\\xampp\\htdocs...', 19)
#1 C:\xampp\htdocs\pickme\vendor\codeigniter4\framework\system\View\View.php(210): include('C:\\xampp\\htdocs...')
#2 C:\xampp\htdocs\pickme\vendor\codeigniter4\framework\system\View\View.php(213): CodeIgniter\View\View->CodeIgniter\View\{closure}()
#3 C:\xampp\htdocs\pickme\vendor\codeigniter4\framework\system\Common.php(1089): CodeIgniter\View\View->render('admin/data_pemi...', Array, true)
#4 C:\xampp\htdocs\pickme\app\Controllers\DataPemilihController.php(22): view('admin/data_pemi...', Array)
#5 C:\xampp\htdocs\pickme\vendor\codeigniter4\framework\system\CodeIgniter.php(832): App\Controllers\DataPemilihController->index()
#6 C:\xampp\htdocs\pickme\vendor\codeigniter4\framework\system\CodeIgniter.php(419): CodeIgniter\CodeIgniter->runController(Object(App\Controllers\DataPemilihController))
#7 C:\xampp\htdocs\pickme\vendor\codeigniter4\framework\system\CodeIgniter.php(326): CodeIgniter\CodeIgniter->handleRequest(NULL, Object(Config\Cache), false)
#8 C:\xampp\htdocs\pickme\public\index.php(37): CodeIgniter\CodeIgniter->run()
#9 C:\xampp\htdocs\pickme\vendor\codeigniter4\framework\system\Commands\Server\rewrite.php(43): require_once('C:\\xampp\\htdocs...')
#10 {main}
CRITICAL - 2022-03-28 23:29:50 --> Cannot access offset of type string on string
#0 C:\xampp\htdocs\pickme\vendor\codeigniter4\framework\system\View\View.php(210): include()
#1 C:\xampp\htdocs\pickme\vendor\codeigniter4\framework\system\View\View.php(213): CodeIgniter\View\View->CodeIgniter\View\{closure}()
#2 C:\xampp\htdocs\pickme\vendor\codeigniter4\framework\system\Common.php(1089): CodeIgniter\View\View->render('admin/data_pemi...', Array, true)
#3 C:\xampp\htdocs\pickme\app\Controllers\DataPemilihController.php(22): view('admin/data_pemi...', Array)
#4 C:\xampp\htdocs\pickme\vendor\codeigniter4\framework\system\CodeIgniter.php(832): App\Controllers\DataPemilihController->index()
#5 C:\xampp\htdocs\pickme\vendor\codeigniter4\framework\system\CodeIgniter.php(419): CodeIgniter\CodeIgniter->runController(Object(App\Controllers\DataPemilihController))
#6 C:\xampp\htdocs\pickme\vendor\codeigniter4\framework\system\CodeIgniter.php(326): CodeIgniter\CodeIgniter->handleRequest(NULL, Object(Config\Cache), false)
#7 C:\xampp\htdocs\pickme\public\index.php(37): CodeIgniter\CodeIgniter->run()
#8 C:\xampp\htdocs\pickme\vendor\codeigniter4\framework\system\Commands\Server\rewrite.php(43): require_once('C:\\xampp\\htdocs...')
#9 {main}
CRITICAL - 2022-03-28 23:31:44 --> Cannot access offset of type string on string
#0 C:\xampp\htdocs\pickme\vendor\codeigniter4\framework\system\View\View.php(210): include()
#1 C:\xampp\htdocs\pickme\vendor\codeigniter4\framework\system\View\View.php(213): CodeIgniter\View\View->CodeIgniter\View\{closure}()
#2 C:\xampp\htdocs\pickme\vendor\codeigniter4\framework\system\Common.php(1089): CodeIgniter\View\View->render('admin/data_pemi...', Array, true)
#3 C:\xampp\htdocs\pickme\app\Controllers\DataPemilihController.php(22): view('admin/data_pemi...', Array)
#4 C:\xampp\htdocs\pickme\vendor\codeigniter4\framework\system\CodeIgniter.php(832): App\Controllers\DataPemilihController->index()
#5 C:\xampp\htdocs\pickme\vendor\codeigniter4\framework\system\CodeIgniter.php(419): CodeIgniter\CodeIgniter->runController(Object(App\Controllers\DataPemilihController))
#6 C:\xampp\htdocs\pickme\vendor\codeigniter4\framework\system\CodeIgniter.php(326): CodeIgniter\CodeIgniter->handleRequest(NULL, Object(Config\Cache), false)
#7 C:\xampp\htdocs\pickme\public\index.php(37): CodeIgniter\CodeIgniter->run()
#8 C:\xampp\htdocs\pickme\vendor\codeigniter4\framework\system\Commands\Server\rewrite.php(43): require_once('C:\\xampp\\htdocs...')
#9 {main}
CRITICAL - 2022-03-28 23:31:59 --> Attempt to read property "nama" on string
#0 C:\xampp\htdocs\pickme\app\Views\admin\data_pemilih.php(25): CodeIgniter\Debug\Exceptions->errorHandler(2, 'Attempt to read...', 'C:\\xampp\\htdocs...', 25)
#1 C:\xampp\htdocs\pickme\vendor\codeigniter4\framework\system\View\View.php(210): include('C:\\xampp\\htdocs...')
#2 C:\xampp\htdocs\pickme\vendor\codeigniter4\framework\system\View\View.php(213): CodeIgniter\View\View->CodeIgniter\View\{closure}()
#3 C:\xampp\htdocs\pickme\vendor\codeigniter4\framework\system\Common.php(1089): CodeIgniter\View\View->render('admin/data_pemi...', Array, true)
#4 C:\xampp\htdocs\pickme\app\Controllers\DataPemilihController.php(22): view('admin/data_pemi...', Array)
#5 C:\xampp\htdocs\pickme\vendor\codeigniter4\framework\system\CodeIgniter.php(832): App\Controllers\DataPemilihController->index()
#6 C:\xampp\htdocs\pickme\vendor\codeigniter4\framework\system\CodeIgniter.php(419): CodeIgniter\CodeIgniter->runController(Object(App\Controllers\DataPemilihController))
#7 C:\xampp\htdocs\pickme\vendor\codeigniter4\framework\system\CodeIgniter.php(326): CodeIgniter\CodeIgniter->handleRequest(NULL, Object(Config\Cache), false)
#8 C:\xampp\htdocs\pickme\public\index.php(37): CodeIgniter\CodeIgniter->run()
#9 C:\xampp\htdocs\pickme\vendor\codeigniter4\framework\system\Commands\Server\rewrite.php(43): require_once('C:\\xampp\\htdocs...')
#10 {main}
CRITICAL - 2022-03-28 23:33:28 --> Cannot access offset of type string on string
#0 C:\xampp\htdocs\pickme\vendor\codeigniter4\framework\system\View\View.php(210): include()
#1 C:\xampp\htdocs\pickme\vendor\codeigniter4\framework\system\View\View.php(213): CodeIgniter\View\View->CodeIgniter\View\{closure}()
#2 C:\xampp\htdocs\pickme\vendor\codeigniter4\framework\system\Common.php(1089): CodeIgniter\View\View->render('admin/data_pemi...', Array, true)
#3 C:\xampp\htdocs\pickme\app\Controllers\DataPemilihController.php(22): view('admin/data_pemi...', Array)
#4 C:\xampp\htdocs\pickme\vendor\codeigniter4\framework\system\CodeIgniter.php(832): App\Controllers\DataPemilihController->index()
#5 C:\xampp\htdocs\pickme\vendor\codeigniter4\framework\system\CodeIgniter.php(419): CodeIgniter\CodeIgniter->runController(Object(App\Controllers\DataPemilihController))
#6 C:\xampp\htdocs\pickme\vendor\codeigniter4\framework\system\CodeIgniter.php(326): CodeIgniter\CodeIgniter->handleRequest(NULL, Object(Config\Cache), false)
#7 C:\xampp\htdocs\pickme\public\index.php(37): CodeIgniter\CodeIgniter->run()
#8 C:\xampp\htdocs\pickme\vendor\codeigniter4\framework\system\Commands\Server\rewrite.php(43): require_once('C:\\xampp\\htdocs...')
#9 {main}
CRITICAL - 2022-03-28 23:33:54 --> Cannot access offset of type string on string
#0 C:\xampp\htdocs\pickme\vendor\codeigniter4\framework\system\View\View.php(210): include()
#1 C:\xampp\htdocs\pickme\vendor\codeigniter4\framework\system\View\View.php(213): CodeIgniter\View\View->CodeIgniter\View\{closure}()
#2 C:\xampp\htdocs\pickme\vendor\codeigniter4\framework\system\Common.php(1089): CodeIgniter\View\View->render('admin/data_pemi...', Array, true)
#3 C:\xampp\htdocs\pickme\app\Controllers\DataPemilihController.php(22): view('admin/data_pemi...', Array)
#4 C:\xampp\htdocs\pickme\vendor\codeigniter4\framework\system\CodeIgniter.php(832): App\Controllers\DataPemilihController->index()
#5 C:\xampp\htdocs\pickme\vendor\codeigniter4\framework\system\CodeIgniter.php(419): CodeIgniter\CodeIgniter->runController(Object(App\Controllers\DataPemilihController))
#6 C:\xampp\htdocs\pickme\vendor\codeigniter4\framework\system\CodeIgniter.php(326): CodeIgniter\CodeIgniter->handleRequest(NULL, Object(Config\Cache), false)
#7 C:\xampp\htdocs\pickme\public\index.php(37): CodeIgniter\CodeIgniter->run()
#8 C:\xampp\htdocs\pickme\vendor\codeigniter4\framework\system\Commands\Server\rewrite.php(43): require_once('C:\\xampp\\htdocs...')
#9 {main}
CRITICAL - 2022-03-28 23:34:14 --> Cannot access offset of type string on string
#0 C:\xampp\htdocs\pickme\vendor\codeigniter4\framework\system\View\View.php(210): include()
#1 C:\xampp\htdocs\pickme\vendor\codeigniter4\framework\system\View\View.php(213): CodeIgniter\View\View->CodeIgniter\View\{closure}()
#2 C:\xampp\htdocs\pickme\vendor\codeigniter4\framework\system\Common.php(1089): CodeIgniter\View\View->render('admin/data_pemi...', Array, true)
#3 C:\xampp\htdocs\pickme\app\Controllers\DataPemilihController.php(22): view('admin/data_pemi...', Array)
#4 C:\xampp\htdocs\pickme\vendor\codeigniter4\framework\system\CodeIgniter.php(832): App\Controllers\DataPemilihController->index()
#5 C:\xampp\htdocs\pickme\vendor\codeigniter4\framework\system\CodeIgniter.php(419): CodeIgniter\CodeIgniter->runController(Object(App\Controllers\DataPemilihController))
#6 C:\xampp\htdocs\pickme\vendor\codeigniter4\framework\system\CodeIgniter.php(326): CodeIgniter\CodeIgniter->handleRequest(NULL, Object(Config\Cache), false)
#7 C:\xampp\htdocs\pickme\public\index.php(37): CodeIgniter\CodeIgniter->run()
#8 C:\xampp\htdocs\pickme\vendor\codeigniter4\framework\system\Commands\Server\rewrite.php(43): require_once('C:\\xampp\\htdocs...')
#9 {main}
