CRITICAL - 2022-04-04 00:08:09 --> Undefined array key "nama_ketua"
#0 C:\xampp\htdocs\pickme\app\Views\admin\edit-paslon.php(61): CodeIgniter\Debug\Exceptions->errorHandler(2, 'Undefined array...', 'C:\\xampp\\htdocs...', 61)
#1 C:\xampp\htdocs\pickme\vendor\codeigniter4\framework\system\View\View.php(210): include('C:\\xampp\\htdocs...')
#2 C:\xampp\htdocs\pickme\vendor\codeigniter4\framework\system\View\View.php(213): CodeIgniter\View\View->CodeIgniter\View\{closure}()
#3 C:\xampp\htdocs\pickme\vendor\codeigniter4\framework\system\Common.php(1089): CodeIgniter\View\View->render('admin/edit-pasl...', Array, true)
#4 C:\xampp\htdocs\pickme\app\Controllers\DataPaslonController.php(46): view('admin/edit-pasl...', Array)
#5 C:\xampp\htdocs\pickme\vendor\codeigniter4\framework\system\CodeIgniter.php(832): App\Controllers\DataPaslonController->edit('3')
#6 C:\xampp\htdocs\pickme\vendor\codeigniter4\framework\system\CodeIgniter.php(419): CodeIgniter\CodeIgniter->runController(Object(App\Controllers\DataPaslonController))
#7 C:\xampp\htdocs\pickme\vendor\codeigniter4\framework\system\CodeIgniter.php(326): CodeIgniter\CodeIgniter->handleRequest(NULL, Object(Config\Cache), false)
#8 C:\xampp\htdocs\pickme\public\index.php(37): CodeIgniter\CodeIgniter->run()
#9 C:\xampp\htdocs\pickme\vendor\codeigniter4\framework\system\Commands\Server\rewrite.php(43): require_once('C:\\xampp\\htdocs...')
#10 {main}
CRITICAL - 2022-04-04 00:31:44 --> Undefined property: App\Controllers\AuthController::$AuthModel
#0 C:\xampp\htdocs\the-election\app\Controllers\AuthController.php(37): CodeIgniter\Debug\Exceptions->errorHandler(2, 'Undefined prope...', 'C:\\xampp\\htdocs...', 37)
#1 C:\xampp\htdocs\the-election\vendor\codeigniter4\framework\system\CodeIgniter.php(832): App\Controllers\AuthController->postlogin()
#2 C:\xampp\htdocs\the-election\vendor\codeigniter4\framework\system\CodeIgniter.php(419): CodeIgniter\CodeIgniter->runController(Object(App\Controllers\AuthController))
#3 C:\xampp\htdocs\the-election\vendor\codeigniter4\framework\system\CodeIgniter.php(326): CodeIgniter\CodeIgniter->handleRequest(NULL, Object(Config\Cache), false)
#4 C:\xampp\htdocs\the-election\public\index.php(37): CodeIgniter\CodeIgniter->run()
#5 C:\xampp\htdocs\the-election\vendor\codeigniter4\framework\system\Commands\Server\rewrite.php(43): require_once('C:\\xampp\\htdocs...')
#6 {main}
