CRITICAL - 2022-04-09 02:04:36 --> Undefined variable $_SESSION
#0 C:\laragon\www\the-election\app\Views\layouts\pemilih\navbar.php(23): CodeIgniter\Debug\Exceptions->errorHandler(2, 'Undefined varia...', 'C:\\laragon\\www\\...', 23)
#1 C:\laragon\www\the-election\vendor\codeigniter4\framework\system\View\View.php(210): include('C:\\laragon\\www\\...')
#2 C:\laragon\www\the-election\vendor\codeigniter4\framework\system\View\View.php(213): CodeIgniter\View\View->CodeIgniter\View\{closure}()
#3 C:\laragon\www\the-election\vendor\codeigniter4\framework\system\View\View.php(424): CodeIgniter\View\View->render('layouts/pemilih...', NULL, true)
#4 C:\laragon\www\the-election\app\Views\layouts\pemilih\template.php(34): CodeIgniter\View\View->include('layouts/pemilih...')
#5 C:\laragon\www\the-election\vendor\codeigniter4\framework\system\View\View.php(210): include('C:\\laragon\\www\\...')
#6 C:\laragon\www\the-election\vendor\codeigniter4\framework\system\View\View.php(213): CodeIgniter\View\View->CodeIgniter\View\{closure}()
#7 C:\laragon\www\the-election\vendor\codeigniter4\framework\system\View\View.php(226): CodeIgniter\View\View->render('layouts/pemilih...', Array, true)
#8 C:\laragon\www\the-election\vendor\codeigniter4\framework\system\Common.php(1089): CodeIgniter\View\View->render('pemilihan/paslo...', Array, true)
#9 C:\laragon\www\the-election\app\Controllers\PemilihanController.php(65): view('pemilihan/paslo...', Array)
#10 C:\laragon\www\the-election\vendor\codeigniter4\framework\system\CodeIgniter.php(832): App\Controllers\PemilihanController->paslon()
#11 C:\laragon\www\the-election\vendor\codeigniter4\framework\system\CodeIgniter.php(419): CodeIgniter\CodeIgniter->runController(Object(App\Controllers\PemilihanController))
#12 C:\laragon\www\the-election\vendor\codeigniter4\framework\system\CodeIgniter.php(326): CodeIgniter\CodeIgniter->handleRequest(NULL, Object(Config\Cache), false)
#13 C:\laragon\www\the-election\public\index.php(37): CodeIgniter\CodeIgniter->run()
#14 C:\laragon\www\the-election\vendor\codeigniter4\framework\system\Commands\Server\rewrite.php(43): require_once('C:\\laragon\\www\\...')
#15 {main}
CRITICAL - 2022-04-09 02:14:45 --> Undefined property: App\Controllers\PemilihanController::$PeriodeModel
#0 C:\laragon\www\the-election\app\Controllers\PemilihanController.php(50): CodeIgniter\Debug\Exceptions->errorHandler(2, 'Undefined prope...', 'C:\\laragon\\www\\...', 50)
#1 C:\laragon\www\the-election\vendor\codeigniter4\framework\system\CodeIgniter.php(832): App\Controllers\PemilihanController->countdown()
#2 C:\laragon\www\the-election\vendor\codeigniter4\framework\system\CodeIgniter.php(419): CodeIgniter\CodeIgniter->runController(Object(App\Controllers\PemilihanController))
#3 C:\laragon\www\the-election\vendor\codeigniter4\framework\system\CodeIgniter.php(326): CodeIgniter\CodeIgniter->handleRequest(NULL, Object(Config\Cache), false)
#4 C:\laragon\www\the-election\public\index.php(37): CodeIgniter\CodeIgniter->run()
#5 C:\laragon\www\the-election\vendor\codeigniter4\framework\system\Commands\Server\rewrite.php(43): require_once('C:\\laragon\\www\\...')
#6 {main}
CRITICAL - 2022-04-09 02:18:34 --> Undefined property: App\Controllers\PemilihanController::$PeriodeModel
#0 C:\laragon\www\the-election\app\Controllers\PemilihanController.php(50): CodeIgniter\Debug\Exceptions->errorHandler(2, 'Undefined prope...', 'C:\\laragon\\www\\...', 50)
#1 C:\laragon\www\the-election\vendor\codeigniter4\framework\system\CodeIgniter.php(832): App\Controllers\PemilihanController->countdown()
#2 C:\laragon\www\the-election\vendor\codeigniter4\framework\system\CodeIgniter.php(419): CodeIgniter\CodeIgniter->runController(Object(App\Controllers\PemilihanController))
#3 C:\laragon\www\the-election\vendor\codeigniter4\framework\system\CodeIgniter.php(326): CodeIgniter\CodeIgniter->handleRequest(NULL, Object(Config\Cache), false)
#4 C:\laragon\www\the-election\public\index.php(37): CodeIgniter\CodeIgniter->run()
#5 C:\laragon\www\the-election\vendor\codeigniter4\framework\system\Commands\Server\rewrite.php(43): require_once('C:\\laragon\\www\\...')
#6 {main}
CRITICAL - 2022-04-09 04:49:01 --> Undefined variable $_SESSION
#0 C:\laragon\www\the-election\app\Views\layouts\pemilih\navbar.php(23): CodeIgniter\Debug\Exceptions->errorHandler(2, 'Undefined varia...', 'C:\\laragon\\www\\...', 23)
#1 C:\laragon\www\the-election\vendor\codeigniter4\framework\system\View\View.php(210): include('C:\\laragon\\www\\...')
#2 C:\laragon\www\the-election\vendor\codeigniter4\framework\system\View\View.php(213): CodeIgniter\View\View->CodeIgniter\View\{closure}()
#3 C:\laragon\www\the-election\vendor\codeigniter4\framework\system\View\View.php(424): CodeIgniter\View\View->render('layouts/pemilih...', NULL, true)
#4 C:\laragon\www\the-election\app\Views\layouts\pemilih\template.php(34): CodeIgniter\View\View->include('layouts/pemilih...')
#5 C:\laragon\www\the-election\vendor\codeigniter4\framework\system\View\View.php(210): include('C:\\laragon\\www\\...')
#6 C:\laragon\www\the-election\vendor\codeigniter4\framework\system\View\View.php(213): CodeIgniter\View\View->CodeIgniter\View\{closure}()
#7 C:\laragon\www\the-election\vendor\codeigniter4\framework\system\View\View.php(226): CodeIgniter\View\View->render('layouts/pemilih...', Array, true)
#8 C:\laragon\www\the-election\vendor\codeigniter4\framework\system\Common.php(1089): CodeIgniter\View\View->render('pemilihan/paslo...', Array, true)
#9 C:\laragon\www\the-election\app\Controllers\PemilihanController.php(65): view('pemilihan/paslo...', Array)
#10 C:\laragon\www\the-election\vendor\codeigniter4\framework\system\CodeIgniter.php(832): App\Controllers\PemilihanController->paslon()
#11 C:\laragon\www\the-election\vendor\codeigniter4\framework\system\CodeIgniter.php(419): CodeIgniter\CodeIgniter->runController(Object(App\Controllers\PemilihanController))
#12 C:\laragon\www\the-election\vendor\codeigniter4\framework\system\CodeIgniter.php(326): CodeIgniter\CodeIgniter->handleRequest(NULL, Object(Config\Cache), false)
#13 C:\laragon\www\the-election\public\index.php(37): CodeIgniter\CodeIgniter->run()
#14 C:\laragon\www\the-election\vendor\codeigniter4\framework\system\Commands\Server\rewrite.php(43): require_once('C:\\laragon\\www\\...')
#15 {main}
CRITICAL - 2022-04-09 05:21:17 --> syntax error, unexpected end of file, expecting "elseif" or "else" or "endif"
#0 C:\laragon\www\the-election\vendor\codeigniter4\framework\system\View\View.php(213): CodeIgniter\View\View->CodeIgniter\View\{closure}()
#1 C:\laragon\www\the-election\vendor\codeigniter4\framework\system\View\View.php(226): CodeIgniter\View\View->render('layouts/admin/t...', Array, true)
#2 C:\laragon\www\the-election\vendor\codeigniter4\framework\system\Common.php(1089): CodeIgniter\View\View->render('admin/data_pemi...', Array, true)
#3 C:\laragon\www\the-election\app\Controllers\DataPemilihController.php(29): view('admin/data_pemi...', Array)
#4 C:\laragon\www\the-election\vendor\codeigniter4\framework\system\CodeIgniter.php(832): App\Controllers\DataPemilihController->index()
#5 C:\laragon\www\the-election\vendor\codeigniter4\framework\system\CodeIgniter.php(419): CodeIgniter\CodeIgniter->runController(Object(App\Controllers\DataPemilihController))
#6 C:\laragon\www\the-election\vendor\codeigniter4\framework\system\CodeIgniter.php(326): CodeIgniter\CodeIgniter->handleRequest(NULL, Object(Config\Cache), false)
#7 C:\laragon\www\the-election\public\index.php(37): CodeIgniter\CodeIgniter->run()
#8 C:\laragon\www\the-election\vendor\codeigniter4\framework\system\Commands\Server\rewrite.php(43): require_once('C:\\laragon\\www\\...')
#9 {main}
CRITICAL - 2022-04-09 05:21:50 --> Undefined variable $button1
#0 C:\laragon\www\the-election\app\Views\layouts\admin\template.php(172): CodeIgniter\Debug\Exceptions->errorHandler(2, 'Undefined varia...', 'C:\\laragon\\www\\...', 172)
#1 C:\laragon\www\the-election\vendor\codeigniter4\framework\system\View\View.php(210): include('C:\\laragon\\www\\...')
#2 C:\laragon\www\the-election\vendor\codeigniter4\framework\system\View\View.php(213): CodeIgniter\View\View->CodeIgniter\View\{closure}()
#3 C:\laragon\www\the-election\vendor\codeigniter4\framework\system\View\View.php(226): CodeIgniter\View\View->render('layouts/admin/t...', Array, true)
#4 C:\laragon\www\the-election\vendor\codeigniter4\framework\system\Common.php(1089): CodeIgniter\View\View->render('admin/data_pemi...', Array, true)
#5 C:\laragon\www\the-election\app\Controllers\DataPemilihController.php(29): view('admin/data_pemi...', Array)
#6 C:\laragon\www\the-election\vendor\codeigniter4\framework\system\CodeIgniter.php(832): App\Controllers\DataPemilihController->index()
#7 C:\laragon\www\the-election\vendor\codeigniter4\framework\system\CodeIgniter.php(419): CodeIgniter\CodeIgniter->runController(Object(App\Controllers\DataPemilihController))
#8 C:\laragon\www\the-election\vendor\codeigniter4\framework\system\CodeIgniter.php(326): CodeIgniter\CodeIgniter->handleRequest(NULL, Object(Config\Cache), false)
#9 C:\laragon\www\the-election\public\index.php(37): CodeIgniter\CodeIgniter->run()
#10 C:\laragon\www\the-election\vendor\codeigniter4\framework\system\Commands\Server\rewrite.php(43): require_once('C:\\laragon\\www\\...')
#11 {main}
CRITICAL - 2022-04-09 05:21:59 --> Undefined variable $button1
#0 C:\laragon\www\the-election\app\Views\layouts\admin\template.php(172): CodeIgniter\Debug\Exceptions->errorHandler(2, 'Undefined varia...', 'C:\\laragon\\www\\...', 172)
#1 C:\laragon\www\the-election\vendor\codeigniter4\framework\system\View\View.php(210): include('C:\\laragon\\www\\...')
#2 C:\laragon\www\the-election\vendor\codeigniter4\framework\system\View\View.php(213): CodeIgniter\View\View->CodeIgniter\View\{closure}()
#3 C:\laragon\www\the-election\vendor\codeigniter4\framework\system\View\View.php(226): CodeIgniter\View\View->render('layouts/admin/t...', Array, true)
#4 C:\laragon\www\the-election\vendor\codeigniter4\framework\system\Common.php(1089): CodeIgniter\View\View->render('admin/data_pemi...', Array, true)
#5 C:\laragon\www\the-election\app\Controllers\DataPemilihController.php(29): view('admin/data_pemi...', Array)
#6 C:\laragon\www\the-election\vendor\codeigniter4\framework\system\CodeIgniter.php(832): App\Controllers\DataPemilihController->index()
#7 C:\laragon\www\the-election\vendor\codeigniter4\framework\system\CodeIgniter.php(419): CodeIgniter\CodeIgniter->runController(Object(App\Controllers\DataPemilihController))
#8 C:\laragon\www\the-election\vendor\codeigniter4\framework\system\CodeIgniter.php(326): CodeIgniter\CodeIgniter->handleRequest(NULL, Object(Config\Cache), false)
#9 C:\laragon\www\the-election\public\index.php(37): CodeIgniter\CodeIgniter->run()
#10 C:\laragon\www\the-election\vendor\codeigniter4\framework\system\Commands\Server\rewrite.php(43): require_once('C:\\laragon\\www\\...')
#11 {main}
CRITICAL - 2022-04-09 05:22:11 --> Undefined variable $button1
#0 C:\laragon\www\the-election\app\Views\layouts\admin\template.php(172): CodeIgniter\Debug\Exceptions->errorHandler(2, 'Undefined varia...', 'C:\\laragon\\www\\...', 172)
#1 C:\laragon\www\the-election\vendor\codeigniter4\framework\system\View\View.php(210): include('C:\\laragon\\www\\...')
#2 C:\laragon\www\the-election\vendor\codeigniter4\framework\system\View\View.php(213): CodeIgniter\View\View->CodeIgniter\View\{closure}()
#3 C:\laragon\www\the-election\vendor\codeigniter4\framework\system\View\View.php(226): CodeIgniter\View\View->render('layouts/admin/t...', Array, true)
#4 C:\laragon\www\the-election\vendor\codeigniter4\framework\system\Common.php(1089): CodeIgniter\View\View->render('admin/data_pemi...', Array, true)
#5 C:\laragon\www\the-election\app\Controllers\DataPemilihController.php(29): view('admin/data_pemi...', Array)
#6 C:\laragon\www\the-election\vendor\codeigniter4\framework\system\CodeIgniter.php(832): App\Controllers\DataPemilihController->index()
#7 C:\laragon\www\the-election\vendor\codeigniter4\framework\system\CodeIgniter.php(419): CodeIgniter\CodeIgniter->runController(Object(App\Controllers\DataPemilihController))
#8 C:\laragon\www\the-election\vendor\codeigniter4\framework\system\CodeIgniter.php(326): CodeIgniter\CodeIgniter->handleRequest(NULL, Object(Config\Cache), false)
#9 C:\laragon\www\the-election\public\index.php(37): CodeIgniter\CodeIgniter->run()
#10 C:\laragon\www\the-election\vendor\codeigniter4\framework\system\Commands\Server\rewrite.php(43): require_once('C:\\laragon\\www\\...')
#11 {main}
CRITICAL - 2022-04-09 06:54:02 --> Trying to access array offset on value of type null
#0 C:\laragon\www\the-election\app\Views\admin\detail-paslon.php(27): CodeIgniter\Debug\Exceptions->errorHandler(2, 'Trying to acces...', 'C:\\laragon\\www\\...', 27)
#1 C:\laragon\www\the-election\vendor\codeigniter4\framework\system\View\View.php(210): include('C:\\laragon\\www\\...')
#2 C:\laragon\www\the-election\vendor\codeigniter4\framework\system\View\View.php(213): CodeIgniter\View\View->CodeIgniter\View\{closure}()
#3 C:\laragon\www\the-election\vendor\codeigniter4\framework\system\Common.php(1089): CodeIgniter\View\View->render('admin/detail-pa...', Array, true)
#4 C:\laragon\www\the-election\app\Controllers\DataPaslonController.php(34): view('admin/detail-pa...', Array)
#5 C:\laragon\www\the-election\vendor\codeigniter4\framework\system\CodeIgniter.php(832): App\Controllers\DataPaslonController->detail('css', 'admin', 'style.css')
#6 C:\laragon\www\the-election\vendor\codeigniter4\framework\system\CodeIgniter.php(419): CodeIgniter\CodeIgniter->runController(Object(App\Controllers\DataPaslonController))
#7 C:\laragon\www\the-election\vendor\codeigniter4\framework\system\CodeIgniter.php(326): CodeIgniter\CodeIgniter->handleRequest(NULL, Object(Config\Cache), false)
#8 C:\laragon\www\the-election\public\index.php(37): CodeIgniter\CodeIgniter->run()
#9 C:\laragon\www\the-election\vendor\codeigniter4\framework\system\Commands\Server\rewrite.php(43): require_once('C:\\laragon\\www\\...')
#10 {main}
CRITICAL - 2022-04-09 06:54:09 --> Trying to access array offset on value of type null
#0 C:\laragon\www\the-election\app\Views\admin\detail-paslon.php(27): CodeIgniter\Debug\Exceptions->errorHandler(2, 'Trying to acces...', 'C:\\laragon\\www\\...', 27)
#1 C:\laragon\www\the-election\vendor\codeigniter4\framework\system\View\View.php(210): include('C:\\laragon\\www\\...')
#2 C:\laragon\www\the-election\vendor\codeigniter4\framework\system\View\View.php(213): CodeIgniter\View\View->CodeIgniter\View\{closure}()
#3 C:\laragon\www\the-election\vendor\codeigniter4\framework\system\Common.php(1089): CodeIgniter\View\View->render('admin/detail-pa...', Array, true)
#4 C:\laragon\www\the-election\app\Controllers\DataPaslonController.php(34): view('admin/detail-pa...', Array)
#5 C:\laragon\www\the-election\vendor\codeigniter4\framework\system\CodeIgniter.php(832): App\Controllers\DataPaslonController->detail('css', 'admin', 'style.css')
#6 C:\laragon\www\the-election\vendor\codeigniter4\framework\system\CodeIgniter.php(419): CodeIgniter\CodeIgniter->runController(Object(App\Controllers\DataPaslonController))
#7 C:\laragon\www\the-election\vendor\codeigniter4\framework\system\CodeIgniter.php(326): CodeIgniter\CodeIgniter->handleRequest(NULL, Object(Config\Cache), false)
#8 C:\laragon\www\the-election\public\index.php(37): CodeIgniter\CodeIgniter->run()
#9 C:\laragon\www\the-election\vendor\codeigniter4\framework\system\Commands\Server\rewrite.php(43): require_once('C:\\laragon\\www\\...')
#10 {main}
CRITICAL - 2022-04-09 07:37:42 --> Trying to access array offset on value of type null
#0 C:\laragon\www\the-election\app\Views\admin\detail-paslon.php(27): CodeIgniter\Debug\Exceptions->errorHandler(2, 'Trying to acces...', 'C:\\laragon\\www\\...', 27)
#1 C:\laragon\www\the-election\vendor\codeigniter4\framework\system\View\View.php(210): include('C:\\laragon\\www\\...')
#2 C:\laragon\www\the-election\vendor\codeigniter4\framework\system\View\View.php(213): CodeIgniter\View\View->CodeIgniter\View\{closure}()
#3 C:\laragon\www\the-election\vendor\codeigniter4\framework\system\Common.php(1089): CodeIgniter\View\View->render('admin/detail-pa...', Array, true)
#4 C:\laragon\www\the-election\app\Controllers\DataPaslonController.php(34): view('admin/detail-pa...', Array)
#5 C:\laragon\www\the-election\vendor\codeigniter4\framework\system\CodeIgniter.php(832): App\Controllers\DataPaslonController->detail('css', 'admin', 'style.css')
#6 C:\laragon\www\the-election\vendor\codeigniter4\framework\system\CodeIgniter.php(419): CodeIgniter\CodeIgniter->runController(Object(App\Controllers\DataPaslonController))
#7 C:\laragon\www\the-election\vendor\codeigniter4\framework\system\CodeIgniter.php(326): CodeIgniter\CodeIgniter->handleRequest(NULL, Object(Config\Cache), false)
#8 C:\laragon\www\the-election\public\index.php(37): CodeIgniter\CodeIgniter->run()
#9 C:\laragon\www\the-election\vendor\codeigniter4\framework\system\Commands\Server\rewrite.php(43): require_once('C:\\laragon\\www\\...')
#10 {main}
CRITICAL - 2022-04-09 08:24:03 --> Undefined property: App\Controllers\PemilihanController::$PeriodeModel
#0 C:\laragon\www\the-election\app\Controllers\PemilihanController.php(50): CodeIgniter\Debug\Exceptions->errorHandler(2, 'Undefined prope...', 'C:\\laragon\\www\\...', 50)
#1 C:\laragon\www\the-election\vendor\codeigniter4\framework\system\CodeIgniter.php(832): App\Controllers\PemilihanController->countdown()
#2 C:\laragon\www\the-election\vendor\codeigniter4\framework\system\CodeIgniter.php(419): CodeIgniter\CodeIgniter->runController(Object(App\Controllers\PemilihanController))
#3 C:\laragon\www\the-election\vendor\codeigniter4\framework\system\CodeIgniter.php(326): CodeIgniter\CodeIgniter->handleRequest(NULL, Object(Config\Cache), false)
#4 C:\laragon\www\the-election\public\index.php(37): CodeIgniter\CodeIgniter->run()
#5 C:\laragon\www\the-election\vendor\codeigniter4\framework\system\Commands\Server\rewrite.php(43): require_once('C:\\laragon\\www\\...')
#6 {main}
CRITICAL - 2022-04-09 08:26:35 --> Undefined property: App\Controllers\PemilihanController::$PeriodeModel
#0 C:\laragon\www\the-election\app\Controllers\PemilihanController.php(50): CodeIgniter\Debug\Exceptions->errorHandler(2, 'Undefined prope...', 'C:\\laragon\\www\\...', 50)
#1 C:\laragon\www\the-election\vendor\codeigniter4\framework\system\CodeIgniter.php(832): App\Controllers\PemilihanController->countdown()
#2 C:\laragon\www\the-election\vendor\codeigniter4\framework\system\CodeIgniter.php(419): CodeIgniter\CodeIgniter->runController(Object(App\Controllers\PemilihanController))
#3 C:\laragon\www\the-election\vendor\codeigniter4\framework\system\CodeIgniter.php(326): CodeIgniter\CodeIgniter->handleRequest(NULL, Object(Config\Cache), false)
#4 C:\laragon\www\the-election\public\index.php(37): CodeIgniter\CodeIgniter->run()
#5 C:\laragon\www\the-election\vendor\codeigniter4\framework\system\Commands\Server\rewrite.php(43): require_once('C:\\laragon\\www\\...')
#6 {main}
CRITICAL - 2022-04-09 08:26:38 --> Undefined property: App\Controllers\PemilihanController::$PeriodeModel
#0 C:\laragon\www\the-election\app\Controllers\PemilihanController.php(50): CodeIgniter\Debug\Exceptions->errorHandler(2, 'Undefined prope...', 'C:\\laragon\\www\\...', 50)
#1 C:\laragon\www\the-election\vendor\codeigniter4\framework\system\CodeIgniter.php(832): App\Controllers\PemilihanController->countdown()
#2 C:\laragon\www\the-election\vendor\codeigniter4\framework\system\CodeIgniter.php(419): CodeIgniter\CodeIgniter->runController(Object(App\Controllers\PemilihanController))
#3 C:\laragon\www\the-election\vendor\codeigniter4\framework\system\CodeIgniter.php(326): CodeIgniter\CodeIgniter->handleRequest(NULL, Object(Config\Cache), false)
#4 C:\laragon\www\the-election\public\index.php(37): CodeIgniter\CodeIgniter->run()
#5 C:\laragon\www\the-election\vendor\codeigniter4\framework\system\Commands\Server\rewrite.php(43): require_once('C:\\laragon\\www\\...')
#6 {main}
CRITICAL - 2022-04-09 10:26:24 --> Undefined property: App\Controllers\PemilihanController::$PeriodeModel
#0 C:\xampp\htdocs\the-election\app\Controllers\PemilihanController.php(50): CodeIgniter\Debug\Exceptions->errorHandler(2, 'Undefined prope...', 'C:\\xampp\\htdocs...', 50)
#1 C:\xampp\htdocs\the-election\vendor\codeigniter4\framework\system\CodeIgniter.php(832): App\Controllers\PemilihanController->countdown()
#2 C:\xampp\htdocs\the-election\vendor\codeigniter4\framework\system\CodeIgniter.php(419): CodeIgniter\CodeIgniter->runController(Object(App\Controllers\PemilihanController))
#3 C:\xampp\htdocs\the-election\vendor\codeigniter4\framework\system\CodeIgniter.php(326): CodeIgniter\CodeIgniter->handleRequest(NULL, Object(Config\Cache), false)
#4 C:\xampp\htdocs\the-election\public\index.php(37): CodeIgniter\CodeIgniter->run()
#5 C:\xampp\htdocs\the-election\vendor\codeigniter4\framework\system\Commands\Server\rewrite.php(43): require_once('C:\\xampp\\htdocs...')
#6 {main}
CRITICAL - 2022-04-09 10:27:13 --> Undefined variable $set
#0 C:\xampp\htdocs\the-election\app\Views\pemilihan\countdown.php(13): CodeIgniter\Debug\Exceptions->errorHandler(2, 'Undefined varia...', 'C:\\xampp\\htdocs...', 13)
#1 C:\xampp\htdocs\the-election\vendor\codeigniter4\framework\system\View\View.php(210): include('C:\\xampp\\htdocs...')
#2 C:\xampp\htdocs\the-election\vendor\codeigniter4\framework\system\View\View.php(213): CodeIgniter\View\View->CodeIgniter\View\{closure}()
#3 C:\xampp\htdocs\the-election\vendor\codeigniter4\framework\system\Common.php(1089): CodeIgniter\View\View->render('pemilihan/count...', Array, true)
#4 C:\xampp\htdocs\the-election\app\Controllers\PemilihanController.php(55): view('pemilihan/count...', Array)
#5 C:\xampp\htdocs\the-election\vendor\codeigniter4\framework\system\CodeIgniter.php(832): App\Controllers\PemilihanController->countdown()
#6 C:\xampp\htdocs\the-election\vendor\codeigniter4\framework\system\CodeIgniter.php(419): CodeIgniter\CodeIgniter->runController(Object(App\Controllers\PemilihanController))
#7 C:\xampp\htdocs\the-election\vendor\codeigniter4\framework\system\CodeIgniter.php(326): CodeIgniter\CodeIgniter->handleRequest(NULL, Object(Config\Cache), false)
#8 C:\xampp\htdocs\the-election\public\index.php(37): CodeIgniter\CodeIgniter->run()
#9 C:\xampp\htdocs\the-election\vendor\codeigniter4\framework\system\Commands\Server\rewrite.php(43): require_once('C:\\xampp\\htdocs...')
#10 {main}
CRITICAL - 2022-04-09 10:47:23 --> Undefined variable $csrf
#0 C:\xampp\htdocs\the-election\app\Views\admin\data_pemilih.php(15): CodeIgniter\Debug\Exceptions->errorHandler(2, 'Undefined varia...', 'C:\\xampp\\htdocs...', 15)
#1 C:\xampp\htdocs\the-election\vendor\codeigniter4\framework\system\View\View.php(210): include('C:\\xampp\\htdocs...')
#2 C:\xampp\htdocs\the-election\vendor\codeigniter4\framework\system\View\View.php(213): CodeIgniter\View\View->CodeIgniter\View\{closure}()
#3 C:\xampp\htdocs\the-election\vendor\codeigniter4\framework\system\Common.php(1089): CodeIgniter\View\View->render('admin/data_pemi...', Array, true)
#4 C:\xampp\htdocs\the-election\app\Controllers\DataPemilihController.php(55): view('admin/data_pemi...', Array)
#5 C:\xampp\htdocs\the-election\vendor\codeigniter4\framework\system\CodeIgniter.php(832): App\Controllers\DataPemilihController->index()
#6 C:\xampp\htdocs\the-election\vendor\codeigniter4\framework\system\CodeIgniter.php(419): CodeIgniter\CodeIgniter->runController(Object(App\Controllers\DataPemilihController))
#7 C:\xampp\htdocs\the-election\vendor\codeigniter4\framework\system\CodeIgniter.php(326): CodeIgniter\CodeIgniter->handleRequest(NULL, Object(Config\Cache), false)
#8 C:\xampp\htdocs\the-election\public\index.php(37): CodeIgniter\CodeIgniter->run()
#9 C:\xampp\htdocs\the-election\vendor\codeigniter4\framework\system\Commands\Server\rewrite.php(43): require_once('C:\\xampp\\htdocs...')
#10 {main}
CRITICAL - 2022-04-09 10:47:54 --> Undefined property: App\Controllers\DataPemilihController::$BarangModel
#0 C:\xampp\htdocs\the-election\app\Controllers\DataPemilihController.php(116): CodeIgniter\Debug\Exceptions->errorHandler(2, 'Undefined prope...', 'C:\\xampp\\htdocs...', 116)
#1 C:\xampp\htdocs\the-election\vendor\codeigniter4\framework\system\CodeIgniter.php(832): App\Controllers\DataPemilihController->tambahakun()
#2 C:\xampp\htdocs\the-election\vendor\codeigniter4\framework\system\CodeIgniter.php(419): CodeIgniter\CodeIgniter->runController(Object(App\Controllers\DataPemilihController))
#3 C:\xampp\htdocs\the-election\vendor\codeigniter4\framework\system\CodeIgniter.php(326): CodeIgniter\CodeIgniter->handleRequest(NULL, Object(Config\Cache), false)
#4 C:\xampp\htdocs\the-election\public\index.php(37): CodeIgniter\CodeIgniter->run()
#5 C:\xampp\htdocs\the-election\vendor\codeigniter4\framework\system\Commands\Server\rewrite.php(43): require_once('C:\\xampp\\htdocs...')
#6 {main}
ERROR - 2022-04-09 10:48:12 --> Column 'password' cannot be null
CRITICAL - 2022-04-09 10:48:12 --> Column 'password' cannot be null
#0 C:\xampp\htdocs\the-election\vendor\codeigniter4\framework\system\Database\MySQLi\Connection.php(292): mysqli->query('INSERT INTO `ak...', 0)
#1 C:\xampp\htdocs\the-election\vendor\codeigniter4\framework\system\Database\BaseConnection.php(670): CodeIgniter\Database\MySQLi\Connection->execute('INSERT INTO `ak...')
#2 C:\xampp\htdocs\the-election\vendor\codeigniter4\framework\system\Database\BaseConnection.php(598): CodeIgniter\Database\BaseConnection->simpleQuery('INSERT INTO `ak...')
#3 C:\xampp\htdocs\the-election\vendor\codeigniter4\framework\system\Database\BaseBuilder.php(1771): CodeIgniter\Database\BaseConnection->query('INSERT INTO `ak...', Array, false)
#4 C:\xampp\htdocs\the-election\vendor\codeigniter4\framework\system\Model.php(239): CodeIgniter\Database\BaseBuilder->insert()
#5 C:\xampp\htdocs\the-election\vendor\codeigniter4\framework\system\BaseModel.php(738): CodeIgniter\Model->doInsert(Array)
#6 C:\xampp\htdocs\the-election\vendor\codeigniter4\framework\system\Model.php(625): CodeIgniter\BaseModel->insert(Array, true)
#7 C:\xampp\htdocs\the-election\app\Controllers\DataPemilihController.php(116): CodeIgniter\Model->insert(Array)
#8 C:\xampp\htdocs\the-election\vendor\codeigniter4\framework\system\CodeIgniter.php(832): App\Controllers\DataPemilihController->tambahakun()
#9 C:\xampp\htdocs\the-election\vendor\codeigniter4\framework\system\CodeIgniter.php(419): CodeIgniter\CodeIgniter->runController(Object(App\Controllers\DataPemilihController))
#10 C:\xampp\htdocs\the-election\vendor\codeigniter4\framework\system\CodeIgniter.php(326): CodeIgniter\CodeIgniter->handleRequest(NULL, Object(Config\Cache), false)
#11 C:\xampp\htdocs\the-election\public\index.php(37): CodeIgniter\CodeIgniter->run()
#12 C:\xampp\htdocs\the-election\vendor\codeigniter4\framework\system\Commands\Server\rewrite.php(43): require_once('C:\\xampp\\htdocs...')
#13 {main}
ERROR - 2022-04-09 10:53:49 --> Cannot add or update a child row: a foreign key constraint fails (`the_election`.`akun`, CONSTRAINT `akun_ibfk_2` FOREIGN KEY (`level`) REFERENCES `level` (`id_level`))
CRITICAL - 2022-04-09 10:53:49 --> Cannot add or update a child row: a foreign key constraint fails (`the_election`.`akun`, CONSTRAINT `akun_ibfk_2` FOREIGN KEY (`level`) REFERENCES `level` (`id_level`))
#0 C:\xampp\htdocs\the-election\vendor\codeigniter4\framework\system\Database\MySQLi\Connection.php(292): mysqli->query('INSERT INTO `ak...', 0)
#1 C:\xampp\htdocs\the-election\vendor\codeigniter4\framework\system\Database\BaseConnection.php(670): CodeIgniter\Database\MySQLi\Connection->execute('INSERT INTO `ak...')
#2 C:\xampp\htdocs\the-election\vendor\codeigniter4\framework\system\Database\BaseConnection.php(598): CodeIgniter\Database\BaseConnection->simpleQuery('INSERT INTO `ak...')
#3 C:\xampp\htdocs\the-election\vendor\codeigniter4\framework\system\Database\BaseBuilder.php(1771): CodeIgniter\Database\BaseConnection->query('INSERT INTO `ak...', Array, false)
#4 C:\xampp\htdocs\the-election\vendor\codeigniter4\framework\system\Model.php(239): CodeIgniter\Database\BaseBuilder->insert()
#5 C:\xampp\htdocs\the-election\vendor\codeigniter4\framework\system\BaseModel.php(738): CodeIgniter\Model->doInsert(Array)
#6 C:\xampp\htdocs\the-election\vendor\codeigniter4\framework\system\Model.php(625): CodeIgniter\BaseModel->insert(Array, true)
#7 C:\xampp\htdocs\the-election\app\Controllers\DataPemilihController.php(116): CodeIgniter\Model->insert(Array)
#8 C:\xampp\htdocs\the-election\vendor\codeigniter4\framework\system\CodeIgniter.php(832): App\Controllers\DataPemilihController->tambahakun()
#9 C:\xampp\htdocs\the-election\vendor\codeigniter4\framework\system\CodeIgniter.php(419): CodeIgniter\CodeIgniter->runController(Object(App\Controllers\DataPemilihController))
#10 C:\xampp\htdocs\the-election\vendor\codeigniter4\framework\system\CodeIgniter.php(326): CodeIgniter\CodeIgniter->handleRequest(NULL, Object(Config\Cache), false)
#11 C:\xampp\htdocs\the-election\public\index.php(37): CodeIgniter\CodeIgniter->run()
#12 C:\xampp\htdocs\the-election\vendor\codeigniter4\framework\system\Commands\Server\rewrite.php(43): require_once('C:\\xampp\\htdocs...')
#13 {main}
ERROR - 2022-04-09 11:00:22 --> Cannot add or update a child row: a foreign key constraint fails (`the_election`.`akun`, CONSTRAINT `akun_ibfk_2` FOREIGN KEY (`level`) REFERENCES `level` (`id_level`))
CRITICAL - 2022-04-09 11:00:22 --> Cannot add or update a child row: a foreign key constraint fails (`the_election`.`akun`, CONSTRAINT `akun_ibfk_2` FOREIGN KEY (`level`) REFERENCES `level` (`id_level`))
#0 C:\xampp\htdocs\the-election\vendor\codeigniter4\framework\system\Database\MySQLi\Connection.php(292): mysqli->query('INSERT INTO `ak...', 0)
#1 C:\xampp\htdocs\the-election\vendor\codeigniter4\framework\system\Database\BaseConnection.php(670): CodeIgniter\Database\MySQLi\Connection->execute('INSERT INTO `ak...')
#2 C:\xampp\htdocs\the-election\vendor\codeigniter4\framework\system\Database\BaseConnection.php(598): CodeIgniter\Database\BaseConnection->simpleQuery('INSERT INTO `ak...')
#3 C:\xampp\htdocs\the-election\vendor\codeigniter4\framework\system\Database\BaseBuilder.php(1771): CodeIgniter\Database\BaseConnection->query('INSERT INTO `ak...', Array, false)
#4 C:\xampp\htdocs\the-election\vendor\codeigniter4\framework\system\Model.php(239): CodeIgniter\Database\BaseBuilder->insert()
#5 C:\xampp\htdocs\the-election\vendor\codeigniter4\framework\system\BaseModel.php(738): CodeIgniter\Model->doInsert(Array)
#6 C:\xampp\htdocs\the-election\vendor\codeigniter4\framework\system\Model.php(625): CodeIgniter\BaseModel->insert(Array, true)
#7 C:\xampp\htdocs\the-election\app\Controllers\DataPemilihController.php(124): CodeIgniter\Model->insert(Array)
#8 C:\xampp\htdocs\the-election\vendor\codeigniter4\framework\system\CodeIgniter.php(832): App\Controllers\DataPemilihController->tambahakun()
#9 C:\xampp\htdocs\the-election\vendor\codeigniter4\framework\system\CodeIgniter.php(419): CodeIgniter\CodeIgniter->runController(Object(App\Controllers\DataPemilihController))
#10 C:\xampp\htdocs\the-election\vendor\codeigniter4\framework\system\CodeIgniter.php(326): CodeIgniter\CodeIgniter->handleRequest(NULL, Object(Config\Cache), false)
#11 C:\xampp\htdocs\the-election\public\index.php(37): CodeIgniter\CodeIgniter->run()
#12 C:\xampp\htdocs\the-election\vendor\codeigniter4\framework\system\Commands\Server\rewrite.php(43): require_once('C:\\xampp\\htdocs...')
#13 {main}
ERROR - 2022-04-09 11:02:55 --> Cannot add or update a child row: a foreign key constraint fails (`the_election`.`akun`, CONSTRAINT `akun_ibfk_2` FOREIGN KEY (`level`) REFERENCES `level` (`id_level`))
CRITICAL - 2022-04-09 11:02:55 --> Cannot add or update a child row: a foreign key constraint fails (`the_election`.`akun`, CONSTRAINT `akun_ibfk_2` FOREIGN KEY (`level`) REFERENCES `level` (`id_level`))
#0 C:\xampp\htdocs\the-election\vendor\codeigniter4\framework\system\Database\MySQLi\Connection.php(292): mysqli->query('INSERT INTO `ak...', 0)
#1 C:\xampp\htdocs\the-election\vendor\codeigniter4\framework\system\Database\BaseConnection.php(670): CodeIgniter\Database\MySQLi\Connection->execute('INSERT INTO `ak...')
#2 C:\xampp\htdocs\the-election\vendor\codeigniter4\framework\system\Database\BaseConnection.php(598): CodeIgniter\Database\BaseConnection->simpleQuery('INSERT INTO `ak...')
#3 C:\xampp\htdocs\the-election\vendor\codeigniter4\framework\system\Database\BaseBuilder.php(1771): CodeIgniter\Database\BaseConnection->query('INSERT INTO `ak...', Array, false)
#4 C:\xampp\htdocs\the-election\vendor\codeigniter4\framework\system\Model.php(239): CodeIgniter\Database\BaseBuilder->insert()
#5 C:\xampp\htdocs\the-election\vendor\codeigniter4\framework\system\BaseModel.php(738): CodeIgniter\Model->doInsert(Array)
#6 C:\xampp\htdocs\the-election\vendor\codeigniter4\framework\system\Model.php(625): CodeIgniter\BaseModel->insert(Array, true)
#7 C:\xampp\htdocs\the-election\app\Controllers\DataPemilihController.php(124): CodeIgniter\Model->insert(Array)
#8 C:\xampp\htdocs\the-election\vendor\codeigniter4\framework\system\CodeIgniter.php(832): App\Controllers\DataPemilihController->tambahakun()
#9 C:\xampp\htdocs\the-election\vendor\codeigniter4\framework\system\CodeIgniter.php(419): CodeIgniter\CodeIgniter->runController(Object(App\Controllers\DataPemilihController))
#10 C:\xampp\htdocs\the-election\vendor\codeigniter4\framework\system\CodeIgniter.php(326): CodeIgniter\CodeIgniter->handleRequest(NULL, Object(Config\Cache), false)
#11 C:\xampp\htdocs\the-election\public\index.php(37): CodeIgniter\CodeIgniter->run()
#12 C:\xampp\htdocs\the-election\vendor\codeigniter4\framework\system\Commands\Server\rewrite.php(43): require_once('C:\\xampp\\htdocs...')
#13 {main}
ERROR - 2022-04-09 11:04:04 --> Cannot add or update a child row: a foreign key constraint fails (`the_election`.`akun`, CONSTRAINT `akun_ibfk_2` FOREIGN KEY (`level`) REFERENCES `level` (`id_level`))
CRITICAL - 2022-04-09 11:04:04 --> Cannot add or update a child row: a foreign key constraint fails (`the_election`.`akun`, CONSTRAINT `akun_ibfk_2` FOREIGN KEY (`level`) REFERENCES `level` (`id_level`))
#0 C:\xampp\htdocs\the-election\vendor\codeigniter4\framework\system\Database\MySQLi\Connection.php(292): mysqli->query('INSERT INTO `ak...', 0)
#1 C:\xampp\htdocs\the-election\vendor\codeigniter4\framework\system\Database\BaseConnection.php(670): CodeIgniter\Database\MySQLi\Connection->execute('INSERT INTO `ak...')
#2 C:\xampp\htdocs\the-election\vendor\codeigniter4\framework\system\Database\BaseConnection.php(598): CodeIgniter\Database\BaseConnection->simpleQuery('INSERT INTO `ak...')
#3 C:\xampp\htdocs\the-election\vendor\codeigniter4\framework\system\Database\BaseBuilder.php(1771): CodeIgniter\Database\BaseConnection->query('INSERT INTO `ak...', Array, false)
#4 C:\xampp\htdocs\the-election\vendor\codeigniter4\framework\system\Model.php(239): CodeIgniter\Database\BaseBuilder->insert()
#5 C:\xampp\htdocs\the-election\vendor\codeigniter4\framework\system\BaseModel.php(738): CodeIgniter\Model->doInsert(Array)
#6 C:\xampp\htdocs\the-election\vendor\codeigniter4\framework\system\Model.php(625): CodeIgniter\BaseModel->insert(Array, true)
#7 C:\xampp\htdocs\the-election\app\Controllers\DataPemilihController.php(124): CodeIgniter\Model->insert(Array)
#8 C:\xampp\htdocs\the-election\vendor\codeigniter4\framework\system\CodeIgniter.php(832): App\Controllers\DataPemilihController->tambahakun()
#9 C:\xampp\htdocs\the-election\vendor\codeigniter4\framework\system\CodeIgniter.php(419): CodeIgniter\CodeIgniter->runController(Object(App\Controllers\DataPemilihController))
#10 C:\xampp\htdocs\the-election\vendor\codeigniter4\framework\system\CodeIgniter.php(326): CodeIgniter\CodeIgniter->handleRequest(NULL, Object(Config\Cache), false)
#11 C:\xampp\htdocs\the-election\public\index.php(37): CodeIgniter\CodeIgniter->run()
#12 C:\xampp\htdocs\the-election\vendor\codeigniter4\framework\system\Commands\Server\rewrite.php(43): require_once('C:\\xampp\\htdocs...')
#13 {main}
ERROR - 2022-04-09 11:04:21 --> Cannot add or update a child row: a foreign key constraint fails (`the_election`.`akun`, CONSTRAINT `akun_ibfk_2` FOREIGN KEY (`level`) REFERENCES `level` (`id_level`))
CRITICAL - 2022-04-09 11:04:21 --> Cannot add or update a child row: a foreign key constraint fails (`the_election`.`akun`, CONSTRAINT `akun_ibfk_2` FOREIGN KEY (`level`) REFERENCES `level` (`id_level`))
#0 C:\xampp\htdocs\the-election\vendor\codeigniter4\framework\system\Database\MySQLi\Connection.php(292): mysqli->query('INSERT INTO `ak...', 0)
#1 C:\xampp\htdocs\the-election\vendor\codeigniter4\framework\system\Database\BaseConnection.php(670): CodeIgniter\Database\MySQLi\Connection->execute('INSERT INTO `ak...')
#2 C:\xampp\htdocs\the-election\vendor\codeigniter4\framework\system\Database\BaseConnection.php(598): CodeIgniter\Database\BaseConnection->simpleQuery('INSERT INTO `ak...')
#3 C:\xampp\htdocs\the-election\vendor\codeigniter4\framework\system\Database\BaseBuilder.php(1771): CodeIgniter\Database\BaseConnection->query('INSERT INTO `ak...', Array, false)
#4 C:\xampp\htdocs\the-election\vendor\codeigniter4\framework\system\Model.php(239): CodeIgniter\Database\BaseBuilder->insert()
#5 C:\xampp\htdocs\the-election\vendor\codeigniter4\framework\system\BaseModel.php(738): CodeIgniter\Model->doInsert(Array)
#6 C:\xampp\htdocs\the-election\vendor\codeigniter4\framework\system\Model.php(625): CodeIgniter\BaseModel->insert(Array, true)
#7 C:\xampp\htdocs\the-election\app\Controllers\DataPemilihController.php(124): CodeIgniter\Model->insert(Array)
#8 C:\xampp\htdocs\the-election\vendor\codeigniter4\framework\system\CodeIgniter.php(832): App\Controllers\DataPemilihController->tambahakun()
#9 C:\xampp\htdocs\the-election\vendor\codeigniter4\framework\system\CodeIgniter.php(419): CodeIgniter\CodeIgniter->runController(Object(App\Controllers\DataPemilihController))
#10 C:\xampp\htdocs\the-election\vendor\codeigniter4\framework\system\CodeIgniter.php(326): CodeIgniter\CodeIgniter->handleRequest(NULL, Object(Config\Cache), false)
#11 C:\xampp\htdocs\the-election\public\index.php(37): CodeIgniter\CodeIgniter->run()
#12 C:\xampp\htdocs\the-election\vendor\codeigniter4\framework\system\Commands\Server\rewrite.php(43): require_once('C:\\xampp\\htdocs...')
#13 {main}
