CRITICAL - 2022-03-27 08:40:40 --> Undefined variable $active1
#0 C:\xampp\htdocs\pickme\app\Views\layouts\navbar.php(17): CodeIgniter\Debug\Exceptions->errorHandler(2, 'Undefined varia...', 'C:\\xampp\\htdocs...', 17)
#1 C:\xampp\htdocs\pickme\vendor\codeigniter4\framework\system\View\View.php(210): include('C:\\xampp\\htdocs...')
#2 C:\xampp\htdocs\pickme\vendor\codeigniter4\framework\system\View\View.php(213): CodeIgniter\View\View->CodeIgniter\View\{closure}()
#3 C:\xampp\htdocs\pickme\vendor\codeigniter4\framework\system\View\View.php(424): CodeIgniter\View\View->render('layouts/navbar....', NULL, true)
#4 C:\xampp\htdocs\pickme\app\Views\layouts\template.php(34): CodeIgniter\View\View->include('layouts/navbar....')
#5 C:\xampp\htdocs\pickme\vendor\codeigniter4\framework\system\View\View.php(210): include('C:\\xampp\\htdocs...')
#6 C:\xampp\htdocs\pickme\vendor\codeigniter4\framework\system\View\View.php(213): CodeIgniter\View\View->CodeIgniter\View\{closure}()
#7 C:\xampp\htdocs\pickme\vendor\codeigniter4\framework\system\View\View.php(226): CodeIgniter\View\View->render('layouts/templat...', Array, true)
#8 C:\xampp\htdocs\pickme\vendor\codeigniter4\framework\system\Common.php(1089): CodeIgniter\View\View->render('homepage', Array, true)
#9 C:\xampp\htdocs\pickme\app\Controllers\Home.php(12): view('homepage', Array)
#10 C:\xampp\htdocs\pickme\vendor\codeigniter4\framework\system\CodeIgniter.php(832): App\Controllers\Home->index()
#11 C:\xampp\htdocs\pickme\vendor\codeigniter4\framework\system\CodeIgniter.php(419): CodeIgniter\CodeIgniter->runController(Object(App\Controllers\Home))
#12 C:\xampp\htdocs\pickme\vendor\codeigniter4\framework\system\CodeIgniter.php(326): CodeIgniter\CodeIgniter->handleRequest(NULL, Object(Config\Cache), false)
#13 C:\xampp\htdocs\pickme\public\index.php(37): CodeIgniter\CodeIgniter->run()
#14 C:\xampp\htdocs\pickme\vendor\codeigniter4\framework\system\Commands\Server\rewrite.php(43): require_once('C:\\xampp\\htdocs...')
#15 {main}
CRITICAL - 2022-03-27 08:46:48 --> Undefined variable $title
#0 C:\xampp\htdocs\pickme\app\Views\pemilihan\finished_confirm.php(22): CodeIgniter\Debug\Exceptions->errorHandler(2, 'Undefined varia...', 'C:\\xampp\\htdocs...', 22)
#1 C:\xampp\htdocs\pickme\vendor\codeigniter4\framework\system\View\View.php(210): include('C:\\xampp\\htdocs...')
#2 C:\xampp\htdocs\pickme\vendor\codeigniter4\framework\system\View\View.php(213): CodeIgniter\View\View->CodeIgniter\View\{closure}()
#3 C:\xampp\htdocs\pickme\vendor\codeigniter4\framework\system\Common.php(1089): CodeIgniter\View\View->render('pemilihan/finis...', Array, true)
#4 C:\xampp\htdocs\pickme\app\Controllers\PemilihanController.php(81): view('pemilihan/finis...')
#5 C:\xampp\htdocs\pickme\vendor\codeigniter4\framework\system\CodeIgniter.php(832): App\Controllers\PemilihanController->finished()
#6 C:\xampp\htdocs\pickme\vendor\codeigniter4\framework\system\CodeIgniter.php(419): CodeIgniter\CodeIgniter->runController(Object(App\Controllers\PemilihanController))
#7 C:\xampp\htdocs\pickme\vendor\codeigniter4\framework\system\CodeIgniter.php(326): CodeIgniter\CodeIgniter->handleRequest(NULL, Object(Config\Cache), false)
#8 C:\xampp\htdocs\pickme\public\index.php(37): CodeIgniter\CodeIgniter->run()
#9 C:\xampp\htdocs\pickme\vendor\codeigniter4\framework\system\Commands\Server\rewrite.php(43): require_once('C:\\xampp\\htdocs...')
#10 {main}
CRITICAL - 2022-03-27 08:47:08 --> Undefined variable $title
#0 C:\xampp\htdocs\pickme\app\Views\pemilihan\finished_confirm.php(22): CodeIgniter\Debug\Exceptions->errorHandler(2, 'Undefined varia...', 'C:\\xampp\\htdocs...', 22)
#1 C:\xampp\htdocs\pickme\vendor\codeigniter4\framework\system\View\View.php(210): include('C:\\xampp\\htdocs...')
#2 C:\xampp\htdocs\pickme\vendor\codeigniter4\framework\system\View\View.php(213): CodeIgniter\View\View->CodeIgniter\View\{closure}()
#3 C:\xampp\htdocs\pickme\vendor\codeigniter4\framework\system\Common.php(1089): CodeIgniter\View\View->render('pemilihan/finis...', Array, true)
#4 C:\xampp\htdocs\pickme\app\Controllers\PemilihanController.php(81): view('pemilihan/finis...')
#5 C:\xampp\htdocs\pickme\vendor\codeigniter4\framework\system\CodeIgniter.php(832): App\Controllers\PemilihanController->finished()
#6 C:\xampp\htdocs\pickme\vendor\codeigniter4\framework\system\CodeIgniter.php(419): CodeIgniter\CodeIgniter->runController(Object(App\Controllers\PemilihanController))
#7 C:\xampp\htdocs\pickme\vendor\codeigniter4\framework\system\CodeIgniter.php(326): CodeIgniter\CodeIgniter->handleRequest(NULL, Object(Config\Cache), false)
#8 C:\xampp\htdocs\pickme\public\index.php(37): CodeIgniter\CodeIgniter->run()
#9 C:\xampp\htdocs\pickme\vendor\codeigniter4\framework\system\Commands\Server\rewrite.php(43): require_once('C:\\xampp\\htdocs...')
#10 {main}
CRITICAL - 2022-03-27 08:47:16 --> Undefined variable $title
#0 C:\xampp\htdocs\pickme\app\Views\pemilihan\finished_confirm.php(22): CodeIgniter\Debug\Exceptions->errorHandler(2, 'Undefined varia...', 'C:\\xampp\\htdocs...', 22)
#1 C:\xampp\htdocs\pickme\vendor\codeigniter4\framework\system\View\View.php(210): include('C:\\xampp\\htdocs...')
#2 C:\xampp\htdocs\pickme\vendor\codeigniter4\framework\system\View\View.php(213): CodeIgniter\View\View->CodeIgniter\View\{closure}()
#3 C:\xampp\htdocs\pickme\vendor\codeigniter4\framework\system\Common.php(1089): CodeIgniter\View\View->render('pemilihan/finis...', Array, true)
#4 C:\xampp\htdocs\pickme\app\Controllers\PemilihanController.php(81): view('pemilihan/finis...')
#5 C:\xampp\htdocs\pickme\vendor\codeigniter4\framework\system\CodeIgniter.php(832): App\Controllers\PemilihanController->finished()
#6 C:\xampp\htdocs\pickme\vendor\codeigniter4\framework\system\CodeIgniter.php(419): CodeIgniter\CodeIgniter->runController(Object(App\Controllers\PemilihanController))
#7 C:\xampp\htdocs\pickme\vendor\codeigniter4\framework\system\CodeIgniter.php(326): CodeIgniter\CodeIgniter->handleRequest(NULL, Object(Config\Cache), false)
#8 C:\xampp\htdocs\pickme\public\index.php(37): CodeIgniter\CodeIgniter->run()
#9 C:\xampp\htdocs\pickme\vendor\codeigniter4\framework\system\Commands\Server\rewrite.php(43): require_once('C:\\xampp\\htdocs...')
#10 {main}
CRITICAL - 2022-03-27 08:47:44 --> Undefined variable $title
#0 C:\xampp\htdocs\pickme\app\Views\pemilihan\finished_confirm.php(22): CodeIgniter\Debug\Exceptions->errorHandler(2, 'Undefined varia...', 'C:\\xampp\\htdocs...', 22)
#1 C:\xampp\htdocs\pickme\vendor\codeigniter4\framework\system\View\View.php(210): include('C:\\xampp\\htdocs...')
#2 C:\xampp\htdocs\pickme\vendor\codeigniter4\framework\system\View\View.php(213): CodeIgniter\View\View->CodeIgniter\View\{closure}()
#3 C:\xampp\htdocs\pickme\vendor\codeigniter4\framework\system\Common.php(1089): CodeIgniter\View\View->render('pemilihan/finis...', Array, true)
#4 C:\xampp\htdocs\pickme\app\Controllers\PemilihanController.php(81): view('pemilihan/finis...')
#5 C:\xampp\htdocs\pickme\vendor\codeigniter4\framework\system\CodeIgniter.php(832): App\Controllers\PemilihanController->finished()
#6 C:\xampp\htdocs\pickme\vendor\codeigniter4\framework\system\CodeIgniter.php(419): CodeIgniter\CodeIgniter->runController(Object(App\Controllers\PemilihanController))
#7 C:\xampp\htdocs\pickme\vendor\codeigniter4\framework\system\CodeIgniter.php(326): CodeIgniter\CodeIgniter->handleRequest(NULL, Object(Config\Cache), false)
#8 C:\xampp\htdocs\pickme\public\index.php(37): CodeIgniter\CodeIgniter->run()
#9 C:\xampp\htdocs\pickme\vendor\codeigniter4\framework\system\Commands\Server\rewrite.php(43): require_once('C:\\xampp\\htdocs...')
#10 {main}
CRITICAL - 2022-03-27 09:47:33 --> Invalid file: layouts/navbar.php
#0 C:\xampp\htdocs\pickme\vendor\codeigniter4\framework\system\View\View.php(198): CodeIgniter\Exceptions\FrameworkException::forInvalidFile('layouts/navbar....')
#1 C:\xampp\htdocs\pickme\vendor\codeigniter4\framework\system\View\View.php(424): CodeIgniter\View\View->render('layouts/navbar....', NULL, true)
#2 C:\xampp\htdocs\pickme\app\Views\layouts\pemilih\template.php(34): CodeIgniter\View\View->include('layouts/navbar....')
#3 C:\xampp\htdocs\pickme\vendor\codeigniter4\framework\system\View\View.php(210): include('C:\\xampp\\htdocs...')
#4 C:\xampp\htdocs\pickme\vendor\codeigniter4\framework\system\View\View.php(213): CodeIgniter\View\View->CodeIgniter\View\{closure}()
#5 C:\xampp\htdocs\pickme\vendor\codeigniter4\framework\system\View\View.php(226): CodeIgniter\View\View->render('layouts/pemilih...', Array, true)
#6 C:\xampp\htdocs\pickme\vendor\codeigniter4\framework\system\Common.php(1089): CodeIgniter\View\View->render('pemilihan/detai...', Array, true)
#7 C:\xampp\htdocs\pickme\app\Controllers\PemilihanController.php(29): view('pemilihan/detai...', Array)
#8 C:\xampp\htdocs\pickme\vendor\codeigniter4\framework\system\CodeIgniter.php(832): App\Controllers\PemilihanController->detail()
#9 C:\xampp\htdocs\pickme\vendor\codeigniter4\framework\system\CodeIgniter.php(419): CodeIgniter\CodeIgniter->runController(Object(App\Controllers\PemilihanController))
#10 C:\xampp\htdocs\pickme\vendor\codeigniter4\framework\system\CodeIgniter.php(326): CodeIgniter\CodeIgniter->handleRequest(NULL, Object(Config\Cache), false)
#11 C:\xampp\htdocs\pickme\public\index.php(37): CodeIgniter\CodeIgniter->run()
#12 C:\xampp\htdocs\pickme\vendor\codeigniter4\framework\system\Commands\Server\rewrite.php(43): require_once('C:\\xampp\\htdocs...')
#13 {main}
CRITICAL - 2022-03-27 20:54:12 --> Invalid file: layouts/navbar.php
#0 C:\xampp\htdocs\pickme\vendor\codeigniter4\framework\system\View\View.php(198): CodeIgniter\Exceptions\FrameworkException::forInvalidFile('layouts/navbar....')
#1 C:\xampp\htdocs\pickme\vendor\codeigniter4\framework\system\View\View.php(424): CodeIgniter\View\View->render('layouts/navbar....', NULL, true)
#2 C:\xampp\htdocs\pickme\app\Views\layouts\pemilih\template.php(34): CodeIgniter\View\View->include('layouts/navbar....')
#3 C:\xampp\htdocs\pickme\vendor\codeigniter4\framework\system\View\View.php(210): include('C:\\xampp\\htdocs...')
#4 C:\xampp\htdocs\pickme\vendor\codeigniter4\framework\system\View\View.php(213): CodeIgniter\View\View->CodeIgniter\View\{closure}()
#5 C:\xampp\htdocs\pickme\vendor\codeigniter4\framework\system\View\View.php(226): CodeIgniter\View\View->render('layouts/pemilih...', Array, true)
#6 C:\xampp\htdocs\pickme\vendor\codeigniter4\framework\system\Common.php(1089): CodeIgniter\View\View->render('pemilihan/count...', Array, true)
#7 C:\xampp\htdocs\pickme\app\Controllers\PemilihanController.php(50): view('pemilihan/count...', Array)
#8 C:\xampp\htdocs\pickme\vendor\codeigniter4\framework\system\CodeIgniter.php(832): App\Controllers\PemilihanController->countdown()
#9 C:\xampp\htdocs\pickme\vendor\codeigniter4\framework\system\CodeIgniter.php(419): CodeIgniter\CodeIgniter->runController(Object(App\Controllers\PemilihanController))
#10 C:\xampp\htdocs\pickme\vendor\codeigniter4\framework\system\CodeIgniter.php(326): CodeIgniter\CodeIgniter->handleRequest(NULL, Object(Config\Cache), false)
#11 C:\xampp\htdocs\pickme\public\index.php(37): CodeIgniter\CodeIgniter->run()
#12 C:\xampp\htdocs\pickme\vendor\codeigniter4\framework\system\Commands\Server\rewrite.php(43): require_once('C:\\xampp\\htdocs...')
#13 {main}
CRITICAL - 2022-03-27 21:00:36 --> Invalid file: layouts/template.php
#0 C:\xampp\htdocs\pickme\vendor\codeigniter4\framework\system\View\View.php(198): CodeIgniter\Exceptions\FrameworkException::forInvalidFile('layouts/templat...')
#1 C:\xampp\htdocs\pickme\vendor\codeigniter4\framework\system\View\View.php(226): CodeIgniter\View\View->render('layouts/templat...', Array, true)
#2 C:\xampp\htdocs\pickme\vendor\codeigniter4\framework\system\Common.php(1089): CodeIgniter\View\View->render('homepage', Array, true)
#3 C:\xampp\htdocs\pickme\app\Controllers\Home.php(12): view('homepage', Array)
#4 C:\xampp\htdocs\pickme\vendor\codeigniter4\framework\system\CodeIgniter.php(832): App\Controllers\Home->index()
#5 C:\xampp\htdocs\pickme\vendor\codeigniter4\framework\system\CodeIgniter.php(419): CodeIgniter\CodeIgniter->runController(Object(App\Controllers\Home))
#6 C:\xampp\htdocs\pickme\vendor\codeigniter4\framework\system\CodeIgniter.php(326): CodeIgniter\CodeIgniter->handleRequest(NULL, Object(Config\Cache), false)
#7 C:\xampp\htdocs\pickme\public\index.php(37): CodeIgniter\CodeIgniter->run()
#8 C:\xampp\htdocs\pickme\vendor\codeigniter4\framework\system\Commands\Server\rewrite.php(43): require_once('C:\\xampp\\htdocs...')
#9 {main}
CRITICAL - 2022-03-27 21:00:41 --> Invalid file: layouts/template.php
#0 C:\xampp\htdocs\pickme\vendor\codeigniter4\framework\system\View\View.php(198): CodeIgniter\Exceptions\FrameworkException::forInvalidFile('layouts/templat...')
#1 C:\xampp\htdocs\pickme\vendor\codeigniter4\framework\system\View\View.php(226): CodeIgniter\View\View->render('layouts/templat...', Array, true)
#2 C:\xampp\htdocs\pickme\vendor\codeigniter4\framework\system\Common.php(1089): CodeIgniter\View\View->render('homepage', Array, true)
#3 C:\xampp\htdocs\pickme\app\Controllers\Home.php(12): view('homepage', Array)
#4 C:\xampp\htdocs\pickme\vendor\codeigniter4\framework\system\CodeIgniter.php(832): App\Controllers\Home->index()
#5 C:\xampp\htdocs\pickme\vendor\codeigniter4\framework\system\CodeIgniter.php(419): CodeIgniter\CodeIgniter->runController(Object(App\Controllers\Home))
#6 C:\xampp\htdocs\pickme\vendor\codeigniter4\framework\system\CodeIgniter.php(326): CodeIgniter\CodeIgniter->handleRequest(NULL, Object(Config\Cache), false)
#7 C:\xampp\htdocs\pickme\public\index.php(37): CodeIgniter\CodeIgniter->run()
#8 C:\xampp\htdocs\pickme\vendor\codeigniter4\framework\system\Commands\Server\rewrite.php(43): require_once('C:\\xampp\\htdocs...')
#9 {main}
CRITICAL - 2022-03-27 21:00:45 --> Invalid file: layouts/template.php
#0 C:\xampp\htdocs\pickme\vendor\codeigniter4\framework\system\View\View.php(198): CodeIgniter\Exceptions\FrameworkException::forInvalidFile('layouts/templat...')
#1 C:\xampp\htdocs\pickme\vendor\codeigniter4\framework\system\View\View.php(226): CodeIgniter\View\View->render('layouts/templat...', Array, true)
#2 C:\xampp\htdocs\pickme\vendor\codeigniter4\framework\system\Common.php(1089): CodeIgniter\View\View->render('homepage', Array, true)
#3 C:\xampp\htdocs\pickme\app\Controllers\Home.php(12): view('homepage', Array)
#4 C:\xampp\htdocs\pickme\vendor\codeigniter4\framework\system\CodeIgniter.php(832): App\Controllers\Home->index()
#5 C:\xampp\htdocs\pickme\vendor\codeigniter4\framework\system\CodeIgniter.php(419): CodeIgniter\CodeIgniter->runController(Object(App\Controllers\Home))
#6 C:\xampp\htdocs\pickme\vendor\codeigniter4\framework\system\CodeIgniter.php(326): CodeIgniter\CodeIgniter->handleRequest(NULL, Object(Config\Cache), false)
#7 C:\xampp\htdocs\pickme\public\index.php(37): CodeIgniter\CodeIgniter->run()
#8 C:\xampp\htdocs\pickme\vendor\codeigniter4\framework\system\Commands\Server\rewrite.php(43): require_once('C:\\xampp\\htdocs...')
#9 {main}
CRITICAL - 2022-03-27 21:01:35 --> Invalid file: layouts/template.php
#0 C:\xampp\htdocs\pickme\vendor\codeigniter4\framework\system\View\View.php(198): CodeIgniter\Exceptions\FrameworkException::forInvalidFile('layouts/templat...')
#1 C:\xampp\htdocs\pickme\vendor\codeigniter4\framework\system\View\View.php(226): CodeIgniter\View\View->render('layouts/templat...', Array, true)
#2 C:\xampp\htdocs\pickme\vendor\codeigniter4\framework\system\Common.php(1089): CodeIgniter\View\View->render('homepage', Array, true)
#3 C:\xampp\htdocs\pickme\app\Controllers\Home.php(15): view('homepage', Array)
#4 C:\xampp\htdocs\pickme\vendor\codeigniter4\framework\system\CodeIgniter.php(832): App\Controllers\Home->index()
#5 C:\xampp\htdocs\pickme\vendor\codeigniter4\framework\system\CodeIgniter.php(419): CodeIgniter\CodeIgniter->runController(Object(App\Controllers\Home))
#6 C:\xampp\htdocs\pickme\vendor\codeigniter4\framework\system\CodeIgniter.php(326): CodeIgniter\CodeIgniter->handleRequest(NULL, Object(Config\Cache), false)
#7 C:\xampp\htdocs\pickme\public\index.php(37): CodeIgniter\CodeIgniter->run()
#8 C:\xampp\htdocs\pickme\vendor\codeigniter4\framework\system\Commands\Server\rewrite.php(43): require_once('C:\\xampp\\htdocs...')
#9 {main}
CRITICAL - 2022-03-27 21:01:38 --> Invalid file: layouts/template.php
#0 C:\xampp\htdocs\pickme\vendor\codeigniter4\framework\system\View\View.php(198): CodeIgniter\Exceptions\FrameworkException::forInvalidFile('layouts/templat...')
#1 C:\xampp\htdocs\pickme\vendor\codeigniter4\framework\system\View\View.php(226): CodeIgniter\View\View->render('layouts/templat...', Array, true)
#2 C:\xampp\htdocs\pickme\vendor\codeigniter4\framework\system\Common.php(1089): CodeIgniter\View\View->render('homepage', Array, true)
#3 C:\xampp\htdocs\pickme\app\Controllers\Home.php(15): view('homepage', Array)
#4 C:\xampp\htdocs\pickme\vendor\codeigniter4\framework\system\CodeIgniter.php(832): App\Controllers\Home->index()
#5 C:\xampp\htdocs\pickme\vendor\codeigniter4\framework\system\CodeIgniter.php(419): CodeIgniter\CodeIgniter->runController(Object(App\Controllers\Home))
#6 C:\xampp\htdocs\pickme\vendor\codeigniter4\framework\system\CodeIgniter.php(326): CodeIgniter\CodeIgniter->handleRequest(NULL, Object(Config\Cache), false)
#7 C:\xampp\htdocs\pickme\public\index.php(37): CodeIgniter\CodeIgniter->run()
#8 C:\xampp\htdocs\pickme\vendor\codeigniter4\framework\system\Commands\Server\rewrite.php(43): require_once('C:\\xampp\\htdocs...')
#9 {main}
