ERROR - 2022-04-03 23:14:39 --> Error connecting to the database: No connection could be made because the target machine actively refused it
CRITICAL - 2022-04-03 23:14:39 --> Unable to connect to the database.
Main connection [MySQLi]: No connection could be made because the target machine actively refused it
#0 C:\xampp\htdocs\pickme\vendor\codeigniter4\framework\system\Database\BaseConnection.php(577): CodeIgniter\Database\BaseConnection->initialize()
#1 C:\xampp\htdocs\pickme\vendor\codeigniter4\framework\system\Database\BaseBuilder.php(1455): CodeIgniter\Database\BaseConnection->query('SELECT *\nFROM `...', Array, false)
#2 C:\xampp\htdocs\pickme\vendor\codeigniter4\framework\system\Model.php(183): CodeIgniter\Database\BaseBuilder->get()
#3 C:\xampp\htdocs\pickme\vendor\codeigniter4\framework\system\BaseModel.php(584): CodeIgniter\Model->doFindAll(0, 0)
#4 C:\xampp\htdocs\pickme\app\Controllers\DataPaslonController.php(19): CodeIgniter\BaseModel->findAll()
#5 C:\xampp\htdocs\pickme\vendor\codeigniter4\framework\system\CodeIgniter.php(832): App\Controllers\DataPaslonController->index()
#6 C:\xampp\htdocs\pickme\vendor\codeigniter4\framework\system\CodeIgniter.php(419): CodeIgniter\CodeIgniter->runController(Object(App\Controllers\DataPaslonController))
#7 C:\xampp\htdocs\pickme\vendor\codeigniter4\framework\system\CodeIgniter.php(326): CodeIgniter\CodeIgniter->handleRequest(NULL, Object(Config\Cache), false)
#8 C:\xampp\htdocs\pickme\public\index.php(37): CodeIgniter\CodeIgniter->run()
#9 C:\xampp\htdocs\pickme\vendor\codeigniter4\framework\system\Commands\Server\rewrite.php(43): require_once('C:\\xampp\\htdocs...')
#10 {main}
ERROR - 2022-04-03 23:14:45 --> Error connecting to the database: No connection could be made because the target machine actively refused it
CRITICAL - 2022-04-03 23:14:45 --> Unable to connect to the database.
Main connection [MySQLi]: No connection could be made because the target machine actively refused it
#0 C:\xampp\htdocs\pickme\vendor\codeigniter4\framework\system\Database\BaseConnection.php(577): CodeIgniter\Database\BaseConnection->initialize()
#1 C:\xampp\htdocs\pickme\vendor\codeigniter4\framework\system\Database\BaseBuilder.php(1455): CodeIgniter\Database\BaseConnection->query('SELECT *\nFROM `...', Array, false)
#2 C:\xampp\htdocs\pickme\vendor\codeigniter4\framework\system\Model.php(183): CodeIgniter\Database\BaseBuilder->get()
#3 C:\xampp\htdocs\pickme\vendor\codeigniter4\framework\system\BaseModel.php(584): CodeIgniter\Model->doFindAll(0, 0)
#4 C:\xampp\htdocs\pickme\app\Controllers\DataPaslonController.php(19): CodeIgniter\BaseModel->findAll()
#5 C:\xampp\htdocs\pickme\vendor\codeigniter4\framework\system\CodeIgniter.php(832): App\Controllers\DataPaslonController->index()
#6 C:\xampp\htdocs\pickme\vendor\codeigniter4\framework\system\CodeIgniter.php(419): CodeIgniter\CodeIgniter->runController(Object(App\Controllers\DataPaslonController))
#7 C:\xampp\htdocs\pickme\vendor\codeigniter4\framework\system\CodeIgniter.php(326): CodeIgniter\CodeIgniter->handleRequest(NULL, Object(Config\Cache), false)
#8 C:\xampp\htdocs\pickme\public\index.php(37): CodeIgniter\CodeIgniter->run()
#9 C:\xampp\htdocs\pickme\vendor\codeigniter4\framework\system\Commands\Server\rewrite.php(43): require_once('C:\\xampp\\htdocs...')
#10 {main}
ERROR - 2022-04-03 23:16:29 --> Error connecting to the database: No connection could be made because the target machine actively refused it
CRITICAL - 2022-04-03 23:16:29 --> Unable to connect to the database.
Main connection [MySQLi]: No connection could be made because the target machine actively refused it
#0 C:\xampp\htdocs\pickme\vendor\codeigniter4\framework\system\Database\BaseConnection.php(577): CodeIgniter\Database\BaseConnection->initialize()
#1 C:\xampp\htdocs\pickme\vendor\codeigniter4\framework\system\Database\BaseBuilder.php(1455): CodeIgniter\Database\BaseConnection->query('SELECT *\nFROM `...', Array, false)
#2 C:\xampp\htdocs\pickme\vendor\codeigniter4\framework\system\Model.php(183): CodeIgniter\Database\BaseBuilder->get()
#3 C:\xampp\htdocs\pickme\vendor\codeigniter4\framework\system\BaseModel.php(584): CodeIgniter\Model->doFindAll(0, 0)
#4 C:\xampp\htdocs\pickme\app\Controllers\DataPaslonController.php(19): CodeIgniter\BaseModel->findAll()
#5 C:\xampp\htdocs\pickme\vendor\codeigniter4\framework\system\CodeIgniter.php(832): App\Controllers\DataPaslonController->index()
#6 C:\xampp\htdocs\pickme\vendor\codeigniter4\framework\system\CodeIgniter.php(419): CodeIgniter\CodeIgniter->runController(Object(App\Controllers\DataPaslonController))
#7 C:\xampp\htdocs\pickme\vendor\codeigniter4\framework\system\CodeIgniter.php(326): CodeIgniter\CodeIgniter->handleRequest(NULL, Object(Config\Cache), false)
#8 C:\xampp\htdocs\pickme\public\index.php(37): CodeIgniter\CodeIgniter->run()
#9 C:\xampp\htdocs\pickme\vendor\codeigniter4\framework\system\Commands\Server\rewrite.php(43): require_once('C:\\xampp\\htdocs...')
#10 {main}
CRITICAL - 2022-04-03 23:16:43 --> Undefined property: App\Controllers\DataPaslonController::$BarangModel
#0 C:\xampp\htdocs\pickme\app\Controllers\DataPaslonController.php(39): CodeIgniter\Debug\Exceptions->errorHandler(2, 'Undefined prope...', 'C:\\xampp\\htdocs...', 39)
#1 C:\xampp\htdocs\pickme\vendor\codeigniter4\framework\system\CodeIgniter.php(832): App\Controllers\DataPaslonController->edit('1')
#2 C:\xampp\htdocs\pickme\vendor\codeigniter4\framework\system\CodeIgniter.php(419): CodeIgniter\CodeIgniter->runController(Object(App\Controllers\DataPaslonController))
#3 C:\xampp\htdocs\pickme\vendor\codeigniter4\framework\system\CodeIgniter.php(326): CodeIgniter\CodeIgniter->handleRequest(NULL, Object(Config\Cache), false)
#4 C:\xampp\htdocs\pickme\public\index.php(37): CodeIgniter\CodeIgniter->run()
#5 C:\xampp\htdocs\pickme\vendor\codeigniter4\framework\system\Commands\Server\rewrite.php(43): require_once('C:\\xampp\\htdocs...')
#6 {main}
CRITICAL - 2022-04-03 23:16:55 --> Invalid file: admin/edit-paslon.php
#0 C:\xampp\htdocs\pickme\vendor\codeigniter4\framework\system\View\View.php(198): CodeIgniter\Exceptions\FrameworkException::forInvalidFile('admin/edit-pasl...')
#1 C:\xampp\htdocs\pickme\vendor\codeigniter4\framework\system\Common.php(1089): CodeIgniter\View\View->render('admin/edit-pasl...', Array, true)
#2 C:\xampp\htdocs\pickme\app\Controllers\DataPaslonController.php(46): view('admin/edit-pasl...', Array)
#3 C:\xampp\htdocs\pickme\vendor\codeigniter4\framework\system\CodeIgniter.php(832): App\Controllers\DataPaslonController->edit('1')
#4 C:\xampp\htdocs\pickme\vendor\codeigniter4\framework\system\CodeIgniter.php(419): CodeIgniter\CodeIgniter->runController(Object(App\Controllers\DataPaslonController))
#5 C:\xampp\htdocs\pickme\vendor\codeigniter4\framework\system\CodeIgniter.php(326): CodeIgniter\CodeIgniter->handleRequest(NULL, Object(Config\Cache), false)
#6 C:\xampp\htdocs\pickme\public\index.php(37): CodeIgniter\CodeIgniter->run()
#7 C:\xampp\htdocs\pickme\vendor\codeigniter4\framework\system\Commands\Server\rewrite.php(43): require_once('C:\\xampp\\htdocs...')
#8 {main}
CRITICAL - 2022-04-03 23:20:53 --> Undefined array key "id_barang"
#0 C:\xampp\htdocs\pickme\app\Views\admin\edit-paslon.php(31): CodeIgniter\Debug\Exceptions->errorHandler(2, 'Undefined array...', 'C:\\xampp\\htdocs...', 31)
#1 C:\xampp\htdocs\pickme\vendor\codeigniter4\framework\system\View\View.php(210): include('C:\\xampp\\htdocs...')
#2 C:\xampp\htdocs\pickme\vendor\codeigniter4\framework\system\View\View.php(213): CodeIgniter\View\View->CodeIgniter\View\{closure}()
#3 C:\xampp\htdocs\pickme\vendor\codeigniter4\framework\system\Common.php(1089): CodeIgniter\View\View->render('admin/edit-pasl...', Array, true)
#4 C:\xampp\htdocs\pickme\app\Controllers\DataPaslonController.php(46): view('admin/edit-pasl...', Array)
#5 C:\xampp\htdocs\pickme\vendor\codeigniter4\framework\system\CodeIgniter.php(832): App\Controllers\DataPaslonController->edit('3')
#6 C:\xampp\htdocs\pickme\vendor\codeigniter4\framework\system\CodeIgniter.php(419): CodeIgniter\CodeIgniter->runController(Object(App\Controllers\DataPaslonController))
#7 C:\xampp\htdocs\pickme\vendor\codeigniter4\framework\system\CodeIgniter.php(326): CodeIgniter\CodeIgniter->handleRequest(NULL, Object(Config\Cache), false)
#8 C:\xampp\htdocs\pickme\public\index.php(37): CodeIgniter\CodeIgniter->run()
#9 C:\xampp\htdocs\pickme\vendor\codeigniter4\framework\system\Commands\Server\rewrite.php(43): require_once('C:\\xampp\\htdocs...')
#10 {main}
CRITICAL - 2022-04-03 23:31:16 --> Undefined array key "lokasi"
#0 C:\xampp\htdocs\pickme\app\Views\admin\edit-paslon.php(40): CodeIgniter\Debug\Exceptions->errorHandler(2, 'Undefined array...', 'C:\\xampp\\htdocs...', 40)
#1 C:\xampp\htdocs\pickme\vendor\codeigniter4\framework\system\View\View.php(210): include('C:\\xampp\\htdocs...')
#2 C:\xampp\htdocs\pickme\vendor\codeigniter4\framework\system\View\View.php(213): CodeIgniter\View\View->CodeIgniter\View\{closure}()
#3 C:\xampp\htdocs\pickme\vendor\codeigniter4\framework\system\Common.php(1089): CodeIgniter\View\View->render('admin/edit-pasl...', Array, true)
#4 C:\xampp\htdocs\pickme\app\Controllers\DataPaslonController.php(46): view('admin/edit-pasl...', Array)
#5 C:\xampp\htdocs\pickme\vendor\codeigniter4\framework\system\CodeIgniter.php(832): App\Controllers\DataPaslonController->edit('3')
#6 C:\xampp\htdocs\pickme\vendor\codeigniter4\framework\system\CodeIgniter.php(419): CodeIgniter\CodeIgniter->runController(Object(App\Controllers\DataPaslonController))
#7 C:\xampp\htdocs\pickme\vendor\codeigniter4\framework\system\CodeIgniter.php(326): CodeIgniter\CodeIgniter->handleRequest(NULL, Object(Config\Cache), false)
#8 C:\xampp\htdocs\pickme\public\index.php(37): CodeIgniter\CodeIgniter->run()
#9 C:\xampp\htdocs\pickme\vendor\codeigniter4\framework\system\Commands\Server\rewrite.php(43): require_once('C:\\xampp\\htdocs...')
#10 {main}
CRITICAL - 2022-04-03 23:34:48 --> Trying to access array offset on value of type null
#0 C:\xampp\htdocs\pickme\app\Views\admin\edit-paslon.php(40): CodeIgniter\Debug\Exceptions->errorHandler(2, 'Trying to acces...', 'C:\\xampp\\htdocs...', 40)
#1 C:\xampp\htdocs\pickme\vendor\codeigniter4\framework\system\View\View.php(210): include('C:\\xampp\\htdocs...')
#2 C:\xampp\htdocs\pickme\vendor\codeigniter4\framework\system\View\View.php(213): CodeIgniter\View\View->CodeIgniter\View\{closure}()
#3 C:\xampp\htdocs\pickme\vendor\codeigniter4\framework\system\Common.php(1089): CodeIgniter\View\View->render('admin/edit-pasl...', Array, true)
#4 C:\xampp\htdocs\pickme\app\Controllers\DataPaslonController.php(46): view('admin/edit-pasl...', Array)
#5 C:\xampp\htdocs\pickme\vendor\codeigniter4\framework\system\CodeIgniter.php(832): App\Controllers\DataPaslonController->edit('css', 'style.css')
#6 C:\xampp\htdocs\pickme\vendor\codeigniter4\framework\system\CodeIgniter.php(419): CodeIgniter\CodeIgniter->runController(Object(App\Controllers\DataPaslonController))
#7 C:\xampp\htdocs\pickme\vendor\codeigniter4\framework\system\CodeIgniter.php(326): CodeIgniter\CodeIgniter->handleRequest(NULL, Object(Config\Cache), false)
#8 C:\xampp\htdocs\pickme\public\index.php(37): CodeIgniter\CodeIgniter->run()
#9 C:\xampp\htdocs\pickme\vendor\codeigniter4\framework\system\Commands\Server\rewrite.php(43): require_once('C:\\xampp\\htdocs...')
#10 {main}
CRITICAL - 2022-04-03 23:51:55 --> Cannot declare class App\Controllers\AkunController, because the name is already in use
#0 [internal function]: CodeIgniter\Debug\Exceptions->shutdownHandler()
#1 {main}
CRITICAL - 2022-04-03 23:52:27 --> Cannot declare class App\Controllers\AkunController, because the name is already in use
#0 [internal function]: CodeIgniter\Debug\Exceptions->shutdownHandler()
#1 {main}
