ERROR - 2022-04-15 01:00:46 --> Column 'nama_wakil' cannot be null
CRITICAL - 2022-04-15 01:00:46 --> Column 'nama_wakil' cannot be null
#0 C:\xampp\htdocs\the-election\vendor\codeigniter4\framework\system\Database\MySQLi\Connection.php(292): mysqli->query('INSERT INTO `pa...', 0)
#1 C:\xampp\htdocs\the-election\vendor\codeigniter4\framework\system\Database\BaseConnection.php(670): CodeIgniter\Database\MySQLi\Connection->execute('INSERT INTO `pa...')
#2 C:\xampp\htdocs\the-election\vendor\codeigniter4\framework\system\Database\BaseConnection.php(598): CodeIgniter\Database\BaseConnection->simpleQuery('INSERT INTO `pa...')
#3 C:\xampp\htdocs\the-election\vendor\codeigniter4\framework\system\Database\BaseBuilder.php(1771): CodeIgniter\Database\BaseConnection->query('INSERT INTO `pa...', Array, false)
#4 C:\xampp\htdocs\the-election\vendor\codeigniter4\framework\system\Model.php(239): CodeIgniter\Database\BaseBuilder->insert()
#5 C:\xampp\htdocs\the-election\vendor\codeigniter4\framework\system\BaseModel.php(738): CodeIgniter\Model->doInsert(Array)
#6 C:\xampp\htdocs\the-election\vendor\codeigniter4\framework\system\Model.php(625): CodeIgniter\BaseModel->insert(Array, false)
#7 C:\xampp\htdocs\the-election\vendor\codeigniter4\framework\system\BaseModel.php(658): CodeIgniter\Model->insert(Array, false)
#8 C:\xampp\htdocs\the-election\app\Controllers\Admin\DataPaslonController.php(122): CodeIgniter\BaseModel->save(Array)
#9 C:\xampp\htdocs\the-election\vendor\codeigniter4\framework\system\CodeIgniter.php(832): App\Controllers\Admin\DataPaslonController->updatepaslon()
#10 C:\xampp\htdocs\the-election\vendor\codeigniter4\framework\system\CodeIgniter.php(419): CodeIgniter\CodeIgniter->runController(Object(App\Controllers\Admin\DataPaslonController))
#11 C:\xampp\htdocs\the-election\vendor\codeigniter4\framework\system\CodeIgniter.php(326): CodeIgniter\CodeIgniter->handleRequest(NULL, Object(Config\Cache), false)
#12 C:\xampp\htdocs\the-election\public\index.php(37): CodeIgniter\CodeIgniter->run()
#13 C:\xampp\htdocs\the-election\vendor\codeigniter4\framework\system\Commands\Server\rewrite.php(43): require_once('C:\\xampp\\htdocs...')
#14 {main}
ERROR - 2022-04-15 01:00:55 --> Column 'nama_wakil' cannot be null
CRITICAL - 2022-04-15 01:00:55 --> Column 'nama_wakil' cannot be null
#0 C:\xampp\htdocs\the-election\vendor\codeigniter4\framework\system\Database\MySQLi\Connection.php(292): mysqli->query('INSERT INTO `pa...', 0)
#1 C:\xampp\htdocs\the-election\vendor\codeigniter4\framework\system\Database\BaseConnection.php(670): CodeIgniter\Database\MySQLi\Connection->execute('INSERT INTO `pa...')
#2 C:\xampp\htdocs\the-election\vendor\codeigniter4\framework\system\Database\BaseConnection.php(598): CodeIgniter\Database\BaseConnection->simpleQuery('INSERT INTO `pa...')
#3 C:\xampp\htdocs\the-election\vendor\codeigniter4\framework\system\Database\BaseBuilder.php(1771): CodeIgniter\Database\BaseConnection->query('INSERT INTO `pa...', Array, false)
#4 C:\xampp\htdocs\the-election\vendor\codeigniter4\framework\system\Model.php(239): CodeIgniter\Database\BaseBuilder->insert()
#5 C:\xampp\htdocs\the-election\vendor\codeigniter4\framework\system\BaseModel.php(738): CodeIgniter\Model->doInsert(Array)
#6 C:\xampp\htdocs\the-election\vendor\codeigniter4\framework\system\Model.php(625): CodeIgniter\BaseModel->insert(Array, false)
#7 C:\xampp\htdocs\the-election\vendor\codeigniter4\framework\system\BaseModel.php(658): CodeIgniter\Model->insert(Array, false)
#8 C:\xampp\htdocs\the-election\app\Controllers\Admin\DataPaslonController.php(122): CodeIgniter\BaseModel->save(Array)
#9 C:\xampp\htdocs\the-election\vendor\codeigniter4\framework\system\CodeIgniter.php(832): App\Controllers\Admin\DataPaslonController->updatepaslon()
#10 C:\xampp\htdocs\the-election\vendor\codeigniter4\framework\system\CodeIgniter.php(419): CodeIgniter\CodeIgniter->runController(Object(App\Controllers\Admin\DataPaslonController))
#11 C:\xampp\htdocs\the-election\vendor\codeigniter4\framework\system\CodeIgniter.php(326): CodeIgniter\CodeIgniter->handleRequest(NULL, Object(Config\Cache), false)
#12 C:\xampp\htdocs\the-election\public\index.php(37): CodeIgniter\CodeIgniter->run()
#13 C:\xampp\htdocs\the-election\vendor\codeigniter4\framework\system\Commands\Server\rewrite.php(43): require_once('C:\\xampp\\htdocs...')
#14 {main}
ERROR - 2022-04-15 01:02:47 --> Column 'program_kerja' cannot be null
CRITICAL - 2022-04-15 01:02:47 --> Column 'program_kerja' cannot be null
#0 C:\xampp\htdocs\the-election\vendor\codeigniter4\framework\system\Database\MySQLi\Connection.php(292): mysqli->query('INSERT INTO `pa...', 0)
#1 C:\xampp\htdocs\the-election\vendor\codeigniter4\framework\system\Database\BaseConnection.php(670): CodeIgniter\Database\MySQLi\Connection->execute('INSERT INTO `pa...')
#2 C:\xampp\htdocs\the-election\vendor\codeigniter4\framework\system\Database\BaseConnection.php(598): CodeIgniter\Database\BaseConnection->simpleQuery('INSERT INTO `pa...')
#3 C:\xampp\htdocs\the-election\vendor\codeigniter4\framework\system\Database\BaseBuilder.php(1771): CodeIgniter\Database\BaseConnection->query('INSERT INTO `pa...', Array, false)
#4 C:\xampp\htdocs\the-election\vendor\codeigniter4\framework\system\Model.php(239): CodeIgniter\Database\BaseBuilder->insert()
#5 C:\xampp\htdocs\the-election\vendor\codeigniter4\framework\system\BaseModel.php(738): CodeIgniter\Model->doInsert(Array)
#6 C:\xampp\htdocs\the-election\vendor\codeigniter4\framework\system\Model.php(625): CodeIgniter\BaseModel->insert(Array, false)
#7 C:\xampp\htdocs\the-election\vendor\codeigniter4\framework\system\BaseModel.php(658): CodeIgniter\Model->insert(Array, false)
#8 C:\xampp\htdocs\the-election\app\Controllers\Admin\DataPaslonController.php(121): CodeIgniter\BaseModel->save(Array)
#9 C:\xampp\htdocs\the-election\vendor\codeigniter4\framework\system\CodeIgniter.php(832): App\Controllers\Admin\DataPaslonController->updatepaslon()
#10 C:\xampp\htdocs\the-election\vendor\codeigniter4\framework\system\CodeIgniter.php(419): CodeIgniter\CodeIgniter->runController(Object(App\Controllers\Admin\DataPaslonController))
#11 C:\xampp\htdocs\the-election\vendor\codeigniter4\framework\system\CodeIgniter.php(326): CodeIgniter\CodeIgniter->handleRequest(NULL, Object(Config\Cache), false)
#12 C:\xampp\htdocs\the-election\public\index.php(37): CodeIgniter\CodeIgniter->run()
#13 C:\xampp\htdocs\the-election\vendor\codeigniter4\framework\system\Commands\Server\rewrite.php(43): require_once('C:\\xampp\\htdocs...')
#14 {main}
ERROR - 2022-04-15 01:03:06 --> Column 'periode' cannot be null
CRITICAL - 2022-04-15 01:03:06 --> Column 'periode' cannot be null
#0 C:\xampp\htdocs\the-election\vendor\codeigniter4\framework\system\Database\MySQLi\Connection.php(292): mysqli->query('INSERT INTO `pa...', 0)
#1 C:\xampp\htdocs\the-election\vendor\codeigniter4\framework\system\Database\BaseConnection.php(670): CodeIgniter\Database\MySQLi\Connection->execute('INSERT INTO `pa...')
#2 C:\xampp\htdocs\the-election\vendor\codeigniter4\framework\system\Database\BaseConnection.php(598): CodeIgniter\Database\BaseConnection->simpleQuery('INSERT INTO `pa...')
#3 C:\xampp\htdocs\the-election\vendor\codeigniter4\framework\system\Database\BaseBuilder.php(1771): CodeIgniter\Database\BaseConnection->query('INSERT INTO `pa...', Array, false)
#4 C:\xampp\htdocs\the-election\vendor\codeigniter4\framework\system\Model.php(239): CodeIgniter\Database\BaseBuilder->insert()
#5 C:\xampp\htdocs\the-election\vendor\codeigniter4\framework\system\BaseModel.php(738): CodeIgniter\Model->doInsert(Array)
#6 C:\xampp\htdocs\the-election\vendor\codeigniter4\framework\system\Model.php(625): CodeIgniter\BaseModel->insert(Array, false)
#7 C:\xampp\htdocs\the-election\vendor\codeigniter4\framework\system\BaseModel.php(658): CodeIgniter\Model->insert(Array, false)
#8 C:\xampp\htdocs\the-election\app\Controllers\Admin\DataPaslonController.php(121): CodeIgniter\BaseModel->save(Array)
#9 C:\xampp\htdocs\the-election\vendor\codeigniter4\framework\system\CodeIgniter.php(832): App\Controllers\Admin\DataPaslonController->updatepaslon()
#10 C:\xampp\htdocs\the-election\vendor\codeigniter4\framework\system\CodeIgniter.php(419): CodeIgniter\CodeIgniter->runController(Object(App\Controllers\Admin\DataPaslonController))
#11 C:\xampp\htdocs\the-election\vendor\codeigniter4\framework\system\CodeIgniter.php(326): CodeIgniter\CodeIgniter->handleRequest(NULL, Object(Config\Cache), false)
#12 C:\xampp\htdocs\the-election\public\index.php(37): CodeIgniter\CodeIgniter->run()
#13 C:\xampp\htdocs\the-election\vendor\codeigniter4\framework\system\Commands\Server\rewrite.php(43): require_once('C:\\xampp\\htdocs...')
#14 {main}
CRITICAL - 2022-04-15 01:04:56 --> There is no data to update.
#0 C:\xampp\htdocs\the-election\vendor\codeigniter4\framework\system\BaseModel.php(1574): CodeIgniter\Database\Exceptions\DataException::forEmptyDataset('update')
#1 C:\xampp\htdocs\the-election\vendor\codeigniter4\framework\system\BaseModel.php(832): CodeIgniter\BaseModel->transformDataToArray(NULL, 'update')
#2 C:\xampp\htdocs\the-election\vendor\codeigniter4\framework\system\Model.php(651): CodeIgniter\BaseModel->update(Array, NULL)
#3 C:\xampp\htdocs\the-election\app\Controllers\Admin\DataPaslonController.php(121): CodeIgniter\Model->update(Array)
#4 C:\xampp\htdocs\the-election\vendor\codeigniter4\framework\system\CodeIgniter.php(832): App\Controllers\Admin\DataPaslonController->updatepaslon()
#5 C:\xampp\htdocs\the-election\vendor\codeigniter4\framework\system\CodeIgniter.php(419): CodeIgniter\CodeIgniter->runController(Object(App\Controllers\Admin\DataPaslonController))
#6 C:\xampp\htdocs\the-election\vendor\codeigniter4\framework\system\CodeIgniter.php(326): CodeIgniter\CodeIgniter->handleRequest(NULL, Object(Config\Cache), false)
#7 C:\xampp\htdocs\the-election\public\index.php(37): CodeIgniter\CodeIgniter->run()
#8 C:\xampp\htdocs\the-election\vendor\codeigniter4\framework\system\Commands\Server\rewrite.php(43): require_once('C:\\xampp\\htdocs...')
#9 {main}
CRITICAL - 2022-04-15 01:06:58 --> Trying to access array offset on value of type null
#0 C:\xampp\htdocs\the-election\app\Views\admin\paslon\detail-paslon.php(27): CodeIgniter\Debug\Exceptions->errorHandler(2, 'Trying to acces...', 'C:\\xampp\\htdocs...', 27)
#1 C:\xampp\htdocs\the-election\vendor\codeigniter4\framework\system\View\View.php(210): include('C:\\xampp\\htdocs...')
#2 C:\xampp\htdocs\the-election\vendor\codeigniter4\framework\system\View\View.php(213): CodeIgniter\View\View->CodeIgniter\View\{closure}()
#3 C:\xampp\htdocs\the-election\vendor\codeigniter4\framework\system\Common.php(1089): CodeIgniter\View\View->render('admin/paslon/de...', Array, true)
#4 C:\xampp\htdocs\the-election\app\Controllers\Admin\DataPaslonController.php(70): view('admin/paslon/de...', Array)
#5 C:\xampp\htdocs\the-election\vendor\codeigniter4\framework\system\CodeIgniter.php(832): App\Controllers\Admin\DataPaslonController->detail('css', 'admin', 'style.css')
#6 C:\xampp\htdocs\the-election\vendor\codeigniter4\framework\system\CodeIgniter.php(419): CodeIgniter\CodeIgniter->runController(Object(App\Controllers\Admin\DataPaslonController))
#7 C:\xampp\htdocs\the-election\vendor\codeigniter4\framework\system\CodeIgniter.php(326): CodeIgniter\CodeIgniter->handleRequest(NULL, Object(Config\Cache), false)
#8 C:\xampp\htdocs\the-election\public\index.php(37): CodeIgniter\CodeIgniter->run()
#9 C:\xampp\htdocs\the-election\vendor\codeigniter4\framework\system\Commands\Server\rewrite.php(43): require_once('C:\\xampp\\htdocs...')
#10 {main}
CRITICAL - 2022-04-15 01:07:10 --> Trying to access array offset on value of type null
#0 C:\xampp\htdocs\the-election\app\Views\admin\paslon\detail-paslon.php(27): CodeIgniter\Debug\Exceptions->errorHandler(2, 'Trying to acces...', 'C:\\xampp\\htdocs...', 27)
#1 C:\xampp\htdocs\the-election\vendor\codeigniter4\framework\system\View\View.php(210): include('C:\\xampp\\htdocs...')
#2 C:\xampp\htdocs\the-election\vendor\codeigniter4\framework\system\View\View.php(213): CodeIgniter\View\View->CodeIgniter\View\{closure}()
#3 C:\xampp\htdocs\the-election\vendor\codeigniter4\framework\system\Common.php(1089): CodeIgniter\View\View->render('admin/paslon/de...', Array, true)
#4 C:\xampp\htdocs\the-election\app\Controllers\Admin\DataPaslonController.php(70): view('admin/paslon/de...', Array)
#5 C:\xampp\htdocs\the-election\vendor\codeigniter4\framework\system\CodeIgniter.php(832): App\Controllers\Admin\DataPaslonController->detail('css', 'admin', 'style.css')
#6 C:\xampp\htdocs\the-election\vendor\codeigniter4\framework\system\CodeIgniter.php(419): CodeIgniter\CodeIgniter->runController(Object(App\Controllers\Admin\DataPaslonController))
#7 C:\xampp\htdocs\the-election\vendor\codeigniter4\framework\system\CodeIgniter.php(326): CodeIgniter\CodeIgniter->handleRequest(NULL, Object(Config\Cache), false)
#8 C:\xampp\htdocs\the-election\public\index.php(37): CodeIgniter\CodeIgniter->run()
#9 C:\xampp\htdocs\the-election\vendor\codeigniter4\framework\system\Commands\Server\rewrite.php(43): require_once('C:\\xampp\\htdocs...')
#10 {main}
CRITICAL - 2022-04-15 01:10:20 --> Trying to access array offset on value of type null
#0 C:\xampp\htdocs\the-election\app\Views\admin\paslon\detail-paslon.php(27): CodeIgniter\Debug\Exceptions->errorHandler(2, 'Trying to acces...', 'C:\\xampp\\htdocs...', 27)
#1 C:\xampp\htdocs\the-election\vendor\codeigniter4\framework\system\View\View.php(210): include('C:\\xampp\\htdocs...')
#2 C:\xampp\htdocs\the-election\vendor\codeigniter4\framework\system\View\View.php(213): CodeIgniter\View\View->CodeIgniter\View\{closure}()
#3 C:\xampp\htdocs\the-election\vendor\codeigniter4\framework\system\Common.php(1089): CodeIgniter\View\View->render('admin/paslon/de...', Array, true)
#4 C:\xampp\htdocs\the-election\app\Controllers\Admin\DataPaslonController.php(70): view('admin/paslon/de...', Array)
#5 C:\xampp\htdocs\the-election\vendor\codeigniter4\framework\system\CodeIgniter.php(832): App\Controllers\Admin\DataPaslonController->detail('css', 'admin', 'style.css')
#6 C:\xampp\htdocs\the-election\vendor\codeigniter4\framework\system\CodeIgniter.php(419): CodeIgniter\CodeIgniter->runController(Object(App\Controllers\Admin\DataPaslonController))
#7 C:\xampp\htdocs\the-election\vendor\codeigniter4\framework\system\CodeIgniter.php(326): CodeIgniter\CodeIgniter->handleRequest(NULL, Object(Config\Cache), false)
#8 C:\xampp\htdocs\the-election\public\index.php(37): CodeIgniter\CodeIgniter->run()
#9 C:\xampp\htdocs\the-election\vendor\codeigniter4\framework\system\Commands\Server\rewrite.php(43): require_once('C:\\xampp\\htdocs...')
#10 {main}
CRITICAL - 2022-04-15 01:10:26 --> Trying to access array offset on value of type null
#0 C:\xampp\htdocs\the-election\app\Views\admin\paslon\detail-paslon.php(27): CodeIgniter\Debug\Exceptions->errorHandler(2, 'Trying to acces...', 'C:\\xampp\\htdocs...', 27)
#1 C:\xampp\htdocs\the-election\vendor\codeigniter4\framework\system\View\View.php(210): include('C:\\xampp\\htdocs...')
#2 C:\xampp\htdocs\the-election\vendor\codeigniter4\framework\system\View\View.php(213): CodeIgniter\View\View->CodeIgniter\View\{closure}()
#3 C:\xampp\htdocs\the-election\vendor\codeigniter4\framework\system\Common.php(1089): CodeIgniter\View\View->render('admin/paslon/de...', Array, true)
#4 C:\xampp\htdocs\the-election\app\Controllers\Admin\DataPaslonController.php(70): view('admin/paslon/de...', Array)
#5 C:\xampp\htdocs\the-election\vendor\codeigniter4\framework\system\CodeIgniter.php(832): App\Controllers\Admin\DataPaslonController->detail('css', 'admin', 'style.css')
#6 C:\xampp\htdocs\the-election\vendor\codeigniter4\framework\system\CodeIgniter.php(419): CodeIgniter\CodeIgniter->runController(Object(App\Controllers\Admin\DataPaslonController))
#7 C:\xampp\htdocs\the-election\vendor\codeigniter4\framework\system\CodeIgniter.php(326): CodeIgniter\CodeIgniter->handleRequest(NULL, Object(Config\Cache), false)
#8 C:\xampp\htdocs\the-election\public\index.php(37): CodeIgniter\CodeIgniter->run()
#9 C:\xampp\htdocs\the-election\vendor\codeigniter4\framework\system\Commands\Server\rewrite.php(43): require_once('C:\\xampp\\htdocs...')
#10 {main}
CRITICAL - 2022-04-15 01:20:01 --> Undefined variable $paslon
#0 C:\xampp\htdocs\the-election\app\Views\pemilihan\paslon.php(25): CodeIgniter\Debug\Exceptions->errorHandler(2, 'Undefined varia...', 'C:\\xampp\\htdocs...', 25)
#1 C:\xampp\htdocs\the-election\vendor\codeigniter4\framework\system\View\View.php(210): include('C:\\xampp\\htdocs...')
#2 C:\xampp\htdocs\the-election\vendor\codeigniter4\framework\system\View\View.php(213): CodeIgniter\View\View->CodeIgniter\View\{closure}()
#3 C:\xampp\htdocs\the-election\vendor\codeigniter4\framework\system\Common.php(1089): CodeIgniter\View\View->render('pemilihan/paslo...', Array, true)
#4 C:\xampp\htdocs\the-election\app\Controllers\Pemilih\PemilihanController.php(33): view('pemilihan/paslo...', Array)
#5 C:\xampp\htdocs\the-election\vendor\codeigniter4\framework\system\CodeIgniter.php(832): App\Controllers\Pemilih\PemilihanController->index()
#6 C:\xampp\htdocs\the-election\vendor\codeigniter4\framework\system\CodeIgniter.php(419): CodeIgniter\CodeIgniter->runController(Object(App\Controllers\Pemilih\PemilihanController))
#7 C:\xampp\htdocs\the-election\vendor\codeigniter4\framework\system\CodeIgniter.php(326): CodeIgniter\CodeIgniter->handleRequest(NULL, Object(Config\Cache), false)
#8 C:\xampp\htdocs\the-election\public\index.php(37): CodeIgniter\CodeIgniter->run()
#9 C:\xampp\htdocs\the-election\vendor\codeigniter4\framework\system\Commands\Server\rewrite.php(43): require_once('C:\\xampp\\htdocs...')
#10 {main}
ERROR - 2022-04-15 01:41:33 --> You have an error in your SQL syntax; check the manual that corresponds to your MariaDB server version for the right syntax to use near '' at line 1
CRITICAL - 2022-04-15 01:41:33 --> You have an error in your SQL syntax; check the manual that corresponds to your MariaDB server version for the right syntax to use near '' at line 1
#0 C:\xampp\htdocs\the-election\vendor\codeigniter4\framework\system\Database\MySQLi\Connection.php(292): mysqli->query('UPDATE `akun` S...', 0)
#1 C:\xampp\htdocs\the-election\vendor\codeigniter4\framework\system\Database\BaseConnection.php(670): CodeIgniter\Database\MySQLi\Connection->execute('UPDATE `akun` S...')
#2 C:\xampp\htdocs\the-election\vendor\codeigniter4\framework\system\Database\BaseConnection.php(598): CodeIgniter\Database\BaseConnection->simpleQuery('UPDATE `akun` S...')
#3 C:\xampp\htdocs\the-election\vendor\codeigniter4\framework\system\Model.php(726): CodeIgniter\Database\BaseConnection->query('UPDATE `akun` S...')
#4 C:\xampp\htdocs\the-election\app\Controllers\Pemilih\PemilihanController.php(115): CodeIgniter\Model->__call('query', Array)
#5 C:\xampp\htdocs\the-election\vendor\codeigniter4\framework\system\CodeIgniter.php(832): App\Controllers\Pemilih\PemilihanController->addriwayat()
#6 C:\xampp\htdocs\the-election\vendor\codeigniter4\framework\system\CodeIgniter.php(419): CodeIgniter\CodeIgniter->runController(Object(App\Controllers\Pemilih\PemilihanController))
#7 C:\xampp\htdocs\the-election\vendor\codeigniter4\framework\system\CodeIgniter.php(326): CodeIgniter\CodeIgniter->handleRequest(NULL, Object(Config\Cache), false)
#8 C:\xampp\htdocs\the-election\public\index.php(37): CodeIgniter\CodeIgniter->run()
#9 C:\xampp\htdocs\the-election\vendor\codeigniter4\framework\system\Commands\Server\rewrite.php(43): require_once('C:\\xampp\\htdocs...')
#10 {main}
CRITICAL - 2022-04-15 01:43:43 --> Undefined global variable $_SESSION
#0 C:\xampp\htdocs\the-election\app\Controllers\Pemilih\PemilihanController.php(59): CodeIgniter\Debug\Exceptions->errorHandler(2, 'Undefined globa...', 'C:\\xampp\\htdocs...', 59)
#1 C:\xampp\htdocs\the-election\vendor\codeigniter4\framework\system\CodeIgniter.php(832): App\Controllers\Pemilih\PemilihanController->token('14')
#2 C:\xampp\htdocs\the-election\vendor\codeigniter4\framework\system\CodeIgniter.php(419): CodeIgniter\CodeIgniter->runController(Object(App\Controllers\Pemilih\PemilihanController))
#3 C:\xampp\htdocs\the-election\vendor\codeigniter4\framework\system\CodeIgniter.php(326): CodeIgniter\CodeIgniter->handleRequest(NULL, Object(Config\Cache), false)
#4 C:\xampp\htdocs\the-election\public\index.php(37): CodeIgniter\CodeIgniter->run()
#5 C:\xampp\htdocs\the-election\vendor\codeigniter4\framework\system\Commands\Server\rewrite.php(43): require_once('C:\\xampp\\htdocs...')
#6 {main}
CRITICAL - 2022-04-15 01:45:27 --> Undefined global variable $_SESSION
#0 C:\xampp\htdocs\the-election\app\Views\pemilihan\token.php(54): CodeIgniter\Debug\Exceptions->errorHandler(2, 'Undefined globa...', 'C:\\xampp\\htdocs...', 54)
#1 C:\xampp\htdocs\the-election\vendor\codeigniter4\framework\system\View\View.php(210): include('C:\\xampp\\htdocs...')
#2 C:\xampp\htdocs\the-election\vendor\codeigniter4\framework\system\View\View.php(213): CodeIgniter\View\View->CodeIgniter\View\{closure}()
#3 C:\xampp\htdocs\the-election\vendor\codeigniter4\framework\system\Common.php(1089): CodeIgniter\View\View->render('pemilihan/token', Array, true)
#4 C:\xampp\htdocs\the-election\app\Controllers\Pemilih\PemilihanController.php(69): view('pemilihan/token', Array)
#5 C:\xampp\htdocs\the-election\vendor\codeigniter4\framework\system\CodeIgniter.php(832): App\Controllers\Pemilih\PemilihanController->token('14')
#6 C:\xampp\htdocs\the-election\vendor\codeigniter4\framework\system\CodeIgniter.php(419): CodeIgniter\CodeIgniter->runController(Object(App\Controllers\Pemilih\PemilihanController))
#7 C:\xampp\htdocs\the-election\vendor\codeigniter4\framework\system\CodeIgniter.php(326): CodeIgniter\CodeIgniter->handleRequest(NULL, Object(Config\Cache), false)
#8 C:\xampp\htdocs\the-election\public\index.php(37): CodeIgniter\CodeIgniter->run()
#9 C:\xampp\htdocs\the-election\vendor\codeigniter4\framework\system\Commands\Server\rewrite.php(43): require_once('C:\\xampp\\htdocs...')
#10 {main}
ERROR - 2022-04-15 01:46:00 --> Column 'paslon_dipilih' cannot be null
CRITICAL - 2022-04-15 01:46:00 --> Column 'paslon_dipilih' cannot be null
#0 C:\xampp\htdocs\the-election\vendor\codeigniter4\framework\system\Database\MySQLi\Connection.php(292): mysqli->query('INSERT INTO `ri...', 0)
#1 C:\xampp\htdocs\the-election\vendor\codeigniter4\framework\system\Database\BaseConnection.php(670): CodeIgniter\Database\MySQLi\Connection->execute('INSERT INTO `ri...')
#2 C:\xampp\htdocs\the-election\vendor\codeigniter4\framework\system\Database\BaseConnection.php(598): CodeIgniter\Database\BaseConnection->simpleQuery('INSERT INTO `ri...')
#3 C:\xampp\htdocs\the-election\vendor\codeigniter4\framework\system\Database\BaseBuilder.php(1771): CodeIgniter\Database\BaseConnection->query('INSERT INTO `ri...', Array, false)
#4 C:\xampp\htdocs\the-election\vendor\codeigniter4\framework\system\Model.php(239): CodeIgniter\Database\BaseBuilder->insert()
#5 C:\xampp\htdocs\the-election\vendor\codeigniter4\framework\system\BaseModel.php(738): CodeIgniter\Model->doInsert(Array)
#6 C:\xampp\htdocs\the-election\vendor\codeigniter4\framework\system\Model.php(625): CodeIgniter\BaseModel->insert(Array, true)
#7 C:\xampp\htdocs\the-election\app\Controllers\Pemilih\PemilihanController.php(114): CodeIgniter\Model->insert(Array)
#8 C:\xampp\htdocs\the-election\vendor\codeigniter4\framework\system\CodeIgniter.php(832): App\Controllers\Pemilih\PemilihanController->addriwayat()
#9 C:\xampp\htdocs\the-election\vendor\codeigniter4\framework\system\CodeIgniter.php(419): CodeIgniter\CodeIgniter->runController(Object(App\Controllers\Pemilih\PemilihanController))
#10 C:\xampp\htdocs\the-election\vendor\codeigniter4\framework\system\CodeIgniter.php(326): CodeIgniter\CodeIgniter->handleRequest(NULL, Object(Config\Cache), false)
#11 C:\xampp\htdocs\the-election\public\index.php(37): CodeIgniter\CodeIgniter->run()
#12 C:\xampp\htdocs\the-election\vendor\codeigniter4\framework\system\Commands\Server\rewrite.php(43): require_once('C:\\xampp\\htdocs...')
#13 {main}
ERROR - 2022-04-15 01:46:25 --> You have an error in your SQL syntax; check the manual that corresponds to your MariaDB server version for the right syntax to use near '' at line 1
CRITICAL - 2022-04-15 01:46:25 --> You have an error in your SQL syntax; check the manual that corresponds to your MariaDB server version for the right syntax to use near '' at line 1
#0 C:\xampp\htdocs\the-election\vendor\codeigniter4\framework\system\Database\MySQLi\Connection.php(292): mysqli->query('UPDATE `akun` S...', 0)
#1 C:\xampp\htdocs\the-election\vendor\codeigniter4\framework\system\Database\BaseConnection.php(670): CodeIgniter\Database\MySQLi\Connection->execute('UPDATE `akun` S...')
#2 C:\xampp\htdocs\the-election\vendor\codeigniter4\framework\system\Database\BaseConnection.php(598): CodeIgniter\Database\BaseConnection->simpleQuery('UPDATE `akun` S...')
#3 C:\xampp\htdocs\the-election\vendor\codeigniter4\framework\system\Model.php(726): CodeIgniter\Database\BaseConnection->query('UPDATE `akun` S...')
#4 C:\xampp\htdocs\the-election\app\Controllers\Pemilih\PemilihanController.php(115): CodeIgniter\Model->__call('query', Array)
#5 C:\xampp\htdocs\the-election\vendor\codeigniter4\framework\system\CodeIgniter.php(832): App\Controllers\Pemilih\PemilihanController->addriwayat()
#6 C:\xampp\htdocs\the-election\vendor\codeigniter4\framework\system\CodeIgniter.php(419): CodeIgniter\CodeIgniter->runController(Object(App\Controllers\Pemilih\PemilihanController))
#7 C:\xampp\htdocs\the-election\vendor\codeigniter4\framework\system\CodeIgniter.php(326): CodeIgniter\CodeIgniter->handleRequest(NULL, Object(Config\Cache), false)
#8 C:\xampp\htdocs\the-election\public\index.php(37): CodeIgniter\CodeIgniter->run()
#9 C:\xampp\htdocs\the-election\vendor\codeigniter4\framework\system\Commands\Server\rewrite.php(43): require_once('C:\\xampp\\htdocs...')
#10 {main}
CRITICAL - 2022-04-15 02:12:15 --> Undefined array key "nama_ketua"
#0 C:\xampp\htdocs\the-election\app\Views\admin\hasil-pemilihan.php(56): CodeIgniter\Debug\Exceptions->errorHandler(2, 'Undefined array...', 'C:\\xampp\\htdocs...', 56)
#1 C:\xampp\htdocs\the-election\vendor\codeigniter4\framework\system\View\View.php(210): include('C:\\xampp\\htdocs...')
#2 C:\xampp\htdocs\the-election\vendor\codeigniter4\framework\system\View\View.php(213): CodeIgniter\View\View->CodeIgniter\View\{closure}()
#3 C:\xampp\htdocs\the-election\vendor\codeigniter4\framework\system\Common.php(1089): CodeIgniter\View\View->render('admin/hasil-pem...', Array, true)
#4 C:\xampp\htdocs\the-election\app\Controllers\Admin\HasilPemilihanController.php(40): view('admin/hasil-pem...', Array)
#5 C:\xampp\htdocs\the-election\vendor\codeigniter4\framework\system\CodeIgniter.php(832): App\Controllers\Admin\HasilPemilihanController->index()
#6 C:\xampp\htdocs\the-election\vendor\codeigniter4\framework\system\CodeIgniter.php(419): CodeIgniter\CodeIgniter->runController(Object(App\Controllers\Admin\HasilPemilihanController))
#7 C:\xampp\htdocs\the-election\vendor\codeigniter4\framework\system\CodeIgniter.php(326): CodeIgniter\CodeIgniter->handleRequest(NULL, Object(Config\Cache), false)
#8 C:\xampp\htdocs\the-election\public\index.php(37): CodeIgniter\CodeIgniter->run()
#9 C:\xampp\htdocs\the-election\vendor\codeigniter4\framework\system\Commands\Server\rewrite.php(43): require_once('C:\\xampp\\htdocs...')
#10 {main}
CRITICAL - 2022-04-15 02:15:37 --> Cannot access offset of type string on string
#0 C:\xampp\htdocs\the-election\vendor\codeigniter4\framework\system\View\View.php(210): include()
#1 C:\xampp\htdocs\the-election\vendor\codeigniter4\framework\system\View\View.php(213): CodeIgniter\View\View->CodeIgniter\View\{closure}()
#2 C:\xampp\htdocs\the-election\vendor\codeigniter4\framework\system\Common.php(1089): CodeIgniter\View\View->render('admin/hasil-pem...', Array, true)
#3 C:\xampp\htdocs\the-election\app\Controllers\Admin\HasilPemilihanController.php(40): view('admin/hasil-pem...', Array)
#4 C:\xampp\htdocs\the-election\vendor\codeigniter4\framework\system\CodeIgniter.php(832): App\Controllers\Admin\HasilPemilihanController->index()
#5 C:\xampp\htdocs\the-election\vendor\codeigniter4\framework\system\CodeIgniter.php(419): CodeIgniter\CodeIgniter->runController(Object(App\Controllers\Admin\HasilPemilihanController))
#6 C:\xampp\htdocs\the-election\vendor\codeigniter4\framework\system\CodeIgniter.php(326): CodeIgniter\CodeIgniter->handleRequest(NULL, Object(Config\Cache), false)
#7 C:\xampp\htdocs\the-election\public\index.php(37): CodeIgniter\CodeIgniter->run()
#8 C:\xampp\htdocs\the-election\vendor\codeigniter4\framework\system\Commands\Server\rewrite.php(43): require_once('C:\\xampp\\htdocs...')
#9 {main}
CRITICAL - 2022-04-15 02:15:44 --> Undefined variable $p
#0 C:\xampp\htdocs\the-election\app\Views\admin\hasil-pemilihan.php(57): CodeIgniter\Debug\Exceptions->errorHandler(2, 'Undefined varia...', 'C:\\xampp\\htdocs...', 57)
#1 C:\xampp\htdocs\the-election\vendor\codeigniter4\framework\system\View\View.php(210): include('C:\\xampp\\htdocs...')
#2 C:\xampp\htdocs\the-election\vendor\codeigniter4\framework\system\View\View.php(213): CodeIgniter\View\View->CodeIgniter\View\{closure}()
#3 C:\xampp\htdocs\the-election\vendor\codeigniter4\framework\system\Common.php(1089): CodeIgniter\View\View->render('admin/hasil-pem...', Array, true)
#4 C:\xampp\htdocs\the-election\app\Controllers\Admin\HasilPemilihanController.php(40): view('admin/hasil-pem...', Array)
#5 C:\xampp\htdocs\the-election\vendor\codeigniter4\framework\system\CodeIgniter.php(832): App\Controllers\Admin\HasilPemilihanController->index()
#6 C:\xampp\htdocs\the-election\vendor\codeigniter4\framework\system\CodeIgniter.php(419): CodeIgniter\CodeIgniter->runController(Object(App\Controllers\Admin\HasilPemilihanController))
#7 C:\xampp\htdocs\the-election\vendor\codeigniter4\framework\system\CodeIgniter.php(326): CodeIgniter\CodeIgniter->handleRequest(NULL, Object(Config\Cache), false)
#8 C:\xampp\htdocs\the-election\public\index.php(37): CodeIgniter\CodeIgniter->run()
#9 C:\xampp\htdocs\the-election\vendor\codeigniter4\framework\system\Commands\Server\rewrite.php(43): require_once('C:\\xampp\\htdocs...')
#10 {main}
CRITICAL - 2022-04-15 02:15:49 --> Undefined variable $p
#0 C:\xampp\htdocs\the-election\app\Views\admin\hasil-pemilihan.php(57): CodeIgniter\Debug\Exceptions->errorHandler(2, 'Undefined varia...', 'C:\\xampp\\htdocs...', 57)
#1 C:\xampp\htdocs\the-election\vendor\codeigniter4\framework\system\View\View.php(210): include('C:\\xampp\\htdocs...')
#2 C:\xampp\htdocs\the-election\vendor\codeigniter4\framework\system\View\View.php(213): CodeIgniter\View\View->CodeIgniter\View\{closure}()
#3 C:\xampp\htdocs\the-election\vendor\codeigniter4\framework\system\Common.php(1089): CodeIgniter\View\View->render('admin/hasil-pem...', Array, true)
#4 C:\xampp\htdocs\the-election\app\Controllers\Admin\HasilPemilihanController.php(40): view('admin/hasil-pem...', Array)
#5 C:\xampp\htdocs\the-election\vendor\codeigniter4\framework\system\CodeIgniter.php(832): App\Controllers\Admin\HasilPemilihanController->index()
#6 C:\xampp\htdocs\the-election\vendor\codeigniter4\framework\system\CodeIgniter.php(419): CodeIgniter\CodeIgniter->runController(Object(App\Controllers\Admin\HasilPemilihanController))
#7 C:\xampp\htdocs\the-election\vendor\codeigniter4\framework\system\CodeIgniter.php(326): CodeIgniter\CodeIgniter->handleRequest(NULL, Object(Config\Cache), false)
#8 C:\xampp\htdocs\the-election\public\index.php(37): CodeIgniter\CodeIgniter->run()
#9 C:\xampp\htdocs\the-election\vendor\codeigniter4\framework\system\Commands\Server\rewrite.php(43): require_once('C:\\xampp\\htdocs...')
#10 {main}
CRITICAL - 2022-04-15 02:15:57 --> syntax error, unexpected token ",", expecting "]"
#0 C:\xampp\htdocs\the-election\vendor\codeigniter4\framework\system\View\View.php(213): CodeIgniter\View\View->CodeIgniter\View\{closure}()
#1 C:\xampp\htdocs\the-election\vendor\codeigniter4\framework\system\Common.php(1089): CodeIgniter\View\View->render('admin/hasil-pem...', Array, true)
#2 C:\xampp\htdocs\the-election\app\Controllers\Admin\HasilPemilihanController.php(40): view('admin/hasil-pem...', Array)
#3 C:\xampp\htdocs\the-election\vendor\codeigniter4\framework\system\CodeIgniter.php(832): App\Controllers\Admin\HasilPemilihanController->index()
#4 C:\xampp\htdocs\the-election\vendor\codeigniter4\framework\system\CodeIgniter.php(419): CodeIgniter\CodeIgniter->runController(Object(App\Controllers\Admin\HasilPemilihanController))
#5 C:\xampp\htdocs\the-election\vendor\codeigniter4\framework\system\CodeIgniter.php(326): CodeIgniter\CodeIgniter->handleRequest(NULL, Object(Config\Cache), false)
#6 C:\xampp\htdocs\the-election\public\index.php(37): CodeIgniter\CodeIgniter->run()
#7 C:\xampp\htdocs\the-election\vendor\codeigniter4\framework\system\Commands\Server\rewrite.php(43): require_once('C:\\xampp\\htdocs...')
#8 {main}
CRITICAL - 2022-04-15 02:16:03 --> syntax error, unexpected single-quoted string "paslon_dipilih", expecting "]"
#0 C:\xampp\htdocs\the-election\vendor\codeigniter4\framework\system\View\View.php(213): CodeIgniter\View\View->CodeIgniter\View\{closure}()
#1 C:\xampp\htdocs\the-election\vendor\codeigniter4\framework\system\Common.php(1089): CodeIgniter\View\View->render('admin/hasil-pem...', Array, true)
#2 C:\xampp\htdocs\the-election\app\Controllers\Admin\HasilPemilihanController.php(40): view('admin/hasil-pem...', Array)
#3 C:\xampp\htdocs\the-election\vendor\codeigniter4\framework\system\CodeIgniter.php(832): App\Controllers\Admin\HasilPemilihanController->index()
#4 C:\xampp\htdocs\the-election\vendor\codeigniter4\framework\system\CodeIgniter.php(419): CodeIgniter\CodeIgniter->runController(Object(App\Controllers\Admin\HasilPemilihanController))
#5 C:\xampp\htdocs\the-election\vendor\codeigniter4\framework\system\CodeIgniter.php(326): CodeIgniter\CodeIgniter->handleRequest(NULL, Object(Config\Cache), false)
#6 C:\xampp\htdocs\the-election\public\index.php(37): CodeIgniter\CodeIgniter->run()
#7 C:\xampp\htdocs\the-election\vendor\codeigniter4\framework\system\Commands\Server\rewrite.php(43): require_once('C:\\xampp\\htdocs...')
#8 {main}
CRITICAL - 2022-04-15 07:32:58 --> Undefined property: App\Controllers\Admin\DataPemilihController::$db
#0 C:\xampp\htdocs\the-election\app\Controllers\Admin\DataPemilihController.php(118): CodeIgniter\Debug\Exceptions->errorHandler(2, 'Undefined prope...', 'C:\\xampp\\htdocs...', 118)
#1 C:\xampp\htdocs\the-election\vendor\codeigniter4\framework\system\CodeIgniter.php(832): App\Controllers\Admin\DataPemilihController->create()
#2 C:\xampp\htdocs\the-election\vendor\codeigniter4\framework\system\CodeIgniter.php(419): CodeIgniter\CodeIgniter->runController(Object(App\Controllers\Admin\DataPemilihController))
#3 C:\xampp\htdocs\the-election\vendor\codeigniter4\framework\system\CodeIgniter.php(326): CodeIgniter\CodeIgniter->handleRequest(NULL, Object(Config\Cache), false)
#4 C:\xampp\htdocs\the-election\public\index.php(37): CodeIgniter\CodeIgniter->run()
#5 C:\xampp\htdocs\the-election\vendor\codeigniter4\framework\system\Commands\Server\rewrite.php(43): require_once('C:\\xampp\\htdocs...')
#6 {main}
ERROR - 2022-04-15 07:33:26 --> Unknown column 'cnIr3mWG' in 'field list'
CRITICAL - 2022-04-15 07:33:26 --> Unknown column 'cnIr3mWG' in 'field list'
#0 C:\xampp\htdocs\the-election\vendor\codeigniter4\framework\system\Database\MySQLi\Connection.php(292): mysqli->query('CALL tambahakun...', 0)
#1 C:\xampp\htdocs\the-election\vendor\codeigniter4\framework\system\Database\BaseConnection.php(670): CodeIgniter\Database\MySQLi\Connection->execute('CALL tambahakun...')
#2 C:\xampp\htdocs\the-election\vendor\codeigniter4\framework\system\Database\BaseConnection.php(598): CodeIgniter\Database\BaseConnection->simpleQuery('CALL tambahakun...')
#3 C:\xampp\htdocs\the-election\app\Controllers\Admin\DataPemilihController.php(118): CodeIgniter\Database\BaseConnection->query('CALL tambahakun...')
#4 C:\xampp\htdocs\the-election\vendor\codeigniter4\framework\system\CodeIgniter.php(832): App\Controllers\Admin\DataPemilihController->create()
#5 C:\xampp\htdocs\the-election\vendor\codeigniter4\framework\system\CodeIgniter.php(419): CodeIgniter\CodeIgniter->runController(Object(App\Controllers\Admin\DataPemilihController))
#6 C:\xampp\htdocs\the-election\vendor\codeigniter4\framework\system\CodeIgniter.php(326): CodeIgniter\CodeIgniter->handleRequest(NULL, Object(Config\Cache), false)
#7 C:\xampp\htdocs\the-election\public\index.php(37): CodeIgniter\CodeIgniter->run()
#8 C:\xampp\htdocs\the-election\vendor\codeigniter4\framework\system\Commands\Server\rewrite.php(43): require_once('C:\\xampp\\htdocs...')
#9 {main}
ERROR - 2022-04-15 07:34:28 --> Unknown column 'a89jpfJC' in 'field list'
CRITICAL - 2022-04-15 07:34:28 --> Unknown column 'a89jpfJC' in 'field list'
#0 C:\xampp\htdocs\the-election\vendor\codeigniter4\framework\system\Database\MySQLi\Connection.php(292): mysqli->query('CALL tambahakun...', 0)
#1 C:\xampp\htdocs\the-election\vendor\codeigniter4\framework\system\Database\BaseConnection.php(670): CodeIgniter\Database\MySQLi\Connection->execute('CALL tambahakun...')
#2 C:\xampp\htdocs\the-election\vendor\codeigniter4\framework\system\Database\BaseConnection.php(598): CodeIgniter\Database\BaseConnection->simpleQuery('CALL tambahakun...')
#3 C:\xampp\htdocs\the-election\app\Controllers\Admin\DataPemilihController.php(118): CodeIgniter\Database\BaseConnection->query('CALL tambahakun...')
#4 C:\xampp\htdocs\the-election\vendor\codeigniter4\framework\system\CodeIgniter.php(832): App\Controllers\Admin\DataPemilihController->create()
#5 C:\xampp\htdocs\the-election\vendor\codeigniter4\framework\system\CodeIgniter.php(419): CodeIgniter\CodeIgniter->runController(Object(App\Controllers\Admin\DataPemilihController))
#6 C:\xampp\htdocs\the-election\vendor\codeigniter4\framework\system\CodeIgniter.php(326): CodeIgniter\CodeIgniter->handleRequest(NULL, Object(Config\Cache), false)
#7 C:\xampp\htdocs\the-election\public\index.php(37): CodeIgniter\CodeIgniter->run()
#8 C:\xampp\htdocs\the-election\vendor\codeigniter4\framework\system\Commands\Server\rewrite.php(43): require_once('C:\\xampp\\htdocs...')
#9 {main}
ERROR - 2022-04-15 07:36:10 --> Unknown column '53eQxDNd' in 'field list'
CRITICAL - 2022-04-15 07:36:10 --> Unknown column '53eQxDNd' in 'field list'
#0 C:\xampp\htdocs\the-election\vendor\codeigniter4\framework\system\Database\MySQLi\Connection.php(292): mysqli->query('CALL tambahakun...', 0)
#1 C:\xampp\htdocs\the-election\vendor\codeigniter4\framework\system\Database\BaseConnection.php(670): CodeIgniter\Database\MySQLi\Connection->execute('CALL tambahakun...')
#2 C:\xampp\htdocs\the-election\vendor\codeigniter4\framework\system\Database\BaseConnection.php(598): CodeIgniter\Database\BaseConnection->simpleQuery('CALL tambahakun...')
#3 C:\xampp\htdocs\the-election\app\Controllers\Admin\DataPemilihController.php(119): CodeIgniter\Database\BaseConnection->query('CALL tambahakun...')
#4 C:\xampp\htdocs\the-election\vendor\codeigniter4\framework\system\CodeIgniter.php(832): App\Controllers\Admin\DataPemilihController->create()
#5 C:\xampp\htdocs\the-election\vendor\codeigniter4\framework\system\CodeIgniter.php(419): CodeIgniter\CodeIgniter->runController(Object(App\Controllers\Admin\DataPemilihController))
#6 C:\xampp\htdocs\the-election\vendor\codeigniter4\framework\system\CodeIgniter.php(326): CodeIgniter\CodeIgniter->handleRequest(NULL, Object(Config\Cache), false)
#7 C:\xampp\htdocs\the-election\public\index.php(37): CodeIgniter\CodeIgniter->run()
#8 C:\xampp\htdocs\the-election\vendor\codeigniter4\framework\system\Commands\Server\rewrite.php(43): require_once('C:\\xampp\\htdocs...')
#9 {main}
ERROR - 2022-04-15 07:40:43 --> Unknown column 'rh4GjJ7C' in 'field list'
CRITICAL - 2022-04-15 07:40:43 --> Unknown column 'rh4GjJ7C' in 'field list'
#0 C:\xampp\htdocs\the-election\vendor\codeigniter4\framework\system\Database\MySQLi\Connection.php(292): mysqli->query('CALL tambahakun...', 0)
#1 C:\xampp\htdocs\the-election\vendor\codeigniter4\framework\system\Database\BaseConnection.php(670): CodeIgniter\Database\MySQLi\Connection->execute('CALL tambahakun...')
#2 C:\xampp\htdocs\the-election\vendor\codeigniter4\framework\system\Database\BaseConnection.php(598): CodeIgniter\Database\BaseConnection->simpleQuery('CALL tambahakun...')
#3 C:\xampp\htdocs\the-election\vendor\codeigniter4\framework\system\Model.php(726): CodeIgniter\Database\BaseConnection->query('CALL tambahakun...')
#4 C:\xampp\htdocs\the-election\app\Controllers\Admin\DataPemilihController.php(118): CodeIgniter\Model->__call('query', Array)
#5 C:\xampp\htdocs\the-election\vendor\codeigniter4\framework\system\CodeIgniter.php(832): App\Controllers\Admin\DataPemilihController->create()
#6 C:\xampp\htdocs\the-election\vendor\codeigniter4\framework\system\CodeIgniter.php(419): CodeIgniter\CodeIgniter->runController(Object(App\Controllers\Admin\DataPemilihController))
#7 C:\xampp\htdocs\the-election\vendor\codeigniter4\framework\system\CodeIgniter.php(326): CodeIgniter\CodeIgniter->handleRequest(NULL, Object(Config\Cache), false)
#8 C:\xampp\htdocs\the-election\public\index.php(37): CodeIgniter\CodeIgniter->run()
#9 C:\xampp\htdocs\the-election\vendor\codeigniter4\framework\system\Commands\Server\rewrite.php(43): require_once('C:\\xampp\\htdocs...')
#10 {main}
CRITICAL - 2022-04-15 07:43:03 --> Call to undefined method App\Models\AkunModel::tambahakun
#0 C:\xampp\htdocs\the-election\app\Controllers\Admin\DataPemilihController.php(118): CodeIgniter\Model->__call('tambahakun', Array)
#1 C:\xampp\htdocs\the-election\vendor\codeigniter4\framework\system\CodeIgniter.php(832): App\Controllers\Admin\DataPemilihController->create()
#2 C:\xampp\htdocs\the-election\vendor\codeigniter4\framework\system\CodeIgniter.php(419): CodeIgniter\CodeIgniter->runController(Object(App\Controllers\Admin\DataPemilihController))
#3 C:\xampp\htdocs\the-election\vendor\codeigniter4\framework\system\CodeIgniter.php(326): CodeIgniter\CodeIgniter->handleRequest(NULL, Object(Config\Cache), false)
#4 C:\xampp\htdocs\the-election\public\index.php(37): CodeIgniter\CodeIgniter->run()
#5 C:\xampp\htdocs\the-election\vendor\codeigniter4\framework\system\Commands\Server\rewrite.php(43): require_once('C:\\xampp\\htdocs...')
#6 {main}
CRITICAL - 2022-04-15 08:36:00 --> Undefined array key "nama_ketua"
#0 C:\laragon\www\the-election\app\Views\pemilihan\paslon.php(28): CodeIgniter\Debug\Exceptions->errorHandler(2, 'Undefined array...', 'C:\\laragon\\www\\...', 28)
#1 C:\laragon\www\the-election\vendor\codeigniter4\framework\system\View\View.php(210): include('C:\\laragon\\www\\...')
#2 C:\laragon\www\the-election\vendor\codeigniter4\framework\system\View\View.php(213): CodeIgniter\View\View->CodeIgniter\View\{closure}()
#3 C:\laragon\www\the-election\vendor\codeigniter4\framework\system\Common.php(1089): CodeIgniter\View\View->render('pemilihan/paslo...', Array, true)
#4 C:\laragon\www\the-election\app\Controllers\Pemilih\PemilihanController.php(33): view('pemilihan/paslo...', Array)
#5 C:\laragon\www\the-election\vendor\codeigniter4\framework\system\CodeIgniter.php(832): App\Controllers\Pemilih\PemilihanController->index()
#6 C:\laragon\www\the-election\vendor\codeigniter4\framework\system\CodeIgniter.php(419): CodeIgniter\CodeIgniter->runController(Object(App\Controllers\Pemilih\PemilihanController))
#7 C:\laragon\www\the-election\vendor\codeigniter4\framework\system\CodeIgniter.php(326): CodeIgniter\CodeIgniter->handleRequest(NULL, Object(Config\Cache), false)
#8 C:\laragon\www\the-election\public\index.php(37): CodeIgniter\CodeIgniter->run()
#9 C:\laragon\www\the-election\vendor\codeigniter4\framework\system\Commands\Server\rewrite.php(43): require_once('C:\\laragon\\www\\...')
#10 {main}
ERROR - 2022-04-15 08:57:33 --> Cannot add or update a child row: a foreign key constraint fails (`the_election`.`akun`, CONSTRAINT `akun_ibfk_1` FOREIGN KEY (`nis`) REFERENCES `siswa` (`nis`))
CRITICAL - 2022-04-15 08:57:33 --> Cannot add or update a child row: a foreign key constraint fails (`the_election`.`akun`, CONSTRAINT `akun_ibfk_1` FOREIGN KEY (`nis`) REFERENCES `siswa` (`nis`))
#0 C:\laragon\www\the-election\vendor\codeigniter4\framework\system\Database\MySQLi\Connection.php(292): mysqli->query('INSERT INTO `ak...', 0)
#1 C:\laragon\www\the-election\vendor\codeigniter4\framework\system\Database\BaseConnection.php(670): CodeIgniter\Database\MySQLi\Connection->execute('INSERT INTO `ak...')
#2 C:\laragon\www\the-election\vendor\codeigniter4\framework\system\Database\BaseConnection.php(598): CodeIgniter\Database\BaseConnection->simpleQuery('INSERT INTO `ak...')
#3 C:\laragon\www\the-election\vendor\codeigniter4\framework\system\Database\BaseBuilder.php(1771): CodeIgniter\Database\BaseConnection->query('INSERT INTO `ak...', Array, false)
#4 C:\laragon\www\the-election\vendor\codeigniter4\framework\system\Model.php(239): CodeIgniter\Database\BaseBuilder->insert()
#5 C:\laragon\www\the-election\vendor\codeigniter4\framework\system\BaseModel.php(738): CodeIgniter\Model->doInsert(Array)
#6 C:\laragon\www\the-election\vendor\codeigniter4\framework\system\Model.php(625): CodeIgniter\BaseModel->insert(Array, true)
#7 C:\laragon\www\the-election\app\Controllers\Admin\DataPemilihController.php(127): CodeIgniter\Model->insert(Array)
#8 C:\laragon\www\the-election\vendor\codeigniter4\framework\system\CodeIgniter.php(832): App\Controllers\Admin\DataPemilihController->create()
#9 C:\laragon\www\the-election\vendor\codeigniter4\framework\system\CodeIgniter.php(419): CodeIgniter\CodeIgniter->runController(Object(App\Controllers\Admin\DataPemilihController))
#10 C:\laragon\www\the-election\vendor\codeigniter4\framework\system\CodeIgniter.php(326): CodeIgniter\CodeIgniter->handleRequest(NULL, Object(Config\Cache), false)
#11 C:\laragon\www\the-election\public\index.php(37): CodeIgniter\CodeIgniter->run()
#12 C:\laragon\www\the-election\vendor\codeigniter4\framework\system\Commands\Server\rewrite.php(43): require_once('C:\\laragon\\www\\...')
#13 {main}
CRITICAL - 2022-04-15 09:00:06 --> Trying to access array offset on value of type null
#0 C:\laragon\www\the-election\app\Views\admin\paslon\detail-paslon.php(27): CodeIgniter\Debug\Exceptions->errorHandler(2, 'Trying to acces...', 'C:\\laragon\\www\\...', 27)
#1 C:\laragon\www\the-election\vendor\codeigniter4\framework\system\View\View.php(210): include('C:\\laragon\\www\\...')
#2 C:\laragon\www\the-election\vendor\codeigniter4\framework\system\View\View.php(213): CodeIgniter\View\View->CodeIgniter\View\{closure}()
#3 C:\laragon\www\the-election\vendor\codeigniter4\framework\system\Common.php(1089): CodeIgniter\View\View->render('admin/paslon/de...', Array, true)
#4 C:\laragon\www\the-election\app\Controllers\Admin\DataPaslonController.php(70): view('admin/paslon/de...', Array)
#5 C:\laragon\www\the-election\vendor\codeigniter4\framework\system\CodeIgniter.php(832): App\Controllers\Admin\DataPaslonController->detail('css', 'admin', 'style.css')
#6 C:\laragon\www\the-election\vendor\codeigniter4\framework\system\CodeIgniter.php(419): CodeIgniter\CodeIgniter->runController(Object(App\Controllers\Admin\DataPaslonController))
#7 C:\laragon\www\the-election\vendor\codeigniter4\framework\system\CodeIgniter.php(326): CodeIgniter\CodeIgniter->handleRequest(NULL, Object(Config\Cache), false)
#8 C:\laragon\www\the-election\public\index.php(37): CodeIgniter\CodeIgniter->run()
#9 C:\laragon\www\the-election\vendor\codeigniter4\framework\system\Commands\Server\rewrite.php(43): require_once('C:\\laragon\\www\\...')
#10 {main}
CRITICAL - 2022-04-15 09:00:10 --> Trying to access array offset on value of type null
#0 C:\laragon\www\the-election\app\Views\admin\paslon\detail-paslon.php(27): CodeIgniter\Debug\Exceptions->errorHandler(2, 'Trying to acces...', 'C:\\laragon\\www\\...', 27)
#1 C:\laragon\www\the-election\vendor\codeigniter4\framework\system\View\View.php(210): include('C:\\laragon\\www\\...')
#2 C:\laragon\www\the-election\vendor\codeigniter4\framework\system\View\View.php(213): CodeIgniter\View\View->CodeIgniter\View\{closure}()
#3 C:\laragon\www\the-election\vendor\codeigniter4\framework\system\Common.php(1089): CodeIgniter\View\View->render('admin/paslon/de...', Array, true)
#4 C:\laragon\www\the-election\app\Controllers\Admin\DataPaslonController.php(70): view('admin/paslon/de...', Array)
#5 C:\laragon\www\the-election\vendor\codeigniter4\framework\system\CodeIgniter.php(832): App\Controllers\Admin\DataPaslonController->detail('css', 'admin', 'style.css')
#6 C:\laragon\www\the-election\vendor\codeigniter4\framework\system\CodeIgniter.php(419): CodeIgniter\CodeIgniter->runController(Object(App\Controllers\Admin\DataPaslonController))
#7 C:\laragon\www\the-election\vendor\codeigniter4\framework\system\CodeIgniter.php(326): CodeIgniter\CodeIgniter->handleRequest(NULL, Object(Config\Cache), false)
#8 C:\laragon\www\the-election\public\index.php(37): CodeIgniter\CodeIgniter->run()
#9 C:\laragon\www\the-election\vendor\codeigniter4\framework\system\Commands\Server\rewrite.php(43): require_once('C:\\laragon\\www\\...')
#10 {main}
CRITICAL - 2022-04-15 09:00:29 --> Trying to access array offset on value of type null
#0 C:\laragon\www\the-election\app\Views\admin\paslon\detail-paslon.php(27): CodeIgniter\Debug\Exceptions->errorHandler(2, 'Trying to acces...', 'C:\\laragon\\www\\...', 27)
#1 C:\laragon\www\the-election\vendor\codeigniter4\framework\system\View\View.php(210): include('C:\\laragon\\www\\...')
#2 C:\laragon\www\the-election\vendor\codeigniter4\framework\system\View\View.php(213): CodeIgniter\View\View->CodeIgniter\View\{closure}()
#3 C:\laragon\www\the-election\vendor\codeigniter4\framework\system\Common.php(1089): CodeIgniter\View\View->render('admin/paslon/de...', Array, true)
#4 C:\laragon\www\the-election\app\Controllers\Admin\DataPaslonController.php(70): view('admin/paslon/de...', Array)
#5 C:\laragon\www\the-election\vendor\codeigniter4\framework\system\CodeIgniter.php(832): App\Controllers\Admin\DataPaslonController->detail('css', 'admin', 'style.css')
#6 C:\laragon\www\the-election\vendor\codeigniter4\framework\system\CodeIgniter.php(419): CodeIgniter\CodeIgniter->runController(Object(App\Controllers\Admin\DataPaslonController))
#7 C:\laragon\www\the-election\vendor\codeigniter4\framework\system\CodeIgniter.php(326): CodeIgniter\CodeIgniter->handleRequest(NULL, Object(Config\Cache), false)
#8 C:\laragon\www\the-election\public\index.php(37): CodeIgniter\CodeIgniter->run()
#9 C:\laragon\www\the-election\vendor\codeigniter4\framework\system\Commands\Server\rewrite.php(43): require_once('C:\\laragon\\www\\...')
#10 {main}
