ERROR - 2022-04-08 21:27:13 --> Error connecting to the database: Unknown database 'the_election'
CRITICAL - 2022-04-08 21:27:13 --> Unable to connect to the database.
Main connection [MySQLi]: Unknown database 'the_election'
#0 C:\laragon\www\the-election\vendor\codeigniter4\framework\system\Database\BaseConnection.php(577): CodeIgniter\Database\BaseConnection->initialize()
#1 C:\laragon\www\the-election\vendor\codeigniter4\framework\system\Database\BaseBuilder.php(1455): CodeIgniter\Database\BaseConnection->query('SELECT *\nFROM `...', Array, false)
#2 C:\laragon\www\the-election\vendor\codeigniter4\framework\system\Model.php(183): CodeIgniter\Database\BaseBuilder->get()
#3 C:\laragon\www\the-election\vendor\codeigniter4\framework\system\BaseModel.php(584): CodeIgniter\Model->doFindAll(0, 0)
#4 C:\laragon\www\the-election\app\Controllers\PemilihanController.php(61): CodeIgniter\BaseModel->findAll()
#5 C:\laragon\www\the-election\vendor\codeigniter4\framework\system\CodeIgniter.php(832): App\Controllers\PemilihanController->paslon()
#6 C:\laragon\www\the-election\vendor\codeigniter4\framework\system\CodeIgniter.php(419): CodeIgniter\CodeIgniter->runController(Object(App\Controllers\PemilihanController))
#7 C:\laragon\www\the-election\vendor\codeigniter4\framework\system\CodeIgniter.php(326): CodeIgniter\CodeIgniter->handleRequest(NULL, Object(Config\Cache), false)
#8 C:\laragon\www\the-election\public\index.php(37): CodeIgniter\CodeIgniter->run()
#9 C:\laragon\www\the-election\vendor\codeigniter4\framework\system\Commands\Server\rewrite.php(43): require_once('C:\\laragon\\www\\...')
#10 {main}
ERROR - 2022-04-08 21:27:15 --> Error connecting to the database: Unknown database 'the_election'
CRITICAL - 2022-04-08 21:27:15 --> Unable to connect to the database.
Main connection [MySQLi]: Unknown database 'the_election'
#0 C:\laragon\www\the-election\vendor\codeigniter4\framework\system\Database\BaseConnection.php(577): CodeIgniter\Database\BaseConnection->initialize()
#1 C:\laragon\www\the-election\vendor\codeigniter4\framework\system\Database\BaseBuilder.php(1455): CodeIgniter\Database\BaseConnection->query('SELECT *\nFROM `...', Array, false)
#2 C:\laragon\www\the-election\vendor\codeigniter4\framework\system\Model.php(183): CodeIgniter\Database\BaseBuilder->get()
#3 C:\laragon\www\the-election\vendor\codeigniter4\framework\system\BaseModel.php(584): CodeIgniter\Model->doFindAll(0, 0)
#4 C:\laragon\www\the-election\app\Controllers\PemilihanController.php(61): CodeIgniter\BaseModel->findAll()
#5 C:\laragon\www\the-election\vendor\codeigniter4\framework\system\CodeIgniter.php(832): App\Controllers\PemilihanController->paslon()
#6 C:\laragon\www\the-election\vendor\codeigniter4\framework\system\CodeIgniter.php(419): CodeIgniter\CodeIgniter->runController(Object(App\Controllers\PemilihanController))
#7 C:\laragon\www\the-election\vendor\codeigniter4\framework\system\CodeIgniter.php(326): CodeIgniter\CodeIgniter->handleRequest(NULL, Object(Config\Cache), false)
#8 C:\laragon\www\the-election\public\index.php(37): CodeIgniter\CodeIgniter->run()
#9 C:\laragon\www\the-election\vendor\codeigniter4\framework\system\Commands\Server\rewrite.php(43): require_once('C:\\laragon\\www\\...')
#10 {main}
CRITICAL - 2022-04-08 21:55:29 --> Undefined property: App\Controllers\AuthController::$AuthModel
#0 C:\laragon\www\the-election\app\Controllers\AuthController.php(37): CodeIgniter\Debug\Exceptions->errorHandler(2, 'Undefined prope...', 'C:\\laragon\\www\\...', 37)
#1 C:\laragon\www\the-election\vendor\codeigniter4\framework\system\CodeIgniter.php(832): App\Controllers\AuthController->postlogin()
#2 C:\laragon\www\the-election\vendor\codeigniter4\framework\system\CodeIgniter.php(419): CodeIgniter\CodeIgniter->runController(Object(App\Controllers\AuthController))
#3 C:\laragon\www\the-election\vendor\codeigniter4\framework\system\CodeIgniter.php(326): CodeIgniter\CodeIgniter->handleRequest(NULL, Object(Config\Cache), false)
#4 C:\laragon\www\the-election\public\index.php(37): CodeIgniter\CodeIgniter->run()
#5 C:\laragon\www\the-election\vendor\codeigniter4\framework\system\Commands\Server\rewrite.php(43): require_once('C:\\laragon\\www\\...')
#6 {main}
CRITICAL - 2022-04-08 22:28:31 --> Undefined property: App\Controllers\AuthController::$AuthModel
#0 C:\laragon\www\the-election\app\Controllers\AuthController.php(37): CodeIgniter\Debug\Exceptions->errorHandler(2, 'Undefined prope...', 'C:\\laragon\\www\\...', 37)
#1 C:\laragon\www\the-election\vendor\codeigniter4\framework\system\CodeIgniter.php(832): App\Controllers\AuthController->postlogin()
#2 C:\laragon\www\the-election\vendor\codeigniter4\framework\system\CodeIgniter.php(419): CodeIgniter\CodeIgniter->runController(Object(App\Controllers\AuthController))
#3 C:\laragon\www\the-election\vendor\codeigniter4\framework\system\CodeIgniter.php(326): CodeIgniter\CodeIgniter->handleRequest(NULL, Object(Config\Cache), false)
#4 C:\laragon\www\the-election\public\index.php(37): CodeIgniter\CodeIgniter->run()
#5 C:\laragon\www\the-election\vendor\codeigniter4\framework\system\Commands\Server\rewrite.php(43): require_once('C:\\laragon\\www\\...')
#6 {main}
